[2021-02-28 09:17:33,601] {taskinstance.py:851} INFO - Dependencies all met for <TaskInstance: my_first_dag.sleep_5 2021-02-28T08:17:29.654611+00:00 [queued]>
[2021-02-28 09:17:33,619] {taskinstance.py:851} INFO - Dependencies all met for <TaskInstance: my_first_dag.sleep_5 2021-02-28T08:17:29.654611+00:00 [queued]>
[2021-02-28 09:17:33,619] {taskinstance.py:1042} INFO - 
--------------------------------------------------------------------------------
[2021-02-28 09:17:33,619] {taskinstance.py:1043} INFO - Starting attempt 1 of 1
[2021-02-28 09:17:33,619] {taskinstance.py:1044} INFO - 
--------------------------------------------------------------------------------
[2021-02-28 09:17:33,674] {taskinstance.py:1063} INFO - Executing <Task(BashOperator): sleep_5> on 2021-02-28T08:17:29.654611+00:00
[2021-02-28 09:17:33,679] {standard_task_runner.py:52} INFO - Started process 35230 to run task
[2021-02-28 09:17:33,692] {standard_task_runner.py:76} INFO - Running: ['airflow', 'tasks', 'run', 'my_first_dag', 'sleep_5', '2021-02-28T08:17:29.654611+00:00', '--job-id', '13', '--pool', 'default_pool', '--raw', '--subdir', 'DAGS_FOLDER/my_first_dag.py', '--cfg-path', '/var/folders/fh/z0rf64gj7d93005s7pxrkwm40000gn/T/tmpeqxuxu9b', '--error-file', '/var/folders/fh/z0rf64gj7d93005s7pxrkwm40000gn/T/tmpjp6a4h2q']
[2021-02-28 09:17:33,694] {standard_task_runner.py:77} INFO - Job 13: Subtask sleep_5
[2021-02-28 09:17:33,740] {logging_mixin.py:104} INFO - Running <TaskInstance: my_first_dag.sleep_5 2021-02-28T08:17:29.654611+00:00 [running]> on host 120.0.168.192.in-addr.arpa
[2021-02-28 09:17:33,801] {taskinstance.py:1255} INFO - Exporting the following env vars:
AIRFLOW_CTX_DAG_OWNER=airflow
AIRFLOW_CTX_DAG_ID=my_first_dag
AIRFLOW_CTX_TASK_ID=sleep_5
AIRFLOW_CTX_EXECUTION_DATE=2021-02-28T08:17:29.654611+00:00
AIRFLOW_CTX_DAG_RUN_ID=manual__2021-02-28T08:17:29.654611+00:00
[2021-02-28 09:17:33,802] {bash.py:135} INFO - Tmp dir root location: 
 /var/folders/fh/z0rf64gj7d93005s7pxrkwm40000gn/T
[2021-02-28 09:17:33,803] {bash.py:158} INFO - Running command: sleep 5
[2021-02-28 09:17:33,809] {bash.py:169} INFO - Output:
[2021-02-28 09:17:38,815] {bash.py:177} INFO - Command exited with return code 0
[2021-02-28 09:17:38,833] {taskinstance.py:1159} INFO - Marking task as SUCCESS. dag_id=my_first_dag, task_id=sleep_5, execution_date=20210228T081729, start_date=20210228T081733, end_date=20210228T081738
[2021-02-28 09:17:38,844] {taskinstance.py:1220} INFO - 1 downstream tasks scheduled from follow-on schedule check
[2021-02-28 09:17:38,881] {local_task_job.py:146} INFO - Task exited with return code 0
