[2021-02-28 09:16:38,154] {taskinstance.py:851} INFO - Dependencies all met for <TaskInstance: my_first_dag.sleep_5 2021-02-28T08:16:29.182049+00:00 [queued]>
[2021-02-28 09:16:38,158] {taskinstance.py:851} INFO - Dependencies all met for <TaskInstance: my_first_dag.sleep_5 2021-02-28T08:16:29.182049+00:00 [queued]>
[2021-02-28 09:16:38,158] {taskinstance.py:1042} INFO - 
--------------------------------------------------------------------------------
[2021-02-28 09:16:38,158] {taskinstance.py:1043} INFO - Starting attempt 1 of 1
[2021-02-28 09:16:38,158] {taskinstance.py:1044} INFO - 
--------------------------------------------------------------------------------
[2021-02-28 09:16:38,163] {taskinstance.py:1063} INFO - Executing <Task(BashOperator): sleep_5> on 2021-02-28T08:16:29.182049+00:00
[2021-02-28 09:16:38,165] {standard_task_runner.py:52} INFO - Started process 35194 to run task
[2021-02-28 09:16:38,171] {standard_task_runner.py:76} INFO - Running: ['airflow', 'tasks', 'run', 'my_first_dag', 'sleep_5', '2021-02-28T08:16:29.182049+00:00', '--job-id', '9', '--pool', 'default_pool', '--raw', '--subdir', 'DAGS_FOLDER/my_first_dag.py', '--cfg-path', '/var/folders/fh/z0rf64gj7d93005s7pxrkwm40000gn/T/tmpm1zcasme', '--error-file', '/var/folders/fh/z0rf64gj7d93005s7pxrkwm40000gn/T/tmprl570smg']
[2021-02-28 09:16:38,172] {standard_task_runner.py:77} INFO - Job 9: Subtask sleep_5
[2021-02-28 09:16:38,198] {logging_mixin.py:104} INFO - Running <TaskInstance: my_first_dag.sleep_5 2021-02-28T08:16:29.182049+00:00 [running]> on host 120.0.168.192.in-addr.arpa
[2021-02-28 09:16:38,221] {taskinstance.py:1255} INFO - Exporting the following env vars:
AIRFLOW_CTX_DAG_OWNER=airflow
AIRFLOW_CTX_DAG_ID=my_first_dag
AIRFLOW_CTX_TASK_ID=sleep_5
AIRFLOW_CTX_EXECUTION_DATE=2021-02-28T08:16:29.182049+00:00
AIRFLOW_CTX_DAG_RUN_ID=manual__2021-02-28T08:16:29.182049+00:00
[2021-02-28 09:16:38,221] {bash.py:135} INFO - Tmp dir root location: 
 /var/folders/fh/z0rf64gj7d93005s7pxrkwm40000gn/T
[2021-02-28 09:16:38,222] {bash.py:158} INFO - Running command: sleep 5
[2021-02-28 09:16:38,226] {bash.py:169} INFO - Output:
[2021-02-28 09:16:43,234] {bash.py:177} INFO - Command exited with return code 0
[2021-02-28 09:16:43,257] {taskinstance.py:1159} INFO - Marking task as SUCCESS. dag_id=my_first_dag, task_id=sleep_5, execution_date=20210228T081629, start_date=20210228T081638, end_date=20210228T081643
[2021-02-28 09:16:43,275] {taskinstance.py:1220} INFO - 1 downstream tasks scheduled from follow-on schedule check
[2021-02-28 09:16:43,282] {local_task_job.py:146} INFO - Task exited with return code 0
