[2021-02-28 14:16:13,476] {taskinstance.py:851} INFO - Dependencies all met for <TaskInstance: bitcoin_price_dag.storing_price 2021-02-28T13:16:03.847952+00:00 [queued]>
[2021-02-28 14:16:13,482] {taskinstance.py:851} INFO - Dependencies all met for <TaskInstance: bitcoin_price_dag.storing_price 2021-02-28T13:16:03.847952+00:00 [queued]>
[2021-02-28 14:16:13,482] {taskinstance.py:1042} INFO - 
--------------------------------------------------------------------------------
[2021-02-28 14:16:13,482] {taskinstance.py:1043} INFO - Starting attempt 1 of 1
[2021-02-28 14:16:13,482] {taskinstance.py:1044} INFO - 
--------------------------------------------------------------------------------
[2021-02-28 14:16:13,487] {taskinstance.py:1063} INFO - Executing <Task(BashOperator): storing_price> on 2021-02-28T13:16:03.847952+00:00
[2021-02-28 14:16:13,489] {standard_task_runner.py:52} INFO - Started process 49755 to run task
[2021-02-28 14:16:13,496] {standard_task_runner.py:76} INFO - Running: ['airflow', 'tasks', 'run', 'bitcoin_price_dag', 'storing_price', '2021-02-28T13:16:03.847952+00:00', '--job-id', '6', '--pool', 'default_pool', '--raw', '--subdir', 'DAGS_FOLDER/bitcoin_price_dag.py', '--cfg-path', '/var/folders/fh/z0rf64gj7d93005s7pxrkwm40000gn/T/tmp0shlzto3', '--error-file', '/var/folders/fh/z0rf64gj7d93005s7pxrkwm40000gn/T/tmplz7gk4zq']
[2021-02-28 14:16:13,497] {standard_task_runner.py:77} INFO - Job 6: Subtask storing_price
[2021-02-28 14:16:13,526] {logging_mixin.py:104} INFO - Running <TaskInstance: bitcoin_price_dag.storing_price 2021-02-28T13:16:03.847952+00:00 [running]> on host 120.0.168.192.in-addr.arpa
[2021-02-28 14:16:13,548] {taskinstance.py:1255} INFO - Exporting the following env vars:
AIRFLOW_CTX_DAG_OWNER=airflow
AIRFLOW_CTX_DAG_ID=bitcoin_price_dag
AIRFLOW_CTX_TASK_ID=storing_price
AIRFLOW_CTX_EXECUTION_DATE=2021-02-28T13:16:03.847952+00:00
AIRFLOW_CTX_DAG_RUN_ID=manual__2021-02-28T13:16:03.847952+00:00
[2021-02-28 14:16:13,548] {bash.py:135} INFO - Tmp dir root location: 
 /var/folders/fh/z0rf64gj7d93005s7pxrkwm40000gn/T
[2021-02-28 14:16:13,549] {bash.py:158} INFO - Running command: echo -e ".separator ","
.import /Users/yuyatinnefeld/Desktop/projects/airflow/data/processed_price.csv bitcoin" | sqlite3 /Users/yuyatinnefeld/Desktop/projects/airflow/airflow.db
[2021-02-28 14:16:13,554] {bash.py:169} INFO - Output:
[2021-02-28 14:16:13,590] {bash.py:177} INFO - Command exited with return code 0
[2021-02-28 14:16:13,608] {taskinstance.py:1159} INFO - Marking task as SUCCESS. dag_id=bitcoin_price_dag, task_id=storing_price, execution_date=20210228T131603, start_date=20210228T131613, end_date=20210228T131613
[2021-02-28 14:16:13,619] {taskinstance.py:1220} INFO - 0 downstream tasks scheduled from follow-on schedule check
[2021-02-28 14:16:13,631] {local_task_job.py:146} INFO - Task exited with return code 0
