[2021-02-28 14:16:11,077] {taskinstance.py:851} INFO - Dependencies all met for <TaskInstance: bitcoin_price_dag.processing_price 2021-02-28T13:16:03.847952+00:00 [queued]>
[2021-02-28 14:16:11,082] {taskinstance.py:851} INFO - Dependencies all met for <TaskInstance: bitcoin_price_dag.processing_price 2021-02-28T13:16:03.847952+00:00 [queued]>
[2021-02-28 14:16:11,082] {taskinstance.py:1042} INFO - 
--------------------------------------------------------------------------------
[2021-02-28 14:16:11,082] {taskinstance.py:1043} INFO - Starting attempt 1 of 1
[2021-02-28 14:16:11,082] {taskinstance.py:1044} INFO - 
--------------------------------------------------------------------------------
[2021-02-28 14:16:11,089] {taskinstance.py:1063} INFO - Executing <Task(PythonOperator): processing_price> on 2021-02-28T13:16:03.847952+00:00
[2021-02-28 14:16:11,091] {standard_task_runner.py:52} INFO - Started process 49752 to run task
[2021-02-28 14:16:11,099] {standard_task_runner.py:76} INFO - Running: ['airflow', 'tasks', 'run', 'bitcoin_price_dag', 'processing_price', '2021-02-28T13:16:03.847952+00:00', '--job-id', '5', '--pool', 'default_pool', '--raw', '--subdir', 'DAGS_FOLDER/bitcoin_price_dag.py', '--cfg-path', '/var/folders/fh/z0rf64gj7d93005s7pxrkwm40000gn/T/tmp44fi4gi1', '--error-file', '/var/folders/fh/z0rf64gj7d93005s7pxrkwm40000gn/T/tmpwlqc_ggw']
[2021-02-28 14:16:11,100] {standard_task_runner.py:77} INFO - Job 5: Subtask processing_price
[2021-02-28 14:16:11,137] {logging_mixin.py:104} INFO - Running <TaskInstance: bitcoin_price_dag.processing_price 2021-02-28T13:16:03.847952+00:00 [running]> on host 120.0.168.192.in-addr.arpa
[2021-02-28 14:16:11,161] {taskinstance.py:1255} INFO - Exporting the following env vars:
AIRFLOW_CTX_DAG_OWNER=airflow
AIRFLOW_CTX_DAG_ID=bitcoin_price_dag
AIRFLOW_CTX_TASK_ID=processing_price
AIRFLOW_CTX_EXECUTION_DATE=2021-02-28T13:16:03.847952+00:00
AIRFLOW_CTX_DAG_RUN_ID=manual__2021-02-28T13:16:03.847952+00:00
[2021-02-28 14:16:11,177] {python.py:118} INFO - Done. Returned value was: None
[2021-02-28 14:16:11,180] {taskinstance.py:1159} INFO - Marking task as SUCCESS. dag_id=bitcoin_price_dag, task_id=processing_price, execution_date=20210228T131603, start_date=20210228T131611, end_date=20210228T131611
[2021-02-28 14:16:11,194] {taskinstance.py:1220} INFO - 1 downstream tasks scheduled from follow-on schedule check
[2021-02-28 14:16:11,237] {local_task_job.py:146} INFO - Task exited with return code 0
