[2021-02-28 09:11:22,152] {scheduler_job.py:182} INFO - Started process (PID=34650) to work on /Users/yuyatinnefeld/Desktop/projects/airflow/venv/lib/python3.9/site-packages/airflow/example_dags/example_branch_operator.py
[2021-02-28 09:11:22,152] {scheduler_job.py:629} INFO - Processing file /Users/yuyatinnefeld/Desktop/projects/airflow/venv/lib/python3.9/site-packages/airflow/example_dags/example_branch_operator.py for tasks to queue
[2021-02-28 09:11:22,152] {logging_mixin.py:104} INFO - [2021-02-28 09:11:22,152] {dagbag.py:448} INFO - Filling up the DagBag from /Users/yuyatinnefeld/Desktop/projects/airflow/venv/lib/python3.9/site-packages/airflow/example_dags/example_branch_operator.py
[2021-02-28 09:11:22,159] {scheduler_job.py:639} INFO - DAG(s) dict_keys(['example_branch_operator']) retrieved from /Users/yuyatinnefeld/Desktop/projects/airflow/venv/lib/python3.9/site-packages/airflow/example_dags/example_branch_operator.py
[2021-02-28 09:11:22,185] {logging_mixin.py:104} INFO - [2021-02-28 09:11:22,185] {dag.py:1818} INFO - Sync 1 DAGs
[2021-02-28 09:11:22,196] {logging_mixin.py:104} INFO - [2021-02-28 09:11:22,196] {dag.py:2273} INFO - Setting next_dagrun for example_branch_operator to 2021-02-26 00:00:00+00:00
[2021-02-28 09:11:22,205] {scheduler_job.py:190} INFO - Processing /Users/yuyatinnefeld/Desktop/projects/airflow/venv/lib/python3.9/site-packages/airflow/example_dags/example_branch_operator.py took 0.054 seconds
[2021-02-28 09:12:03,466] {scheduler_job.py:182} INFO - Started process (PID=34710) to work on /Users/yuyatinnefeld/Desktop/projects/airflow/venv/lib/python3.9/site-packages/airflow/example_dags/example_branch_operator.py
[2021-02-28 09:12:03,466] {scheduler_job.py:629} INFO - Processing file /Users/yuyatinnefeld/Desktop/projects/airflow/venv/lib/python3.9/site-packages/airflow/example_dags/example_branch_operator.py for tasks to queue
[2021-02-28 09:12:03,466] {logging_mixin.py:104} INFO - [2021-02-28 09:12:03,466] {dagbag.py:448} INFO - Filling up the DagBag from /Users/yuyatinnefeld/Desktop/projects/airflow/venv/lib/python3.9/site-packages/airflow/example_dags/example_branch_operator.py
[2021-02-28 09:12:03,473] {scheduler_job.py:639} INFO - DAG(s) dict_keys(['example_branch_operator']) retrieved from /Users/yuyatinnefeld/Desktop/projects/airflow/venv/lib/python3.9/site-packages/airflow/example_dags/example_branch_operator.py
[2021-02-28 09:12:03,496] {logging_mixin.py:104} INFO - [2021-02-28 09:12:03,496] {dag.py:1818} INFO - Sync 1 DAGs
[2021-02-28 09:12:03,505] {logging_mixin.py:104} INFO - [2021-02-28 09:12:03,505] {dag.py:2273} INFO - Setting next_dagrun for example_branch_operator to 2021-02-26 00:00:00+00:00
[2021-02-28 09:12:03,514] {scheduler_job.py:190} INFO - Processing /Users/yuyatinnefeld/Desktop/projects/airflow/venv/lib/python3.9/site-packages/airflow/example_dags/example_branch_operator.py took 0.049 seconds
[2021-02-28 09:12:45,111] {scheduler_job.py:182} INFO - Started process (PID=34900) to work on /Users/yuyatinnefeld/Desktop/projects/airflow/venv/lib/python3.9/site-packages/airflow/example_dags/example_branch_operator.py
[2021-02-28 09:12:45,113] {scheduler_job.py:629} INFO - Processing file /Users/yuyatinnefeld/Desktop/projects/airflow/venv/lib/python3.9/site-packages/airflow/example_dags/example_branch_operator.py for tasks to queue
[2021-02-28 09:12:45,113] {logging_mixin.py:104} INFO - [2021-02-28 09:12:45,113] {dagbag.py:448} INFO - Filling up the DagBag from /Users/yuyatinnefeld/Desktop/projects/airflow/venv/lib/python3.9/site-packages/airflow/example_dags/example_branch_operator.py
[2021-02-28 09:12:45,121] {scheduler_job.py:639} INFO - DAG(s) dict_keys(['example_branch_operator']) retrieved from /Users/yuyatinnefeld/Desktop/projects/airflow/venv/lib/python3.9/site-packages/airflow/example_dags/example_branch_operator.py
[2021-02-28 09:12:45,151] {logging_mixin.py:104} INFO - [2021-02-28 09:12:45,151] {dag.py:1818} INFO - Sync 1 DAGs
[2021-02-28 09:12:45,165] {logging_mixin.py:104} INFO - [2021-02-28 09:12:45,165] {dag.py:2273} INFO - Setting next_dagrun for example_branch_operator to 2021-02-26 00:00:00+00:00
[2021-02-28 09:12:45,173] {scheduler_job.py:190} INFO - Processing /Users/yuyatinnefeld/Desktop/projects/airflow/venv/lib/python3.9/site-packages/airflow/example_dags/example_branch_operator.py took 0.062 seconds
[2021-02-28 09:13:29,494] {scheduler_job.py:182} INFO - Started process (PID=34941) to work on /Users/yuyatinnefeld/Desktop/projects/airflow/venv/lib/python3.9/site-packages/airflow/example_dags/example_branch_operator.py
[2021-02-28 09:13:29,495] {scheduler_job.py:629} INFO - Processing file /Users/yuyatinnefeld/Desktop/projects/airflow/venv/lib/python3.9/site-packages/airflow/example_dags/example_branch_operator.py for tasks to queue
[2021-02-28 09:13:29,495] {logging_mixin.py:104} INFO - [2021-02-28 09:13:29,495] {dagbag.py:448} INFO - Filling up the DagBag from /Users/yuyatinnefeld/Desktop/projects/airflow/venv/lib/python3.9/site-packages/airflow/example_dags/example_branch_operator.py
[2021-02-28 09:13:29,502] {scheduler_job.py:639} INFO - DAG(s) dict_keys(['example_branch_operator']) retrieved from /Users/yuyatinnefeld/Desktop/projects/airflow/venv/lib/python3.9/site-packages/airflow/example_dags/example_branch_operator.py
[2021-02-28 09:13:29,529] {logging_mixin.py:104} INFO - [2021-02-28 09:13:29,528] {dag.py:1818} INFO - Sync 1 DAGs
[2021-02-28 09:13:29,538] {logging_mixin.py:104} INFO - [2021-02-28 09:13:29,538] {dag.py:2273} INFO - Setting next_dagrun for example_branch_operator to 2021-02-26 00:00:00+00:00
[2021-02-28 09:13:29,546] {scheduler_job.py:190} INFO - Processing /Users/yuyatinnefeld/Desktop/projects/airflow/venv/lib/python3.9/site-packages/airflow/example_dags/example_branch_operator.py took 0.052 seconds
[2021-02-28 09:14:14,559] {scheduler_job.py:182} INFO - Started process (PID=34998) to work on /Users/yuyatinnefeld/Desktop/projects/airflow/venv/lib/python3.9/site-packages/airflow/example_dags/example_branch_operator.py
[2021-02-28 09:14:14,560] {scheduler_job.py:629} INFO - Processing file /Users/yuyatinnefeld/Desktop/projects/airflow/venv/lib/python3.9/site-packages/airflow/example_dags/example_branch_operator.py for tasks to queue
[2021-02-28 09:14:14,561] {logging_mixin.py:104} INFO - [2021-02-28 09:14:14,561] {dagbag.py:448} INFO - Filling up the DagBag from /Users/yuyatinnefeld/Desktop/projects/airflow/venv/lib/python3.9/site-packages/airflow/example_dags/example_branch_operator.py
[2021-02-28 09:14:14,569] {scheduler_job.py:639} INFO - DAG(s) dict_keys(['example_branch_operator']) retrieved from /Users/yuyatinnefeld/Desktop/projects/airflow/venv/lib/python3.9/site-packages/airflow/example_dags/example_branch_operator.py
[2021-02-28 09:14:14,598] {logging_mixin.py:104} INFO - [2021-02-28 09:14:14,598] {dag.py:1818} INFO - Sync 1 DAGs
[2021-02-28 09:14:14,608] {logging_mixin.py:104} INFO - [2021-02-28 09:14:14,608] {dag.py:2273} INFO - Setting next_dagrun for example_branch_operator to 2021-02-26 00:00:00+00:00
[2021-02-28 09:14:14,615] {scheduler_job.py:190} INFO - Processing /Users/yuyatinnefeld/Desktop/projects/airflow/venv/lib/python3.9/site-packages/airflow/example_dags/example_branch_operator.py took 0.056 seconds
[2021-02-28 09:15:01,349] {scheduler_job.py:182} INFO - Started process (PID=35077) to work on /Users/yuyatinnefeld/Desktop/projects/airflow/venv/lib/python3.9/site-packages/airflow/example_dags/example_branch_operator.py
[2021-02-28 09:15:01,350] {scheduler_job.py:629} INFO - Processing file /Users/yuyatinnefeld/Desktop/projects/airflow/venv/lib/python3.9/site-packages/airflow/example_dags/example_branch_operator.py for tasks to queue
[2021-02-28 09:15:01,350] {logging_mixin.py:104} INFO - [2021-02-28 09:15:01,350] {dagbag.py:448} INFO - Filling up the DagBag from /Users/yuyatinnefeld/Desktop/projects/airflow/venv/lib/python3.9/site-packages/airflow/example_dags/example_branch_operator.py
[2021-02-28 09:15:01,357] {scheduler_job.py:639} INFO - DAG(s) dict_keys(['example_branch_operator']) retrieved from /Users/yuyatinnefeld/Desktop/projects/airflow/venv/lib/python3.9/site-packages/airflow/example_dags/example_branch_operator.py
[2021-02-28 09:15:01,384] {logging_mixin.py:104} INFO - [2021-02-28 09:15:01,384] {dag.py:1818} INFO - Sync 1 DAGs
[2021-02-28 09:15:01,394] {logging_mixin.py:104} INFO - [2021-02-28 09:15:01,394] {dag.py:2273} INFO - Setting next_dagrun for example_branch_operator to 2021-02-26 00:00:00+00:00
[2021-02-28 09:15:01,403] {scheduler_job.py:190} INFO - Processing /Users/yuyatinnefeld/Desktop/projects/airflow/venv/lib/python3.9/site-packages/airflow/example_dags/example_branch_operator.py took 0.054 seconds
[2021-02-28 09:15:48,575] {scheduler_job.py:182} INFO - Started process (PID=35141) to work on /Users/yuyatinnefeld/Desktop/projects/airflow/venv/lib/python3.9/site-packages/airflow/example_dags/example_branch_operator.py
[2021-02-28 09:15:48,576] {scheduler_job.py:629} INFO - Processing file /Users/yuyatinnefeld/Desktop/projects/airflow/venv/lib/python3.9/site-packages/airflow/example_dags/example_branch_operator.py for tasks to queue
[2021-02-28 09:15:48,577] {logging_mixin.py:104} INFO - [2021-02-28 09:15:48,577] {dagbag.py:448} INFO - Filling up the DagBag from /Users/yuyatinnefeld/Desktop/projects/airflow/venv/lib/python3.9/site-packages/airflow/example_dags/example_branch_operator.py
[2021-02-28 09:15:48,591] {scheduler_job.py:639} INFO - DAG(s) dict_keys(['example_branch_operator']) retrieved from /Users/yuyatinnefeld/Desktop/projects/airflow/venv/lib/python3.9/site-packages/airflow/example_dags/example_branch_operator.py
[2021-02-28 09:15:48,638] {logging_mixin.py:104} INFO - [2021-02-28 09:15:48,637] {dag.py:1818} INFO - Sync 1 DAGs
[2021-02-28 09:15:48,655] {logging_mixin.py:104} INFO - [2021-02-28 09:15:48,655] {dag.py:2273} INFO - Setting next_dagrun for example_branch_operator to 2021-02-26 00:00:00+00:00
[2021-02-28 09:15:48,681] {scheduler_job.py:190} INFO - Processing /Users/yuyatinnefeld/Desktop/projects/airflow/venv/lib/python3.9/site-packages/airflow/example_dags/example_branch_operator.py took 0.106 seconds
