[2021-02-28 09:11:30,474] {scheduler_job.py:182} INFO - Started process (PID=34655) to work on /Users/yuyatinnefeld/Desktop/projects/airflow/venv/lib/python3.9/site-packages/airflow/example_dags/example_kubernetes_executor_config.py
[2021-02-28 09:11:30,475] {scheduler_job.py:629} INFO - Processing file /Users/yuyatinnefeld/Desktop/projects/airflow/venv/lib/python3.9/site-packages/airflow/example_dags/example_kubernetes_executor_config.py for tasks to queue
[2021-02-28 09:11:30,475] {logging_mixin.py:104} INFO - [2021-02-28 09:11:30,475] {dagbag.py:448} INFO - Filling up the DagBag from /Users/yuyatinnefeld/Desktop/projects/airflow/venv/lib/python3.9/site-packages/airflow/example_dags/example_kubernetes_executor_config.py
[2021-02-28 09:11:30,482] {logging_mixin.py:104} INFO - [2021-02-28 09:11:30,482] {example_kubernetes_executor_config.py:174} WARNING - Could not import DAGs in example_kubernetes_executor_config.py: No module named 'kubernetes'
[2021-02-28 09:11:30,482] {logging_mixin.py:104} INFO - [2021-02-28 09:11:30,482] {example_kubernetes_executor_config.py:175} WARNING - Install kubernetes dependencies with: pip install apache-airflow['cncf.kubernetes']
[2021-02-28 09:11:30,483] {scheduler_job.py:641} WARNING - No viable dags retrieved from /Users/yuyatinnefeld/Desktop/projects/airflow/venv/lib/python3.9/site-packages/airflow/example_dags/example_kubernetes_executor_config.py
[2021-02-28 09:11:30,504] {scheduler_job.py:190} INFO - Processing /Users/yuyatinnefeld/Desktop/projects/airflow/venv/lib/python3.9/site-packages/airflow/example_dags/example_kubernetes_executor_config.py took 0.030 seconds
[2021-02-28 09:12:14,277] {scheduler_job.py:182} INFO - Started process (PID=34763) to work on /Users/yuyatinnefeld/Desktop/projects/airflow/venv/lib/python3.9/site-packages/airflow/example_dags/example_kubernetes_executor_config.py
[2021-02-28 09:12:14,279] {scheduler_job.py:629} INFO - Processing file /Users/yuyatinnefeld/Desktop/projects/airflow/venv/lib/python3.9/site-packages/airflow/example_dags/example_kubernetes_executor_config.py for tasks to queue
[2021-02-28 09:12:14,279] {logging_mixin.py:104} INFO - [2021-02-28 09:12:14,279] {dagbag.py:448} INFO - Filling up the DagBag from /Users/yuyatinnefeld/Desktop/projects/airflow/venv/lib/python3.9/site-packages/airflow/example_dags/example_kubernetes_executor_config.py
[2021-02-28 09:12:14,284] {logging_mixin.py:104} INFO - [2021-02-28 09:12:14,284] {example_kubernetes_executor_config.py:174} WARNING - Could not import DAGs in example_kubernetes_executor_config.py: No module named 'kubernetes'
[2021-02-28 09:12:14,284] {logging_mixin.py:104} INFO - [2021-02-28 09:12:14,284] {example_kubernetes_executor_config.py:175} WARNING - Install kubernetes dependencies with: pip install apache-airflow['cncf.kubernetes']
[2021-02-28 09:12:14,284] {scheduler_job.py:641} WARNING - No viable dags retrieved from /Users/yuyatinnefeld/Desktop/projects/airflow/venv/lib/python3.9/site-packages/airflow/example_dags/example_kubernetes_executor_config.py
[2021-02-28 09:12:14,305] {scheduler_job.py:190} INFO - Processing /Users/yuyatinnefeld/Desktop/projects/airflow/venv/lib/python3.9/site-packages/airflow/example_dags/example_kubernetes_executor_config.py took 0.029 seconds
[2021-02-28 09:12:57,289] {scheduler_job.py:182} INFO - Started process (PID=34912) to work on /Users/yuyatinnefeld/Desktop/projects/airflow/venv/lib/python3.9/site-packages/airflow/example_dags/example_kubernetes_executor_config.py
[2021-02-28 09:12:57,291] {scheduler_job.py:629} INFO - Processing file /Users/yuyatinnefeld/Desktop/projects/airflow/venv/lib/python3.9/site-packages/airflow/example_dags/example_kubernetes_executor_config.py for tasks to queue
[2021-02-28 09:12:57,292] {logging_mixin.py:104} INFO - [2021-02-28 09:12:57,292] {dagbag.py:448} INFO - Filling up the DagBag from /Users/yuyatinnefeld/Desktop/projects/airflow/venv/lib/python3.9/site-packages/airflow/example_dags/example_kubernetes_executor_config.py
[2021-02-28 09:12:57,298] {logging_mixin.py:104} INFO - [2021-02-28 09:12:57,298] {example_kubernetes_executor_config.py:174} WARNING - Could not import DAGs in example_kubernetes_executor_config.py: No module named 'kubernetes'
[2021-02-28 09:12:57,298] {logging_mixin.py:104} INFO - [2021-02-28 09:12:57,298] {example_kubernetes_executor_config.py:175} WARNING - Install kubernetes dependencies with: pip install apache-airflow['cncf.kubernetes']
[2021-02-28 09:12:57,298] {scheduler_job.py:641} WARNING - No viable dags retrieved from /Users/yuyatinnefeld/Desktop/projects/airflow/venv/lib/python3.9/site-packages/airflow/example_dags/example_kubernetes_executor_config.py
[2021-02-28 09:12:57,319] {scheduler_job.py:190} INFO - Processing /Users/yuyatinnefeld/Desktop/projects/airflow/venv/lib/python3.9/site-packages/airflow/example_dags/example_kubernetes_executor_config.py took 0.031 seconds
[2021-02-28 09:13:41,484] {scheduler_job.py:182} INFO - Started process (PID=34954) to work on /Users/yuyatinnefeld/Desktop/projects/airflow/venv/lib/python3.9/site-packages/airflow/example_dags/example_kubernetes_executor_config.py
[2021-02-28 09:13:41,484] {scheduler_job.py:629} INFO - Processing file /Users/yuyatinnefeld/Desktop/projects/airflow/venv/lib/python3.9/site-packages/airflow/example_dags/example_kubernetes_executor_config.py for tasks to queue
[2021-02-28 09:13:41,484] {logging_mixin.py:104} INFO - [2021-02-28 09:13:41,484] {dagbag.py:448} INFO - Filling up the DagBag from /Users/yuyatinnefeld/Desktop/projects/airflow/venv/lib/python3.9/site-packages/airflow/example_dags/example_kubernetes_executor_config.py
[2021-02-28 09:13:41,487] {logging_mixin.py:104} INFO - [2021-02-28 09:13:41,487] {example_kubernetes_executor_config.py:174} WARNING - Could not import DAGs in example_kubernetes_executor_config.py: No module named 'kubernetes'
[2021-02-28 09:13:41,487] {logging_mixin.py:104} INFO - [2021-02-28 09:13:41,487] {example_kubernetes_executor_config.py:175} WARNING - Install kubernetes dependencies with: pip install apache-airflow['cncf.kubernetes']
[2021-02-28 09:13:41,488] {scheduler_job.py:641} WARNING - No viable dags retrieved from /Users/yuyatinnefeld/Desktop/projects/airflow/venv/lib/python3.9/site-packages/airflow/example_dags/example_kubernetes_executor_config.py
[2021-02-28 09:13:41,506] {scheduler_job.py:190} INFO - Processing /Users/yuyatinnefeld/Desktop/projects/airflow/venv/lib/python3.9/site-packages/airflow/example_dags/example_kubernetes_executor_config.py took 0.023 seconds
[2021-02-28 09:14:30,251] {scheduler_job.py:182} INFO - Started process (PID=35013) to work on /Users/yuyatinnefeld/Desktop/projects/airflow/venv/lib/python3.9/site-packages/airflow/example_dags/example_kubernetes_executor_config.py
[2021-02-28 09:14:30,253] {scheduler_job.py:629} INFO - Processing file /Users/yuyatinnefeld/Desktop/projects/airflow/venv/lib/python3.9/site-packages/airflow/example_dags/example_kubernetes_executor_config.py for tasks to queue
[2021-02-28 09:14:30,253] {logging_mixin.py:104} INFO - [2021-02-28 09:14:30,253] {dagbag.py:448} INFO - Filling up the DagBag from /Users/yuyatinnefeld/Desktop/projects/airflow/venv/lib/python3.9/site-packages/airflow/example_dags/example_kubernetes_executor_config.py
[2021-02-28 09:14:30,257] {logging_mixin.py:104} INFO - [2021-02-28 09:14:30,257] {example_kubernetes_executor_config.py:174} WARNING - Could not import DAGs in example_kubernetes_executor_config.py: No module named 'kubernetes'
[2021-02-28 09:14:30,257] {logging_mixin.py:104} INFO - [2021-02-28 09:14:30,257] {example_kubernetes_executor_config.py:175} WARNING - Install kubernetes dependencies with: pip install apache-airflow['cncf.kubernetes']
[2021-02-28 09:14:30,257] {scheduler_job.py:641} WARNING - No viable dags retrieved from /Users/yuyatinnefeld/Desktop/projects/airflow/venv/lib/python3.9/site-packages/airflow/example_dags/example_kubernetes_executor_config.py
[2021-02-28 09:14:30,276] {scheduler_job.py:190} INFO - Processing /Users/yuyatinnefeld/Desktop/projects/airflow/venv/lib/python3.9/site-packages/airflow/example_dags/example_kubernetes_executor_config.py took 0.025 seconds
[2021-02-28 09:15:15,026] {scheduler_job.py:182} INFO - Started process (PID=35099) to work on /Users/yuyatinnefeld/Desktop/projects/airflow/venv/lib/python3.9/site-packages/airflow/example_dags/example_kubernetes_executor_config.py
[2021-02-28 09:15:15,026] {scheduler_job.py:629} INFO - Processing file /Users/yuyatinnefeld/Desktop/projects/airflow/venv/lib/python3.9/site-packages/airflow/example_dags/example_kubernetes_executor_config.py for tasks to queue
[2021-02-28 09:15:15,026] {logging_mixin.py:104} INFO - [2021-02-28 09:15:15,026] {dagbag.py:448} INFO - Filling up the DagBag from /Users/yuyatinnefeld/Desktop/projects/airflow/venv/lib/python3.9/site-packages/airflow/example_dags/example_kubernetes_executor_config.py
[2021-02-28 09:15:15,029] {logging_mixin.py:104} INFO - [2021-02-28 09:15:15,029] {example_kubernetes_executor_config.py:174} WARNING - Could not import DAGs in example_kubernetes_executor_config.py: No module named 'kubernetes'
[2021-02-28 09:15:15,029] {logging_mixin.py:104} INFO - [2021-02-28 09:15:15,029] {example_kubernetes_executor_config.py:175} WARNING - Install kubernetes dependencies with: pip install apache-airflow['cncf.kubernetes']
[2021-02-28 09:15:15,030] {scheduler_job.py:641} WARNING - No viable dags retrieved from /Users/yuyatinnefeld/Desktop/projects/airflow/venv/lib/python3.9/site-packages/airflow/example_dags/example_kubernetes_executor_config.py
[2021-02-28 09:15:15,050] {scheduler_job.py:190} INFO - Processing /Users/yuyatinnefeld/Desktop/projects/airflow/venv/lib/python3.9/site-packages/airflow/example_dags/example_kubernetes_executor_config.py took 0.024 seconds
[2021-02-28 09:16:04,833] {scheduler_job.py:182} INFO - Started process (PID=35151) to work on /Users/yuyatinnefeld/Desktop/projects/airflow/venv/lib/python3.9/site-packages/airflow/example_dags/example_kubernetes_executor_config.py
[2021-02-28 09:16:04,834] {scheduler_job.py:629} INFO - Processing file /Users/yuyatinnefeld/Desktop/projects/airflow/venv/lib/python3.9/site-packages/airflow/example_dags/example_kubernetes_executor_config.py for tasks to queue
[2021-02-28 09:16:04,835] {logging_mixin.py:104} INFO - [2021-02-28 09:16:04,835] {dagbag.py:448} INFO - Filling up the DagBag from /Users/yuyatinnefeld/Desktop/projects/airflow/venv/lib/python3.9/site-packages/airflow/example_dags/example_kubernetes_executor_config.py
[2021-02-28 09:16:04,839] {logging_mixin.py:104} INFO - [2021-02-28 09:16:04,839] {example_kubernetes_executor_config.py:174} WARNING - Could not import DAGs in example_kubernetes_executor_config.py: No module named 'kubernetes'
[2021-02-28 09:16:04,839] {logging_mixin.py:104} INFO - [2021-02-28 09:16:04,839] {example_kubernetes_executor_config.py:175} WARNING - Install kubernetes dependencies with: pip install apache-airflow['cncf.kubernetes']
[2021-02-28 09:16:04,840] {scheduler_job.py:641} WARNING - No viable dags retrieved from /Users/yuyatinnefeld/Desktop/projects/airflow/venv/lib/python3.9/site-packages/airflow/example_dags/example_kubernetes_executor_config.py
[2021-02-28 09:16:04,859] {scheduler_job.py:190} INFO - Processing /Users/yuyatinnefeld/Desktop/projects/airflow/venv/lib/python3.9/site-packages/airflow/example_dags/example_kubernetes_executor_config.py took 0.026 seconds
