[2021-02-28 09:11:19,532] {scheduler_job.py:182} INFO - Started process (PID=34648) to work on /Users/yuyatinnefeld/Desktop/projects/airflow/venv/lib/python3.9/site-packages/airflow/example_dags/example_short_circuit_operator.py
[2021-02-28 09:11:19,532] {scheduler_job.py:629} INFO - Processing file /Users/yuyatinnefeld/Desktop/projects/airflow/venv/lib/python3.9/site-packages/airflow/example_dags/example_short_circuit_operator.py for tasks to queue
[2021-02-28 09:11:19,533] {logging_mixin.py:104} INFO - [2021-02-28 09:11:19,533] {dagbag.py:448} INFO - Filling up the DagBag from /Users/yuyatinnefeld/Desktop/projects/airflow/venv/lib/python3.9/site-packages/airflow/example_dags/example_short_circuit_operator.py
[2021-02-28 09:11:19,539] {scheduler_job.py:639} INFO - DAG(s) dict_keys(['example_short_circuit_operator']) retrieved from /Users/yuyatinnefeld/Desktop/projects/airflow/venv/lib/python3.9/site-packages/airflow/example_dags/example_short_circuit_operator.py
[2021-02-28 09:11:19,564] {logging_mixin.py:104} INFO - [2021-02-28 09:11:19,564] {dag.py:1818} INFO - Sync 1 DAGs
[2021-02-28 09:11:19,570] {logging_mixin.py:104} INFO - [2021-02-28 09:11:19,570] {dag.py:2273} INFO - Setting next_dagrun for example_short_circuit_operator to 2021-02-26 00:00:00+00:00
[2021-02-28 09:11:19,574] {scheduler_job.py:190} INFO - Processing /Users/yuyatinnefeld/Desktop/projects/airflow/venv/lib/python3.9/site-packages/airflow/example_dags/example_short_circuit_operator.py took 0.043 seconds
[2021-02-28 09:12:01,809] {scheduler_job.py:182} INFO - Started process (PID=34709) to work on /Users/yuyatinnefeld/Desktop/projects/airflow/venv/lib/python3.9/site-packages/airflow/example_dags/example_short_circuit_operator.py
[2021-02-28 09:12:01,809] {scheduler_job.py:629} INFO - Processing file /Users/yuyatinnefeld/Desktop/projects/airflow/venv/lib/python3.9/site-packages/airflow/example_dags/example_short_circuit_operator.py for tasks to queue
[2021-02-28 09:12:01,809] {logging_mixin.py:104} INFO - [2021-02-28 09:12:01,809] {dagbag.py:448} INFO - Filling up the DagBag from /Users/yuyatinnefeld/Desktop/projects/airflow/venv/lib/python3.9/site-packages/airflow/example_dags/example_short_circuit_operator.py
[2021-02-28 09:12:01,815] {scheduler_job.py:639} INFO - DAG(s) dict_keys(['example_short_circuit_operator']) retrieved from /Users/yuyatinnefeld/Desktop/projects/airflow/venv/lib/python3.9/site-packages/airflow/example_dags/example_short_circuit_operator.py
[2021-02-28 09:12:01,837] {logging_mixin.py:104} INFO - [2021-02-28 09:12:01,837] {dag.py:1818} INFO - Sync 1 DAGs
[2021-02-28 09:12:01,842] {logging_mixin.py:104} INFO - [2021-02-28 09:12:01,842] {dag.py:2273} INFO - Setting next_dagrun for example_short_circuit_operator to 2021-02-26 00:00:00+00:00
[2021-02-28 09:12:01,846] {scheduler_job.py:190} INFO - Processing /Users/yuyatinnefeld/Desktop/projects/airflow/venv/lib/python3.9/site-packages/airflow/example_dags/example_short_circuit_operator.py took 0.038 seconds
[2021-02-28 09:12:43,336] {scheduler_job.py:182} INFO - Started process (PID=34895) to work on /Users/yuyatinnefeld/Desktop/projects/airflow/venv/lib/python3.9/site-packages/airflow/example_dags/example_short_circuit_operator.py
[2021-02-28 09:12:43,338] {scheduler_job.py:629} INFO - Processing file /Users/yuyatinnefeld/Desktop/projects/airflow/venv/lib/python3.9/site-packages/airflow/example_dags/example_short_circuit_operator.py for tasks to queue
[2021-02-28 09:12:43,338] {logging_mixin.py:104} INFO - [2021-02-28 09:12:43,338] {dagbag.py:448} INFO - Filling up the DagBag from /Users/yuyatinnefeld/Desktop/projects/airflow/venv/lib/python3.9/site-packages/airflow/example_dags/example_short_circuit_operator.py
[2021-02-28 09:12:43,344] {scheduler_job.py:639} INFO - DAG(s) dict_keys(['example_short_circuit_operator']) retrieved from /Users/yuyatinnefeld/Desktop/projects/airflow/venv/lib/python3.9/site-packages/airflow/example_dags/example_short_circuit_operator.py
[2021-02-28 09:12:43,370] {logging_mixin.py:104} INFO - [2021-02-28 09:12:43,370] {dag.py:1818} INFO - Sync 1 DAGs
[2021-02-28 09:12:43,376] {logging_mixin.py:104} INFO - [2021-02-28 09:12:43,375] {dag.py:2273} INFO - Setting next_dagrun for example_short_circuit_operator to 2021-02-26 00:00:00+00:00
[2021-02-28 09:12:43,380] {scheduler_job.py:190} INFO - Processing /Users/yuyatinnefeld/Desktop/projects/airflow/venv/lib/python3.9/site-packages/airflow/example_dags/example_short_circuit_operator.py took 0.044 seconds
[2021-02-28 09:13:27,778] {scheduler_job.py:182} INFO - Started process (PID=34940) to work on /Users/yuyatinnefeld/Desktop/projects/airflow/venv/lib/python3.9/site-packages/airflow/example_dags/example_short_circuit_operator.py
[2021-02-28 09:13:27,778] {scheduler_job.py:629} INFO - Processing file /Users/yuyatinnefeld/Desktop/projects/airflow/venv/lib/python3.9/site-packages/airflow/example_dags/example_short_circuit_operator.py for tasks to queue
[2021-02-28 09:13:27,778] {logging_mixin.py:104} INFO - [2021-02-28 09:13:27,778] {dagbag.py:448} INFO - Filling up the DagBag from /Users/yuyatinnefeld/Desktop/projects/airflow/venv/lib/python3.9/site-packages/airflow/example_dags/example_short_circuit_operator.py
[2021-02-28 09:13:27,784] {scheduler_job.py:639} INFO - DAG(s) dict_keys(['example_short_circuit_operator']) retrieved from /Users/yuyatinnefeld/Desktop/projects/airflow/venv/lib/python3.9/site-packages/airflow/example_dags/example_short_circuit_operator.py
[2021-02-28 09:13:27,806] {logging_mixin.py:104} INFO - [2021-02-28 09:13:27,806] {dag.py:1818} INFO - Sync 1 DAGs
[2021-02-28 09:13:27,811] {logging_mixin.py:104} INFO - [2021-02-28 09:13:27,811] {dag.py:2273} INFO - Setting next_dagrun for example_short_circuit_operator to 2021-02-26 00:00:00+00:00
[2021-02-28 09:13:27,815] {scheduler_job.py:190} INFO - Processing /Users/yuyatinnefeld/Desktop/projects/airflow/venv/lib/python3.9/site-packages/airflow/example_dags/example_short_circuit_operator.py took 0.038 seconds
[2021-02-28 09:14:12,772] {scheduler_job.py:182} INFO - Started process (PID=34996) to work on /Users/yuyatinnefeld/Desktop/projects/airflow/venv/lib/python3.9/site-packages/airflow/example_dags/example_short_circuit_operator.py
[2021-02-28 09:14:12,774] {scheduler_job.py:629} INFO - Processing file /Users/yuyatinnefeld/Desktop/projects/airflow/venv/lib/python3.9/site-packages/airflow/example_dags/example_short_circuit_operator.py for tasks to queue
[2021-02-28 09:14:12,775] {logging_mixin.py:104} INFO - [2021-02-28 09:14:12,775] {dagbag.py:448} INFO - Filling up the DagBag from /Users/yuyatinnefeld/Desktop/projects/airflow/venv/lib/python3.9/site-packages/airflow/example_dags/example_short_circuit_operator.py
[2021-02-28 09:14:12,783] {scheduler_job.py:639} INFO - DAG(s) dict_keys(['example_short_circuit_operator']) retrieved from /Users/yuyatinnefeld/Desktop/projects/airflow/venv/lib/python3.9/site-packages/airflow/example_dags/example_short_circuit_operator.py
[2021-02-28 09:14:12,809] {logging_mixin.py:104} INFO - [2021-02-28 09:14:12,809] {dag.py:1818} INFO - Sync 1 DAGs
[2021-02-28 09:14:12,815] {logging_mixin.py:104} INFO - [2021-02-28 09:14:12,815] {dag.py:2273} INFO - Setting next_dagrun for example_short_circuit_operator to 2021-02-26 00:00:00+00:00
[2021-02-28 09:14:12,819] {scheduler_job.py:190} INFO - Processing /Users/yuyatinnefeld/Desktop/projects/airflow/venv/lib/python3.9/site-packages/airflow/example_dags/example_short_circuit_operator.py took 0.047 seconds
[2021-02-28 09:14:57,891] {scheduler_job.py:182} INFO - Started process (PID=35045) to work on /Users/yuyatinnefeld/Desktop/projects/airflow/venv/lib/python3.9/site-packages/airflow/example_dags/example_short_circuit_operator.py
[2021-02-28 09:14:57,891] {scheduler_job.py:629} INFO - Processing file /Users/yuyatinnefeld/Desktop/projects/airflow/venv/lib/python3.9/site-packages/airflow/example_dags/example_short_circuit_operator.py for tasks to queue
[2021-02-28 09:14:57,891] {logging_mixin.py:104} INFO - [2021-02-28 09:14:57,891] {dagbag.py:448} INFO - Filling up the DagBag from /Users/yuyatinnefeld/Desktop/projects/airflow/venv/lib/python3.9/site-packages/airflow/example_dags/example_short_circuit_operator.py
[2021-02-28 09:14:57,896] {scheduler_job.py:639} INFO - DAG(s) dict_keys(['example_short_circuit_operator']) retrieved from /Users/yuyatinnefeld/Desktop/projects/airflow/venv/lib/python3.9/site-packages/airflow/example_dags/example_short_circuit_operator.py
[2021-02-28 09:14:57,919] {logging_mixin.py:104} INFO - [2021-02-28 09:14:57,919] {dag.py:1818} INFO - Sync 1 DAGs
[2021-02-28 09:14:57,924] {logging_mixin.py:104} INFO - [2021-02-28 09:14:57,924] {dag.py:2273} INFO - Setting next_dagrun for example_short_circuit_operator to 2021-02-26 00:00:00+00:00
[2021-02-28 09:14:57,928] {scheduler_job.py:190} INFO - Processing /Users/yuyatinnefeld/Desktop/projects/airflow/venv/lib/python3.9/site-packages/airflow/example_dags/example_short_circuit_operator.py took 0.038 seconds
[2021-02-28 09:15:44,564] {scheduler_job.py:182} INFO - Started process (PID=35134) to work on /Users/yuyatinnefeld/Desktop/projects/airflow/venv/lib/python3.9/site-packages/airflow/example_dags/example_short_circuit_operator.py
[2021-02-28 09:15:44,566] {scheduler_job.py:629} INFO - Processing file /Users/yuyatinnefeld/Desktop/projects/airflow/venv/lib/python3.9/site-packages/airflow/example_dags/example_short_circuit_operator.py for tasks to queue
[2021-02-28 09:15:44,566] {logging_mixin.py:104} INFO - [2021-02-28 09:15:44,566] {dagbag.py:448} INFO - Filling up the DagBag from /Users/yuyatinnefeld/Desktop/projects/airflow/venv/lib/python3.9/site-packages/airflow/example_dags/example_short_circuit_operator.py
[2021-02-28 09:15:44,572] {scheduler_job.py:639} INFO - DAG(s) dict_keys(['example_short_circuit_operator']) retrieved from /Users/yuyatinnefeld/Desktop/projects/airflow/venv/lib/python3.9/site-packages/airflow/example_dags/example_short_circuit_operator.py
[2021-02-28 09:15:44,597] {logging_mixin.py:104} INFO - [2021-02-28 09:15:44,597] {dag.py:1818} INFO - Sync 1 DAGs
[2021-02-28 09:15:44,605] {logging_mixin.py:104} INFO - [2021-02-28 09:15:44,605] {dag.py:2273} INFO - Setting next_dagrun for example_short_circuit_operator to 2021-02-26 00:00:00+00:00
[2021-02-28 09:15:44,611] {scheduler_job.py:190} INFO - Processing /Users/yuyatinnefeld/Desktop/projects/airflow/venv/lib/python3.9/site-packages/airflow/example_dags/example_short_circuit_operator.py took 0.047 seconds
