[2021-02-28 09:11:16,038] {scheduler_job.py:182} INFO - Started process (PID=34644) to work on /Users/yuyatinnefeld/Desktop/projects/airflow/venv/lib/python3.9/site-packages/airflow/example_dags/example_nested_branch_dag.py
[2021-02-28 09:11:16,038] {scheduler_job.py:629} INFO - Processing file /Users/yuyatinnefeld/Desktop/projects/airflow/venv/lib/python3.9/site-packages/airflow/example_dags/example_nested_branch_dag.py for tasks to queue
[2021-02-28 09:11:16,038] {logging_mixin.py:104} INFO - [2021-02-28 09:11:16,038] {dagbag.py:448} INFO - Filling up the DagBag from /Users/yuyatinnefeld/Desktop/projects/airflow/venv/lib/python3.9/site-packages/airflow/example_dags/example_nested_branch_dag.py
[2021-02-28 09:11:16,051] {scheduler_job.py:639} INFO - DAG(s) dict_keys(['example_nested_branch_dag']) retrieved from /Users/yuyatinnefeld/Desktop/projects/airflow/venv/lib/python3.9/site-packages/airflow/example_dags/example_nested_branch_dag.py
[2021-02-28 09:11:16,079] {logging_mixin.py:104} INFO - [2021-02-28 09:11:16,079] {dag.py:1818} INFO - Sync 1 DAGs
[2021-02-28 09:11:16,088] {logging_mixin.py:104} INFO - [2021-02-28 09:11:16,088] {dag.py:2273} INFO - Setting next_dagrun for example_nested_branch_dag to 2021-02-26 00:00:00+00:00
[2021-02-28 09:11:16,096] {scheduler_job.py:190} INFO - Processing /Users/yuyatinnefeld/Desktop/projects/airflow/venv/lib/python3.9/site-packages/airflow/example_dags/example_nested_branch_dag.py took 0.058 seconds
[2021-02-28 09:11:57,765] {scheduler_job.py:182} INFO - Started process (PID=34702) to work on /Users/yuyatinnefeld/Desktop/projects/airflow/venv/lib/python3.9/site-packages/airflow/example_dags/example_nested_branch_dag.py
[2021-02-28 09:11:57,767] {scheduler_job.py:629} INFO - Processing file /Users/yuyatinnefeld/Desktop/projects/airflow/venv/lib/python3.9/site-packages/airflow/example_dags/example_nested_branch_dag.py for tasks to queue
[2021-02-28 09:11:57,767] {logging_mixin.py:104} INFO - [2021-02-28 09:11:57,767] {dagbag.py:448} INFO - Filling up the DagBag from /Users/yuyatinnefeld/Desktop/projects/airflow/venv/lib/python3.9/site-packages/airflow/example_dags/example_nested_branch_dag.py
[2021-02-28 09:11:57,775] {scheduler_job.py:639} INFO - DAG(s) dict_keys(['example_nested_branch_dag']) retrieved from /Users/yuyatinnefeld/Desktop/projects/airflow/venv/lib/python3.9/site-packages/airflow/example_dags/example_nested_branch_dag.py
[2021-02-28 09:11:57,799] {logging_mixin.py:104} INFO - [2021-02-28 09:11:57,799] {dag.py:1818} INFO - Sync 1 DAGs
[2021-02-28 09:11:57,809] {logging_mixin.py:104} INFO - [2021-02-28 09:11:57,809] {dag.py:2273} INFO - Setting next_dagrun for example_nested_branch_dag to 2021-02-26 00:00:00+00:00
[2021-02-28 09:11:57,816] {scheduler_job.py:190} INFO - Processing /Users/yuyatinnefeld/Desktop/projects/airflow/venv/lib/python3.9/site-packages/airflow/example_dags/example_nested_branch_dag.py took 0.052 seconds
[2021-02-28 09:12:38,234] {scheduler_job.py:182} INFO - Started process (PID=34888) to work on /Users/yuyatinnefeld/Desktop/projects/airflow/venv/lib/python3.9/site-packages/airflow/example_dags/example_nested_branch_dag.py
[2021-02-28 09:12:38,236] {scheduler_job.py:629} INFO - Processing file /Users/yuyatinnefeld/Desktop/projects/airflow/venv/lib/python3.9/site-packages/airflow/example_dags/example_nested_branch_dag.py for tasks to queue
[2021-02-28 09:12:38,237] {logging_mixin.py:104} INFO - [2021-02-28 09:12:38,237] {dagbag.py:448} INFO - Filling up the DagBag from /Users/yuyatinnefeld/Desktop/projects/airflow/venv/lib/python3.9/site-packages/airflow/example_dags/example_nested_branch_dag.py
[2021-02-28 09:12:38,247] {scheduler_job.py:639} INFO - DAG(s) dict_keys(['example_nested_branch_dag']) retrieved from /Users/yuyatinnefeld/Desktop/projects/airflow/venv/lib/python3.9/site-packages/airflow/example_dags/example_nested_branch_dag.py
[2021-02-28 09:12:38,272] {logging_mixin.py:104} INFO - [2021-02-28 09:12:38,272] {dag.py:1818} INFO - Sync 1 DAGs
[2021-02-28 09:12:38,282] {logging_mixin.py:104} INFO - [2021-02-28 09:12:38,281] {dag.py:2273} INFO - Setting next_dagrun for example_nested_branch_dag to 2021-02-26 00:00:00+00:00
[2021-02-28 09:12:38,285] {scheduler_job.py:190} INFO - Processing /Users/yuyatinnefeld/Desktop/projects/airflow/venv/lib/python3.9/site-packages/airflow/example_dags/example_nested_branch_dag.py took 0.052 seconds
[2021-02-28 09:13:10,714] {scheduler_job.py:182} INFO - Started process (PID=34921) to work on /Users/yuyatinnefeld/Desktop/projects/airflow/venv/lib/python3.9/site-packages/airflow/example_dags/example_nested_branch_dag.py
[2021-02-28 09:13:10,714] {scheduler_job.py:629} INFO - Processing file /Users/yuyatinnefeld/Desktop/projects/airflow/venv/lib/python3.9/site-packages/airflow/example_dags/example_nested_branch_dag.py for tasks to queue
[2021-02-28 09:13:10,714] {logging_mixin.py:104} INFO - [2021-02-28 09:13:10,714] {dagbag.py:448} INFO - Filling up the DagBag from /Users/yuyatinnefeld/Desktop/projects/airflow/venv/lib/python3.9/site-packages/airflow/example_dags/example_nested_branch_dag.py
[2021-02-28 09:13:10,720] {scheduler_job.py:639} INFO - DAG(s) dict_keys(['example_nested_branch_dag']) retrieved from /Users/yuyatinnefeld/Desktop/projects/airflow/venv/lib/python3.9/site-packages/airflow/example_dags/example_nested_branch_dag.py
[2021-02-28 09:13:10,743] {logging_mixin.py:104} INFO - [2021-02-28 09:13:10,743] {dag.py:1818} INFO - Sync 1 DAGs
[2021-02-28 09:13:10,752] {logging_mixin.py:104} INFO - [2021-02-28 09:13:10,752] {dag.py:2273} INFO - Setting next_dagrun for example_nested_branch_dag to 2021-02-26 00:00:00+00:00
[2021-02-28 09:13:10,760] {scheduler_job.py:190} INFO - Processing /Users/yuyatinnefeld/Desktop/projects/airflow/venv/lib/python3.9/site-packages/airflow/example_dags/example_nested_branch_dag.py took 0.047 seconds
[2021-02-28 09:13:55,505] {scheduler_job.py:182} INFO - Started process (PID=34975) to work on /Users/yuyatinnefeld/Desktop/projects/airflow/venv/lib/python3.9/site-packages/airflow/example_dags/example_nested_branch_dag.py
[2021-02-28 09:13:55,507] {scheduler_job.py:629} INFO - Processing file /Users/yuyatinnefeld/Desktop/projects/airflow/venv/lib/python3.9/site-packages/airflow/example_dags/example_nested_branch_dag.py for tasks to queue
[2021-02-28 09:13:55,508] {logging_mixin.py:104} INFO - [2021-02-28 09:13:55,507] {dagbag.py:448} INFO - Filling up the DagBag from /Users/yuyatinnefeld/Desktop/projects/airflow/venv/lib/python3.9/site-packages/airflow/example_dags/example_nested_branch_dag.py
[2021-02-28 09:13:55,518] {scheduler_job.py:639} INFO - DAG(s) dict_keys(['example_nested_branch_dag']) retrieved from /Users/yuyatinnefeld/Desktop/projects/airflow/venv/lib/python3.9/site-packages/airflow/example_dags/example_nested_branch_dag.py
[2021-02-28 09:13:55,553] {logging_mixin.py:104} INFO - [2021-02-28 09:13:55,553] {dag.py:1818} INFO - Sync 1 DAGs
[2021-02-28 09:13:55,567] {logging_mixin.py:104} INFO - [2021-02-28 09:13:55,567] {dag.py:2273} INFO - Setting next_dagrun for example_nested_branch_dag to 2021-02-26 00:00:00+00:00
[2021-02-28 09:13:55,576] {scheduler_job.py:190} INFO - Processing /Users/yuyatinnefeld/Desktop/projects/airflow/venv/lib/python3.9/site-packages/airflow/example_dags/example_nested_branch_dag.py took 0.071 seconds
[2021-02-28 09:14:40,453] {scheduler_job.py:182} INFO - Started process (PID=35027) to work on /Users/yuyatinnefeld/Desktop/projects/airflow/venv/lib/python3.9/site-packages/airflow/example_dags/example_nested_branch_dag.py
[2021-02-28 09:14:40,454] {scheduler_job.py:629} INFO - Processing file /Users/yuyatinnefeld/Desktop/projects/airflow/venv/lib/python3.9/site-packages/airflow/example_dags/example_nested_branch_dag.py for tasks to queue
[2021-02-28 09:14:40,455] {logging_mixin.py:104} INFO - [2021-02-28 09:14:40,455] {dagbag.py:448} INFO - Filling up the DagBag from /Users/yuyatinnefeld/Desktop/projects/airflow/venv/lib/python3.9/site-packages/airflow/example_dags/example_nested_branch_dag.py
[2021-02-28 09:14:40,462] {scheduler_job.py:639} INFO - DAG(s) dict_keys(['example_nested_branch_dag']) retrieved from /Users/yuyatinnefeld/Desktop/projects/airflow/venv/lib/python3.9/site-packages/airflow/example_dags/example_nested_branch_dag.py
[2021-02-28 09:14:40,495] {logging_mixin.py:104} INFO - [2021-02-28 09:14:40,495] {dag.py:1818} INFO - Sync 1 DAGs
[2021-02-28 09:14:40,505] {logging_mixin.py:104} INFO - [2021-02-28 09:14:40,505] {dag.py:2273} INFO - Setting next_dagrun for example_nested_branch_dag to 2021-02-26 00:00:00+00:00
[2021-02-28 09:14:40,512] {scheduler_job.py:190} INFO - Processing /Users/yuyatinnefeld/Desktop/projects/airflow/venv/lib/python3.9/site-packages/airflow/example_dags/example_nested_branch_dag.py took 0.060 seconds
[2021-02-28 09:15:11,623] {scheduler_job.py:182} INFO - Started process (PID=35097) to work on /Users/yuyatinnefeld/Desktop/projects/airflow/venv/lib/python3.9/site-packages/airflow/example_dags/example_nested_branch_dag.py
[2021-02-28 09:15:11,624] {scheduler_job.py:629} INFO - Processing file /Users/yuyatinnefeld/Desktop/projects/airflow/venv/lib/python3.9/site-packages/airflow/example_dags/example_nested_branch_dag.py for tasks to queue
[2021-02-28 09:15:11,624] {logging_mixin.py:104} INFO - [2021-02-28 09:15:11,624] {dagbag.py:448} INFO - Filling up the DagBag from /Users/yuyatinnefeld/Desktop/projects/airflow/venv/lib/python3.9/site-packages/airflow/example_dags/example_nested_branch_dag.py
[2021-02-28 09:15:11,630] {scheduler_job.py:639} INFO - DAG(s) dict_keys(['example_nested_branch_dag']) retrieved from /Users/yuyatinnefeld/Desktop/projects/airflow/venv/lib/python3.9/site-packages/airflow/example_dags/example_nested_branch_dag.py
[2021-02-28 09:15:11,654] {logging_mixin.py:104} INFO - [2021-02-28 09:15:11,654] {dag.py:1818} INFO - Sync 1 DAGs
[2021-02-28 09:15:11,663] {logging_mixin.py:104} INFO - [2021-02-28 09:15:11,663] {dag.py:2273} INFO - Setting next_dagrun for example_nested_branch_dag to 2021-02-26 00:00:00+00:00
[2021-02-28 09:15:11,671] {scheduler_job.py:190} INFO - Processing /Users/yuyatinnefeld/Desktop/projects/airflow/venv/lib/python3.9/site-packages/airflow/example_dags/example_nested_branch_dag.py took 0.048 seconds
[2021-02-28 09:15:42,748] {scheduler_job.py:182} INFO - Started process (PID=35131) to work on /Users/yuyatinnefeld/Desktop/projects/airflow/venv/lib/python3.9/site-packages/airflow/example_dags/example_nested_branch_dag.py
[2021-02-28 09:15:42,748] {scheduler_job.py:629} INFO - Processing file /Users/yuyatinnefeld/Desktop/projects/airflow/venv/lib/python3.9/site-packages/airflow/example_dags/example_nested_branch_dag.py for tasks to queue
[2021-02-28 09:15:42,749] {logging_mixin.py:104} INFO - [2021-02-28 09:15:42,749] {dagbag.py:448} INFO - Filling up the DagBag from /Users/yuyatinnefeld/Desktop/projects/airflow/venv/lib/python3.9/site-packages/airflow/example_dags/example_nested_branch_dag.py
[2021-02-28 09:15:42,757] {scheduler_job.py:639} INFO - DAG(s) dict_keys(['example_nested_branch_dag']) retrieved from /Users/yuyatinnefeld/Desktop/projects/airflow/venv/lib/python3.9/site-packages/airflow/example_dags/example_nested_branch_dag.py
[2021-02-28 09:15:42,788] {logging_mixin.py:104} INFO - [2021-02-28 09:15:42,788] {dag.py:1818} INFO - Sync 1 DAGs
[2021-02-28 09:15:42,797] {logging_mixin.py:104} INFO - [2021-02-28 09:15:42,797] {dag.py:2273} INFO - Setting next_dagrun for example_nested_branch_dag to 2021-02-26 00:00:00+00:00
[2021-02-28 09:15:42,803] {scheduler_job.py:190} INFO - Processing /Users/yuyatinnefeld/Desktop/projects/airflow/venv/lib/python3.9/site-packages/airflow/example_dags/example_nested_branch_dag.py took 0.056 seconds
