[2021-02-28 09:11:31,712] {scheduler_job.py:182} INFO - Started process (PID=34656) to work on /Users/yuyatinnefeld/Desktop/projects/airflow/venv/lib/python3.9/site-packages/airflow/example_dags/example_external_task_marker_dag.py
[2021-02-28 09:11:31,713] {scheduler_job.py:629} INFO - Processing file /Users/yuyatinnefeld/Desktop/projects/airflow/venv/lib/python3.9/site-packages/airflow/example_dags/example_external_task_marker_dag.py for tasks to queue
[2021-02-28 09:11:31,713] {logging_mixin.py:104} INFO - [2021-02-28 09:11:31,713] {dagbag.py:448} INFO - Filling up the DagBag from /Users/yuyatinnefeld/Desktop/projects/airflow/venv/lib/python3.9/site-packages/airflow/example_dags/example_external_task_marker_dag.py
[2021-02-28 09:11:31,724] {scheduler_job.py:639} INFO - DAG(s) dict_keys(['example_external_task_marker_parent', 'example_external_task_marker_child']) retrieved from /Users/yuyatinnefeld/Desktop/projects/airflow/venv/lib/python3.9/site-packages/airflow/example_dags/example_external_task_marker_dag.py
[2021-02-28 09:11:31,754] {logging_mixin.py:104} INFO - [2021-02-28 09:11:31,754] {dag.py:1818} INFO - Sync 2 DAGs
[2021-02-28 09:11:31,760] {logging_mixin.py:104} INFO - [2021-02-28 09:11:31,760] {dag.py:2273} INFO - Setting next_dagrun for example_external_task_marker_child to None
[2021-02-28 09:11:31,760] {logging_mixin.py:104} INFO - [2021-02-28 09:11:31,760] {dag.py:2273} INFO - Setting next_dagrun for example_external_task_marker_parent to None
[2021-02-28 09:11:31,768] {scheduler_job.py:190} INFO - Processing /Users/yuyatinnefeld/Desktop/projects/airflow/venv/lib/python3.9/site-packages/airflow/example_dags/example_external_task_marker_dag.py took 0.056 seconds
[2021-02-28 09:12:16,173] {scheduler_job.py:182} INFO - Started process (PID=34770) to work on /Users/yuyatinnefeld/Desktop/projects/airflow/venv/lib/python3.9/site-packages/airflow/example_dags/example_external_task_marker_dag.py
[2021-02-28 09:12:16,175] {scheduler_job.py:629} INFO - Processing file /Users/yuyatinnefeld/Desktop/projects/airflow/venv/lib/python3.9/site-packages/airflow/example_dags/example_external_task_marker_dag.py for tasks to queue
[2021-02-28 09:12:16,176] {logging_mixin.py:104} INFO - [2021-02-28 09:12:16,176] {dagbag.py:448} INFO - Filling up the DagBag from /Users/yuyatinnefeld/Desktop/projects/airflow/venv/lib/python3.9/site-packages/airflow/example_dags/example_external_task_marker_dag.py
[2021-02-28 09:12:16,184] {scheduler_job.py:639} INFO - DAG(s) dict_keys(['example_external_task_marker_parent', 'example_external_task_marker_child']) retrieved from /Users/yuyatinnefeld/Desktop/projects/airflow/venv/lib/python3.9/site-packages/airflow/example_dags/example_external_task_marker_dag.py
[2021-02-28 09:12:16,211] {logging_mixin.py:104} INFO - [2021-02-28 09:12:16,211] {dag.py:1818} INFO - Sync 2 DAGs
[2021-02-28 09:12:16,217] {logging_mixin.py:104} INFO - [2021-02-28 09:12:16,217] {dag.py:2273} INFO - Setting next_dagrun for example_external_task_marker_child to None
[2021-02-28 09:12:16,218] {logging_mixin.py:104} INFO - [2021-02-28 09:12:16,217] {dag.py:2273} INFO - Setting next_dagrun for example_external_task_marker_parent to None
[2021-02-28 09:12:16,224] {scheduler_job.py:190} INFO - Processing /Users/yuyatinnefeld/Desktop/projects/airflow/venv/lib/python3.9/site-packages/airflow/example_dags/example_external_task_marker_dag.py took 0.051 seconds
[2021-02-28 09:12:58,968] {scheduler_job.py:182} INFO - Started process (PID=34913) to work on /Users/yuyatinnefeld/Desktop/projects/airflow/venv/lib/python3.9/site-packages/airflow/example_dags/example_external_task_marker_dag.py
[2021-02-28 09:12:58,970] {scheduler_job.py:629} INFO - Processing file /Users/yuyatinnefeld/Desktop/projects/airflow/venv/lib/python3.9/site-packages/airflow/example_dags/example_external_task_marker_dag.py for tasks to queue
[2021-02-28 09:12:58,971] {logging_mixin.py:104} INFO - [2021-02-28 09:12:58,971] {dagbag.py:448} INFO - Filling up the DagBag from /Users/yuyatinnefeld/Desktop/projects/airflow/venv/lib/python3.9/site-packages/airflow/example_dags/example_external_task_marker_dag.py
[2021-02-28 09:12:58,978] {scheduler_job.py:639} INFO - DAG(s) dict_keys(['example_external_task_marker_parent', 'example_external_task_marker_child']) retrieved from /Users/yuyatinnefeld/Desktop/projects/airflow/venv/lib/python3.9/site-packages/airflow/example_dags/example_external_task_marker_dag.py
[2021-02-28 09:12:59,004] {logging_mixin.py:104} INFO - [2021-02-28 09:12:59,003] {dag.py:1818} INFO - Sync 2 DAGs
[2021-02-28 09:12:59,009] {logging_mixin.py:104} INFO - [2021-02-28 09:12:59,009] {dag.py:2273} INFO - Setting next_dagrun for example_external_task_marker_child to None
[2021-02-28 09:12:59,009] {logging_mixin.py:104} INFO - [2021-02-28 09:12:59,009] {dag.py:2273} INFO - Setting next_dagrun for example_external_task_marker_parent to None
[2021-02-28 09:12:59,016] {scheduler_job.py:190} INFO - Processing /Users/yuyatinnefeld/Desktop/projects/airflow/venv/lib/python3.9/site-packages/airflow/example_dags/example_external_task_marker_dag.py took 0.048 seconds
[2021-02-28 09:13:43,134] {scheduler_job.py:182} INFO - Started process (PID=34958) to work on /Users/yuyatinnefeld/Desktop/projects/airflow/venv/lib/python3.9/site-packages/airflow/example_dags/example_external_task_marker_dag.py
[2021-02-28 09:13:43,134] {scheduler_job.py:629} INFO - Processing file /Users/yuyatinnefeld/Desktop/projects/airflow/venv/lib/python3.9/site-packages/airflow/example_dags/example_external_task_marker_dag.py for tasks to queue
[2021-02-28 09:13:43,135] {logging_mixin.py:104} INFO - [2021-02-28 09:13:43,135] {dagbag.py:448} INFO - Filling up the DagBag from /Users/yuyatinnefeld/Desktop/projects/airflow/venv/lib/python3.9/site-packages/airflow/example_dags/example_external_task_marker_dag.py
[2021-02-28 09:13:43,139] {scheduler_job.py:639} INFO - DAG(s) dict_keys(['example_external_task_marker_parent', 'example_external_task_marker_child']) retrieved from /Users/yuyatinnefeld/Desktop/projects/airflow/venv/lib/python3.9/site-packages/airflow/example_dags/example_external_task_marker_dag.py
[2021-02-28 09:13:43,164] {logging_mixin.py:104} INFO - [2021-02-28 09:13:43,164] {dag.py:1818} INFO - Sync 2 DAGs
[2021-02-28 09:13:43,169] {logging_mixin.py:104} INFO - [2021-02-28 09:13:43,169] {dag.py:2273} INFO - Setting next_dagrun for example_external_task_marker_child to None
[2021-02-28 09:13:43,169] {logging_mixin.py:104} INFO - [2021-02-28 09:13:43,169] {dag.py:2273} INFO - Setting next_dagrun for example_external_task_marker_parent to None
[2021-02-28 09:13:43,177] {scheduler_job.py:190} INFO - Processing /Users/yuyatinnefeld/Desktop/projects/airflow/venv/lib/python3.9/site-packages/airflow/example_dags/example_external_task_marker_dag.py took 0.043 seconds
[2021-02-28 09:14:31,916] {scheduler_job.py:182} INFO - Started process (PID=35014) to work on /Users/yuyatinnefeld/Desktop/projects/airflow/venv/lib/python3.9/site-packages/airflow/example_dags/example_external_task_marker_dag.py
[2021-02-28 09:14:31,918] {scheduler_job.py:629} INFO - Processing file /Users/yuyatinnefeld/Desktop/projects/airflow/venv/lib/python3.9/site-packages/airflow/example_dags/example_external_task_marker_dag.py for tasks to queue
[2021-02-28 09:14:31,918] {logging_mixin.py:104} INFO - [2021-02-28 09:14:31,918] {dagbag.py:448} INFO - Filling up the DagBag from /Users/yuyatinnefeld/Desktop/projects/airflow/venv/lib/python3.9/site-packages/airflow/example_dags/example_external_task_marker_dag.py
[2021-02-28 09:14:31,925] {scheduler_job.py:639} INFO - DAG(s) dict_keys(['example_external_task_marker_parent', 'example_external_task_marker_child']) retrieved from /Users/yuyatinnefeld/Desktop/projects/airflow/venv/lib/python3.9/site-packages/airflow/example_dags/example_external_task_marker_dag.py
[2021-02-28 09:14:31,950] {logging_mixin.py:104} INFO - [2021-02-28 09:14:31,950] {dag.py:1818} INFO - Sync 2 DAGs
[2021-02-28 09:14:31,955] {logging_mixin.py:104} INFO - [2021-02-28 09:14:31,955] {dag.py:2273} INFO - Setting next_dagrun for example_external_task_marker_child to None
[2021-02-28 09:14:31,955] {logging_mixin.py:104} INFO - [2021-02-28 09:14:31,955] {dag.py:2273} INFO - Setting next_dagrun for example_external_task_marker_parent to None
[2021-02-28 09:14:31,962] {scheduler_job.py:190} INFO - Processing /Users/yuyatinnefeld/Desktop/projects/airflow/venv/lib/python3.9/site-packages/airflow/example_dags/example_external_task_marker_dag.py took 0.047 seconds
[2021-02-28 09:15:16,720] {scheduler_job.py:182} INFO - Started process (PID=35100) to work on /Users/yuyatinnefeld/Desktop/projects/airflow/venv/lib/python3.9/site-packages/airflow/example_dags/example_external_task_marker_dag.py
[2021-02-28 09:15:16,720] {scheduler_job.py:629} INFO - Processing file /Users/yuyatinnefeld/Desktop/projects/airflow/venv/lib/python3.9/site-packages/airflow/example_dags/example_external_task_marker_dag.py for tasks to queue
[2021-02-28 09:15:16,721] {logging_mixin.py:104} INFO - [2021-02-28 09:15:16,721] {dagbag.py:448} INFO - Filling up the DagBag from /Users/yuyatinnefeld/Desktop/projects/airflow/venv/lib/python3.9/site-packages/airflow/example_dags/example_external_task_marker_dag.py
[2021-02-28 09:15:16,727] {scheduler_job.py:639} INFO - DAG(s) dict_keys(['example_external_task_marker_parent', 'example_external_task_marker_child']) retrieved from /Users/yuyatinnefeld/Desktop/projects/airflow/venv/lib/python3.9/site-packages/airflow/example_dags/example_external_task_marker_dag.py
[2021-02-28 09:15:16,753] {logging_mixin.py:104} INFO - [2021-02-28 09:15:16,753] {dag.py:1818} INFO - Sync 2 DAGs
[2021-02-28 09:15:16,758] {logging_mixin.py:104} INFO - [2021-02-28 09:15:16,758] {dag.py:2273} INFO - Setting next_dagrun for example_external_task_marker_child to None
[2021-02-28 09:15:16,759] {logging_mixin.py:104} INFO - [2021-02-28 09:15:16,759] {dag.py:2273} INFO - Setting next_dagrun for example_external_task_marker_parent to None
[2021-02-28 09:15:16,767] {scheduler_job.py:190} INFO - Processing /Users/yuyatinnefeld/Desktop/projects/airflow/venv/lib/python3.9/site-packages/airflow/example_dags/example_external_task_marker_dag.py took 0.047 seconds
[2021-02-28 09:16:06,496] {scheduler_job.py:182} INFO - Started process (PID=35152) to work on /Users/yuyatinnefeld/Desktop/projects/airflow/venv/lib/python3.9/site-packages/airflow/example_dags/example_external_task_marker_dag.py
[2021-02-28 09:16:06,496] {scheduler_job.py:629} INFO - Processing file /Users/yuyatinnefeld/Desktop/projects/airflow/venv/lib/python3.9/site-packages/airflow/example_dags/example_external_task_marker_dag.py for tasks to queue
[2021-02-28 09:16:06,496] {logging_mixin.py:104} INFO - [2021-02-28 09:16:06,496] {dagbag.py:448} INFO - Filling up the DagBag from /Users/yuyatinnefeld/Desktop/projects/airflow/venv/lib/python3.9/site-packages/airflow/example_dags/example_external_task_marker_dag.py
[2021-02-28 09:16:06,507] {scheduler_job.py:639} INFO - DAG(s) dict_keys(['example_external_task_marker_parent', 'example_external_task_marker_child']) retrieved from /Users/yuyatinnefeld/Desktop/projects/airflow/venv/lib/python3.9/site-packages/airflow/example_dags/example_external_task_marker_dag.py
[2021-02-28 09:16:06,533] {logging_mixin.py:104} INFO - [2021-02-28 09:16:06,533] {dag.py:1818} INFO - Sync 2 DAGs
[2021-02-28 09:16:06,538] {logging_mixin.py:104} INFO - [2021-02-28 09:16:06,538] {dag.py:2273} INFO - Setting next_dagrun for example_external_task_marker_child to None
[2021-02-28 09:16:06,539] {logging_mixin.py:104} INFO - [2021-02-28 09:16:06,539] {dag.py:2273} INFO - Setting next_dagrun for example_external_task_marker_parent to None
[2021-02-28 09:16:06,545] {scheduler_job.py:190} INFO - Processing /Users/yuyatinnefeld/Desktop/projects/airflow/venv/lib/python3.9/site-packages/airflow/example_dags/example_external_task_marker_dag.py took 0.050 seconds
