[2021-02-28 09:11:52,741] {scheduler_job.py:182} INFO - Started process (PID=34692) to work on /Users/yuyatinnefeld/Desktop/projects/airflow/venv/lib/python3.9/site-packages/airflow/example_dags/example_latest_only_with_trigger.py
[2021-02-28 09:11:52,742] {scheduler_job.py:629} INFO - Processing file /Users/yuyatinnefeld/Desktop/projects/airflow/venv/lib/python3.9/site-packages/airflow/example_dags/example_latest_only_with_trigger.py for tasks to queue
[2021-02-28 09:11:52,743] {logging_mixin.py:104} INFO - [2021-02-28 09:11:52,743] {dagbag.py:448} INFO - Filling up the DagBag from /Users/yuyatinnefeld/Desktop/projects/airflow/venv/lib/python3.9/site-packages/airflow/example_dags/example_latest_only_with_trigger.py
[2021-02-28 09:11:52,751] {scheduler_job.py:639} INFO - DAG(s) dict_keys(['latest_only_with_trigger']) retrieved from /Users/yuyatinnefeld/Desktop/projects/airflow/venv/lib/python3.9/site-packages/airflow/example_dags/example_latest_only_with_trigger.py
[2021-02-28 09:11:52,773] {logging_mixin.py:104} INFO - [2021-02-28 09:11:52,773] {dag.py:1818} INFO - Sync 1 DAGs
[2021-02-28 09:11:52,779] {logging_mixin.py:104} INFO - [2021-02-28 09:11:52,779] {dag.py:2273} INFO - Setting next_dagrun for latest_only_with_trigger to 2021-02-26 00:00:00+00:00
[2021-02-28 09:11:52,783] {scheduler_job.py:190} INFO - Processing /Users/yuyatinnefeld/Desktop/projects/airflow/venv/lib/python3.9/site-packages/airflow/example_dags/example_latest_only_with_trigger.py took 0.043 seconds
[2021-02-28 09:12:48,557] {scheduler_job.py:182} INFO - Started process (PID=34905) to work on /Users/yuyatinnefeld/Desktop/projects/airflow/venv/lib/python3.9/site-packages/airflow/example_dags/example_latest_only_with_trigger.py
[2021-02-28 09:12:48,559] {scheduler_job.py:629} INFO - Processing file /Users/yuyatinnefeld/Desktop/projects/airflow/venv/lib/python3.9/site-packages/airflow/example_dags/example_latest_only_with_trigger.py for tasks to queue
[2021-02-28 09:12:48,559] {logging_mixin.py:104} INFO - [2021-02-28 09:12:48,559] {dagbag.py:448} INFO - Filling up the DagBag from /Users/yuyatinnefeld/Desktop/projects/airflow/venv/lib/python3.9/site-packages/airflow/example_dags/example_latest_only_with_trigger.py
[2021-02-28 09:12:48,568] {scheduler_job.py:639} INFO - DAG(s) dict_keys(['latest_only_with_trigger']) retrieved from /Users/yuyatinnefeld/Desktop/projects/airflow/venv/lib/python3.9/site-packages/airflow/example_dags/example_latest_only_with_trigger.py
[2021-02-28 09:12:48,596] {logging_mixin.py:104} INFO - [2021-02-28 09:12:48,596] {dag.py:1818} INFO - Sync 1 DAGs
[2021-02-28 09:12:48,601] {logging_mixin.py:104} INFO - [2021-02-28 09:12:48,601] {dag.py:2273} INFO - Setting next_dagrun for latest_only_with_trigger to 2021-02-26 00:00:00+00:00
[2021-02-28 09:12:48,609] {scheduler_job.py:190} INFO - Processing /Users/yuyatinnefeld/Desktop/projects/airflow/venv/lib/python3.9/site-packages/airflow/example_dags/example_latest_only_with_trigger.py took 0.052 seconds
[2021-02-28 09:13:32,918] {scheduler_job.py:182} INFO - Started process (PID=34947) to work on /Users/yuyatinnefeld/Desktop/projects/airflow/venv/lib/python3.9/site-packages/airflow/example_dags/example_latest_only_with_trigger.py
[2021-02-28 09:13:32,918] {scheduler_job.py:629} INFO - Processing file /Users/yuyatinnefeld/Desktop/projects/airflow/venv/lib/python3.9/site-packages/airflow/example_dags/example_latest_only_with_trigger.py for tasks to queue
[2021-02-28 09:13:32,919] {logging_mixin.py:104} INFO - [2021-02-28 09:13:32,919] {dagbag.py:448} INFO - Filling up the DagBag from /Users/yuyatinnefeld/Desktop/projects/airflow/venv/lib/python3.9/site-packages/airflow/example_dags/example_latest_only_with_trigger.py
[2021-02-28 09:13:32,923] {scheduler_job.py:639} INFO - DAG(s) dict_keys(['latest_only_with_trigger']) retrieved from /Users/yuyatinnefeld/Desktop/projects/airflow/venv/lib/python3.9/site-packages/airflow/example_dags/example_latest_only_with_trigger.py
[2021-02-28 09:13:32,947] {logging_mixin.py:104} INFO - [2021-02-28 09:13:32,947] {dag.py:1818} INFO - Sync 1 DAGs
[2021-02-28 09:13:32,952] {logging_mixin.py:104} INFO - [2021-02-28 09:13:32,951] {dag.py:2273} INFO - Setting next_dagrun for latest_only_with_trigger to 2021-02-26 00:00:00+00:00
[2021-02-28 09:13:32,960] {scheduler_job.py:190} INFO - Processing /Users/yuyatinnefeld/Desktop/projects/airflow/venv/lib/python3.9/site-packages/airflow/example_dags/example_latest_only_with_trigger.py took 0.042 seconds
[2021-02-28 09:14:19,822] {scheduler_job.py:182} INFO - Started process (PID=35006) to work on /Users/yuyatinnefeld/Desktop/projects/airflow/venv/lib/python3.9/site-packages/airflow/example_dags/example_latest_only_with_trigger.py
[2021-02-28 09:14:19,824] {scheduler_job.py:629} INFO - Processing file /Users/yuyatinnefeld/Desktop/projects/airflow/venv/lib/python3.9/site-packages/airflow/example_dags/example_latest_only_with_trigger.py for tasks to queue
[2021-02-28 09:14:19,825] {logging_mixin.py:104} INFO - [2021-02-28 09:14:19,825] {dagbag.py:448} INFO - Filling up the DagBag from /Users/yuyatinnefeld/Desktop/projects/airflow/venv/lib/python3.9/site-packages/airflow/example_dags/example_latest_only_with_trigger.py
[2021-02-28 09:14:19,834] {scheduler_job.py:639} INFO - DAG(s) dict_keys(['latest_only_with_trigger']) retrieved from /Users/yuyatinnefeld/Desktop/projects/airflow/venv/lib/python3.9/site-packages/airflow/example_dags/example_latest_only_with_trigger.py
[2021-02-28 09:14:19,859] {logging_mixin.py:104} INFO - [2021-02-28 09:14:19,859] {dag.py:1818} INFO - Sync 1 DAGs
[2021-02-28 09:14:19,865] {logging_mixin.py:104} INFO - [2021-02-28 09:14:19,864] {dag.py:2273} INFO - Setting next_dagrun for latest_only_with_trigger to 2021-02-26 00:00:00+00:00
[2021-02-28 09:14:19,871] {scheduler_job.py:190} INFO - Processing /Users/yuyatinnefeld/Desktop/projects/airflow/venv/lib/python3.9/site-packages/airflow/example_dags/example_latest_only_with_trigger.py took 0.050 seconds
[2021-02-28 09:15:06,457] {scheduler_job.py:182} INFO - Started process (PID=35082) to work on /Users/yuyatinnefeld/Desktop/projects/airflow/venv/lib/python3.9/site-packages/airflow/example_dags/example_latest_only_with_trigger.py
[2021-02-28 09:15:06,457] {scheduler_job.py:629} INFO - Processing file /Users/yuyatinnefeld/Desktop/projects/airflow/venv/lib/python3.9/site-packages/airflow/example_dags/example_latest_only_with_trigger.py for tasks to queue
[2021-02-28 09:15:06,458] {logging_mixin.py:104} INFO - [2021-02-28 09:15:06,458] {dagbag.py:448} INFO - Filling up the DagBag from /Users/yuyatinnefeld/Desktop/projects/airflow/venv/lib/python3.9/site-packages/airflow/example_dags/example_latest_only_with_trigger.py
[2021-02-28 09:15:06,462] {scheduler_job.py:639} INFO - DAG(s) dict_keys(['latest_only_with_trigger']) retrieved from /Users/yuyatinnefeld/Desktop/projects/airflow/venv/lib/python3.9/site-packages/airflow/example_dags/example_latest_only_with_trigger.py
[2021-02-28 09:15:06,486] {logging_mixin.py:104} INFO - [2021-02-28 09:15:06,486] {dag.py:1818} INFO - Sync 1 DAGs
[2021-02-28 09:15:06,491] {logging_mixin.py:104} INFO - [2021-02-28 09:15:06,491] {dag.py:2273} INFO - Setting next_dagrun for latest_only_with_trigger to 2021-02-26 00:00:00+00:00
[2021-02-28 09:15:06,498] {scheduler_job.py:190} INFO - Processing /Users/yuyatinnefeld/Desktop/projects/airflow/venv/lib/python3.9/site-packages/airflow/example_dags/example_latest_only_with_trigger.py took 0.041 seconds
[2021-02-28 09:15:54,590] {scheduler_job.py:182} INFO - Started process (PID=35145) to work on /Users/yuyatinnefeld/Desktop/projects/airflow/venv/lib/python3.9/site-packages/airflow/example_dags/example_latest_only_with_trigger.py
[2021-02-28 09:15:54,592] {scheduler_job.py:629} INFO - Processing file /Users/yuyatinnefeld/Desktop/projects/airflow/venv/lib/python3.9/site-packages/airflow/example_dags/example_latest_only_with_trigger.py for tasks to queue
[2021-02-28 09:15:54,592] {logging_mixin.py:104} INFO - [2021-02-28 09:15:54,592] {dagbag.py:448} INFO - Filling up the DagBag from /Users/yuyatinnefeld/Desktop/projects/airflow/venv/lib/python3.9/site-packages/airflow/example_dags/example_latest_only_with_trigger.py
[2021-02-28 09:15:54,600] {scheduler_job.py:639} INFO - DAG(s) dict_keys(['latest_only_with_trigger']) retrieved from /Users/yuyatinnefeld/Desktop/projects/airflow/venv/lib/python3.9/site-packages/airflow/example_dags/example_latest_only_with_trigger.py
[2021-02-28 09:15:54,624] {logging_mixin.py:104} INFO - [2021-02-28 09:15:54,624] {dag.py:1818} INFO - Sync 1 DAGs
[2021-02-28 09:15:54,631] {logging_mixin.py:104} INFO - [2021-02-28 09:15:54,631] {dag.py:2273} INFO - Setting next_dagrun for latest_only_with_trigger to 2021-02-26 00:00:00+00:00
[2021-02-28 09:15:54,635] {scheduler_job.py:190} INFO - Processing /Users/yuyatinnefeld/Desktop/projects/airflow/venv/lib/python3.9/site-packages/airflow/example_dags/example_latest_only_with_trigger.py took 0.046 seconds
