[2021-02-28 09:11:41,953] {scheduler_job.py:182} INFO - Started process (PID=34662) to work on /Users/yuyatinnefeld/Desktop/projects/airflow/venv/lib/python3.9/site-packages/airflow/example_dags/example_python_operator.py
[2021-02-28 09:11:41,954] {scheduler_job.py:629} INFO - Processing file /Users/yuyatinnefeld/Desktop/projects/airflow/venv/lib/python3.9/site-packages/airflow/example_dags/example_python_operator.py for tasks to queue
[2021-02-28 09:11:41,954] {logging_mixin.py:104} INFO - [2021-02-28 09:11:41,954] {dagbag.py:448} INFO - Filling up the DagBag from /Users/yuyatinnefeld/Desktop/projects/airflow/venv/lib/python3.9/site-packages/airflow/example_dags/example_python_operator.py
[2021-02-28 09:11:41,960] {scheduler_job.py:639} INFO - DAG(s) dict_keys(['example_python_operator']) retrieved from /Users/yuyatinnefeld/Desktop/projects/airflow/venv/lib/python3.9/site-packages/airflow/example_dags/example_python_operator.py
[2021-02-28 09:11:41,998] {logging_mixin.py:104} INFO - [2021-02-28 09:11:41,998] {dag.py:1818} INFO - Sync 1 DAGs
[2021-02-28 09:11:42,007] {logging_mixin.py:104} INFO - [2021-02-28 09:11:42,007] {dag.py:2273} INFO - Setting next_dagrun for example_python_operator to None
[2021-02-28 09:11:42,016] {scheduler_job.py:190} INFO - Processing /Users/yuyatinnefeld/Desktop/projects/airflow/venv/lib/python3.9/site-packages/airflow/example_dags/example_python_operator.py took 0.063 seconds
[2021-02-28 09:12:23,407] {scheduler_job.py:182} INFO - Started process (PID=34776) to work on /Users/yuyatinnefeld/Desktop/projects/airflow/venv/lib/python3.9/site-packages/airflow/example_dags/example_python_operator.py
[2021-02-28 09:12:23,409] {scheduler_job.py:629} INFO - Processing file /Users/yuyatinnefeld/Desktop/projects/airflow/venv/lib/python3.9/site-packages/airflow/example_dags/example_python_operator.py for tasks to queue
[2021-02-28 09:12:23,409] {logging_mixin.py:104} INFO - [2021-02-28 09:12:23,409] {dagbag.py:448} INFO - Filling up the DagBag from /Users/yuyatinnefeld/Desktop/projects/airflow/venv/lib/python3.9/site-packages/airflow/example_dags/example_python_operator.py
[2021-02-28 09:12:23,417] {scheduler_job.py:639} INFO - DAG(s) dict_keys(['example_python_operator']) retrieved from /Users/yuyatinnefeld/Desktop/projects/airflow/venv/lib/python3.9/site-packages/airflow/example_dags/example_python_operator.py
[2021-02-28 09:12:23,441] {logging_mixin.py:104} INFO - [2021-02-28 09:12:23,441] {dag.py:1818} INFO - Sync 1 DAGs
[2021-02-28 09:12:23,446] {logging_mixin.py:104} INFO - [2021-02-28 09:12:23,446] {dag.py:2273} INFO - Setting next_dagrun for example_python_operator to None
[2021-02-28 09:12:23,453] {scheduler_job.py:190} INFO - Processing /Users/yuyatinnefeld/Desktop/projects/airflow/venv/lib/python3.9/site-packages/airflow/example_dags/example_python_operator.py took 0.047 seconds
[2021-02-28 09:13:09,020] {scheduler_job.py:182} INFO - Started process (PID=34920) to work on /Users/yuyatinnefeld/Desktop/projects/airflow/venv/lib/python3.9/site-packages/airflow/example_dags/example_python_operator.py
[2021-02-28 09:13:09,022] {scheduler_job.py:629} INFO - Processing file /Users/yuyatinnefeld/Desktop/projects/airflow/venv/lib/python3.9/site-packages/airflow/example_dags/example_python_operator.py for tasks to queue
[2021-02-28 09:13:09,023] {logging_mixin.py:104} INFO - [2021-02-28 09:13:09,023] {dagbag.py:448} INFO - Filling up the DagBag from /Users/yuyatinnefeld/Desktop/projects/airflow/venv/lib/python3.9/site-packages/airflow/example_dags/example_python_operator.py
[2021-02-28 09:13:09,030] {scheduler_job.py:639} INFO - DAG(s) dict_keys(['example_python_operator']) retrieved from /Users/yuyatinnefeld/Desktop/projects/airflow/venv/lib/python3.9/site-packages/airflow/example_dags/example_python_operator.py
[2021-02-28 09:13:09,054] {logging_mixin.py:104} INFO - [2021-02-28 09:13:09,054] {dag.py:1818} INFO - Sync 1 DAGs
[2021-02-28 09:13:09,059] {logging_mixin.py:104} INFO - [2021-02-28 09:13:09,059] {dag.py:2273} INFO - Setting next_dagrun for example_python_operator to None
[2021-02-28 09:13:09,066] {scheduler_job.py:190} INFO - Processing /Users/yuyatinnefeld/Desktop/projects/airflow/venv/lib/python3.9/site-packages/airflow/example_dags/example_python_operator.py took 0.046 seconds
[2021-02-28 09:13:53,601] {scheduler_job.py:182} INFO - Started process (PID=34974) to work on /Users/yuyatinnefeld/Desktop/projects/airflow/venv/lib/python3.9/site-packages/airflow/example_dags/example_python_operator.py
[2021-02-28 09:13:53,603] {scheduler_job.py:629} INFO - Processing file /Users/yuyatinnefeld/Desktop/projects/airflow/venv/lib/python3.9/site-packages/airflow/example_dags/example_python_operator.py for tasks to queue
[2021-02-28 09:13:53,604] {logging_mixin.py:104} INFO - [2021-02-28 09:13:53,604] {dagbag.py:448} INFO - Filling up the DagBag from /Users/yuyatinnefeld/Desktop/projects/airflow/venv/lib/python3.9/site-packages/airflow/example_dags/example_python_operator.py
[2021-02-28 09:13:53,611] {scheduler_job.py:639} INFO - DAG(s) dict_keys(['example_python_operator']) retrieved from /Users/yuyatinnefeld/Desktop/projects/airflow/venv/lib/python3.9/site-packages/airflow/example_dags/example_python_operator.py
[2021-02-28 09:13:53,636] {logging_mixin.py:104} INFO - [2021-02-28 09:13:53,636] {dag.py:1818} INFO - Sync 1 DAGs
[2021-02-28 09:13:53,641] {logging_mixin.py:104} INFO - [2021-02-28 09:13:53,641] {dag.py:2273} INFO - Setting next_dagrun for example_python_operator to None
[2021-02-28 09:13:53,648] {scheduler_job.py:190} INFO - Processing /Users/yuyatinnefeld/Desktop/projects/airflow/venv/lib/python3.9/site-packages/airflow/example_dags/example_python_operator.py took 0.048 seconds
[2021-02-28 09:14:25,158] {scheduler_job.py:182} INFO - Started process (PID=35010) to work on /Users/yuyatinnefeld/Desktop/projects/airflow/venv/lib/python3.9/site-packages/airflow/example_dags/example_python_operator.py
[2021-02-28 09:14:25,160] {scheduler_job.py:629} INFO - Processing file /Users/yuyatinnefeld/Desktop/projects/airflow/venv/lib/python3.9/site-packages/airflow/example_dags/example_python_operator.py for tasks to queue
[2021-02-28 09:14:25,160] {logging_mixin.py:104} INFO - [2021-02-28 09:14:25,160] {dagbag.py:448} INFO - Filling up the DagBag from /Users/yuyatinnefeld/Desktop/projects/airflow/venv/lib/python3.9/site-packages/airflow/example_dags/example_python_operator.py
[2021-02-28 09:14:25,168] {scheduler_job.py:639} INFO - DAG(s) dict_keys(['example_python_operator']) retrieved from /Users/yuyatinnefeld/Desktop/projects/airflow/venv/lib/python3.9/site-packages/airflow/example_dags/example_python_operator.py
[2021-02-28 09:14:25,203] {logging_mixin.py:104} INFO - [2021-02-28 09:14:25,203] {dag.py:1818} INFO - Sync 1 DAGs
[2021-02-28 09:14:25,211] {logging_mixin.py:104} INFO - [2021-02-28 09:14:25,211] {dag.py:2273} INFO - Setting next_dagrun for example_python_operator to None
[2021-02-28 09:14:25,219] {scheduler_job.py:190} INFO - Processing /Users/yuyatinnefeld/Desktop/projects/airflow/venv/lib/python3.9/site-packages/airflow/example_dags/example_python_operator.py took 0.062 seconds
[2021-02-28 09:14:56,202] {scheduler_job.py:182} INFO - Started process (PID=35041) to work on /Users/yuyatinnefeld/Desktop/projects/airflow/venv/lib/python3.9/site-packages/airflow/example_dags/example_python_operator.py
[2021-02-28 09:14:56,203] {scheduler_job.py:629} INFO - Processing file /Users/yuyatinnefeld/Desktop/projects/airflow/venv/lib/python3.9/site-packages/airflow/example_dags/example_python_operator.py for tasks to queue
[2021-02-28 09:14:56,203] {logging_mixin.py:104} INFO - [2021-02-28 09:14:56,203] {dagbag.py:448} INFO - Filling up the DagBag from /Users/yuyatinnefeld/Desktop/projects/airflow/venv/lib/python3.9/site-packages/airflow/example_dags/example_python_operator.py
[2021-02-28 09:14:56,208] {scheduler_job.py:639} INFO - DAG(s) dict_keys(['example_python_operator']) retrieved from /Users/yuyatinnefeld/Desktop/projects/airflow/venv/lib/python3.9/site-packages/airflow/example_dags/example_python_operator.py
[2021-02-28 09:14:56,232] {logging_mixin.py:104} INFO - [2021-02-28 09:14:56,232] {dag.py:1818} INFO - Sync 1 DAGs
[2021-02-28 09:14:56,237] {logging_mixin.py:104} INFO - [2021-02-28 09:14:56,236] {dag.py:2273} INFO - Setting next_dagrun for example_python_operator to None
[2021-02-28 09:14:56,244] {scheduler_job.py:190} INFO - Processing /Users/yuyatinnefeld/Desktop/projects/airflow/venv/lib/python3.9/site-packages/airflow/example_dags/example_python_operator.py took 0.043 seconds
[2021-02-28 09:15:27,276] {scheduler_job.py:182} INFO - Started process (PID=35115) to work on /Users/yuyatinnefeld/Desktop/projects/airflow/venv/lib/python3.9/site-packages/airflow/example_dags/example_python_operator.py
[2021-02-28 09:15:27,278] {scheduler_job.py:629} INFO - Processing file /Users/yuyatinnefeld/Desktop/projects/airflow/venv/lib/python3.9/site-packages/airflow/example_dags/example_python_operator.py for tasks to queue
[2021-02-28 09:15:27,279] {logging_mixin.py:104} INFO - [2021-02-28 09:15:27,278] {dagbag.py:448} INFO - Filling up the DagBag from /Users/yuyatinnefeld/Desktop/projects/airflow/venv/lib/python3.9/site-packages/airflow/example_dags/example_python_operator.py
[2021-02-28 09:15:27,285] {scheduler_job.py:639} INFO - DAG(s) dict_keys(['example_python_operator']) retrieved from /Users/yuyatinnefeld/Desktop/projects/airflow/venv/lib/python3.9/site-packages/airflow/example_dags/example_python_operator.py
[2021-02-28 09:15:27,309] {logging_mixin.py:104} INFO - [2021-02-28 09:15:27,309] {dag.py:1818} INFO - Sync 1 DAGs
[2021-02-28 09:15:27,314] {logging_mixin.py:104} INFO - [2021-02-28 09:15:27,314] {dag.py:2273} INFO - Setting next_dagrun for example_python_operator to None
[2021-02-28 09:15:27,321] {scheduler_job.py:190} INFO - Processing /Users/yuyatinnefeld/Desktop/projects/airflow/venv/lib/python3.9/site-packages/airflow/example_dags/example_python_operator.py took 0.045 seconds
[2021-02-28 09:15:59,685] {scheduler_job.py:182} INFO - Started process (PID=35148) to work on /Users/yuyatinnefeld/Desktop/projects/airflow/venv/lib/python3.9/site-packages/airflow/example_dags/example_python_operator.py
[2021-02-28 09:15:59,685] {scheduler_job.py:629} INFO - Processing file /Users/yuyatinnefeld/Desktop/projects/airflow/venv/lib/python3.9/site-packages/airflow/example_dags/example_python_operator.py for tasks to queue
[2021-02-28 09:15:59,685] {logging_mixin.py:104} INFO - [2021-02-28 09:15:59,685] {dagbag.py:448} INFO - Filling up the DagBag from /Users/yuyatinnefeld/Desktop/projects/airflow/venv/lib/python3.9/site-packages/airflow/example_dags/example_python_operator.py
[2021-02-28 09:15:59,692] {scheduler_job.py:639} INFO - DAG(s) dict_keys(['example_python_operator']) retrieved from /Users/yuyatinnefeld/Desktop/projects/airflow/venv/lib/python3.9/site-packages/airflow/example_dags/example_python_operator.py
[2021-02-28 09:15:59,716] {logging_mixin.py:104} INFO - [2021-02-28 09:15:59,716] {dag.py:1818} INFO - Sync 1 DAGs
[2021-02-28 09:15:59,721] {logging_mixin.py:104} INFO - [2021-02-28 09:15:59,721] {dag.py:2273} INFO - Setting next_dagrun for example_python_operator to None
[2021-02-28 09:15:59,728] {scheduler_job.py:190} INFO - Processing /Users/yuyatinnefeld/Desktop/projects/airflow/venv/lib/python3.9/site-packages/airflow/example_dags/example_python_operator.py took 0.043 seconds
