[2021-02-28 09:11:56,094] {scheduler_job.py:182} INFO - Started process (PID=34697) to work on /Users/yuyatinnefeld/Desktop/projects/airflow/venv/lib/python3.9/site-packages/airflow/example_dags/example_skip_dag.py
[2021-02-28 09:11:56,094] {scheduler_job.py:629} INFO - Processing file /Users/yuyatinnefeld/Desktop/projects/airflow/venv/lib/python3.9/site-packages/airflow/example_dags/example_skip_dag.py for tasks to queue
[2021-02-28 09:11:56,095] {logging_mixin.py:104} INFO - [2021-02-28 09:11:56,095] {dagbag.py:448} INFO - Filling up the DagBag from /Users/yuyatinnefeld/Desktop/projects/airflow/venv/lib/python3.9/site-packages/airflow/example_dags/example_skip_dag.py
[2021-02-28 09:11:56,102] {scheduler_job.py:639} INFO - DAG(s) dict_keys(['example_skip_dag']) retrieved from /Users/yuyatinnefeld/Desktop/projects/airflow/venv/lib/python3.9/site-packages/airflow/example_dags/example_skip_dag.py
[2021-02-28 09:11:56,125] {logging_mixin.py:104} INFO - [2021-02-28 09:11:56,125] {dag.py:1818} INFO - Sync 1 DAGs
[2021-02-28 09:11:56,131] {logging_mixin.py:104} INFO - [2021-02-28 09:11:56,131] {dag.py:2273} INFO - Setting next_dagrun for example_skip_dag to 2021-02-26 00:00:00+00:00
[2021-02-28 09:11:56,135] {scheduler_job.py:190} INFO - Processing /Users/yuyatinnefeld/Desktop/projects/airflow/venv/lib/python3.9/site-packages/airflow/example_dags/example_skip_dag.py took 0.041 seconds
[2021-02-28 09:12:51,999] {scheduler_job.py:182} INFO - Started process (PID=34909) to work on /Users/yuyatinnefeld/Desktop/projects/airflow/venv/lib/python3.9/site-packages/airflow/example_dags/example_skip_dag.py
[2021-02-28 09:12:52,000] {scheduler_job.py:629} INFO - Processing file /Users/yuyatinnefeld/Desktop/projects/airflow/venv/lib/python3.9/site-packages/airflow/example_dags/example_skip_dag.py for tasks to queue
[2021-02-28 09:12:52,001] {logging_mixin.py:104} INFO - [2021-02-28 09:12:52,001] {dagbag.py:448} INFO - Filling up the DagBag from /Users/yuyatinnefeld/Desktop/projects/airflow/venv/lib/python3.9/site-packages/airflow/example_dags/example_skip_dag.py
[2021-02-28 09:12:52,006] {scheduler_job.py:639} INFO - DAG(s) dict_keys(['example_skip_dag']) retrieved from /Users/yuyatinnefeld/Desktop/projects/airflow/venv/lib/python3.9/site-packages/airflow/example_dags/example_skip_dag.py
[2021-02-28 09:12:52,031] {logging_mixin.py:104} INFO - [2021-02-28 09:12:52,031] {dag.py:1818} INFO - Sync 1 DAGs
[2021-02-28 09:12:52,038] {logging_mixin.py:104} INFO - [2021-02-28 09:12:52,038] {dag.py:2273} INFO - Setting next_dagrun for example_skip_dag to 2021-02-26 00:00:00+00:00
[2021-02-28 09:12:52,042] {scheduler_job.py:190} INFO - Processing /Users/yuyatinnefeld/Desktop/projects/airflow/venv/lib/python3.9/site-packages/airflow/example_dags/example_skip_dag.py took 0.044 seconds
[2021-02-28 09:13:36,320] {scheduler_job.py:182} INFO - Started process (PID=34951) to work on /Users/yuyatinnefeld/Desktop/projects/airflow/venv/lib/python3.9/site-packages/airflow/example_dags/example_skip_dag.py
[2021-02-28 09:13:36,320] {scheduler_job.py:629} INFO - Processing file /Users/yuyatinnefeld/Desktop/projects/airflow/venv/lib/python3.9/site-packages/airflow/example_dags/example_skip_dag.py for tasks to queue
[2021-02-28 09:13:36,320] {logging_mixin.py:104} INFO - [2021-02-28 09:13:36,320] {dagbag.py:448} INFO - Filling up the DagBag from /Users/yuyatinnefeld/Desktop/projects/airflow/venv/lib/python3.9/site-packages/airflow/example_dags/example_skip_dag.py
[2021-02-28 09:13:36,324] {scheduler_job.py:639} INFO - DAG(s) dict_keys(['example_skip_dag']) retrieved from /Users/yuyatinnefeld/Desktop/projects/airflow/venv/lib/python3.9/site-packages/airflow/example_dags/example_skip_dag.py
[2021-02-28 09:13:36,347] {logging_mixin.py:104} INFO - [2021-02-28 09:13:36,347] {dag.py:1818} INFO - Sync 1 DAGs
[2021-02-28 09:13:36,353] {logging_mixin.py:104} INFO - [2021-02-28 09:13:36,353] {dag.py:2273} INFO - Setting next_dagrun for example_skip_dag to 2021-02-26 00:00:00+00:00
[2021-02-28 09:13:36,357] {scheduler_job.py:190} INFO - Processing /Users/yuyatinnefeld/Desktop/projects/airflow/venv/lib/python3.9/site-packages/airflow/example_dags/example_skip_dag.py took 0.038 seconds
[2021-02-28 09:14:23,333] {scheduler_job.py:182} INFO - Started process (PID=35009) to work on /Users/yuyatinnefeld/Desktop/projects/airflow/venv/lib/python3.9/site-packages/airflow/example_dags/example_skip_dag.py
[2021-02-28 09:14:23,335] {scheduler_job.py:629} INFO - Processing file /Users/yuyatinnefeld/Desktop/projects/airflow/venv/lib/python3.9/site-packages/airflow/example_dags/example_skip_dag.py for tasks to queue
[2021-02-28 09:14:23,335] {logging_mixin.py:104} INFO - [2021-02-28 09:14:23,335] {dagbag.py:448} INFO - Filling up the DagBag from /Users/yuyatinnefeld/Desktop/projects/airflow/venv/lib/python3.9/site-packages/airflow/example_dags/example_skip_dag.py
[2021-02-28 09:14:23,342] {scheduler_job.py:639} INFO - DAG(s) dict_keys(['example_skip_dag']) retrieved from /Users/yuyatinnefeld/Desktop/projects/airflow/venv/lib/python3.9/site-packages/airflow/example_dags/example_skip_dag.py
[2021-02-28 09:14:23,365] {logging_mixin.py:104} INFO - [2021-02-28 09:14:23,365] {dag.py:1818} INFO - Sync 1 DAGs
[2021-02-28 09:14:23,372] {logging_mixin.py:104} INFO - [2021-02-28 09:14:23,371] {dag.py:2273} INFO - Setting next_dagrun for example_skip_dag to 2021-02-26 00:00:00+00:00
[2021-02-28 09:14:23,375] {scheduler_job.py:190} INFO - Processing /Users/yuyatinnefeld/Desktop/projects/airflow/venv/lib/python3.9/site-packages/airflow/example_dags/example_skip_dag.py took 0.043 seconds
[2021-02-28 09:15:09,927] {scheduler_job.py:182} INFO - Started process (PID=35092) to work on /Users/yuyatinnefeld/Desktop/projects/airflow/venv/lib/python3.9/site-packages/airflow/example_dags/example_skip_dag.py
[2021-02-28 09:15:09,927] {scheduler_job.py:629} INFO - Processing file /Users/yuyatinnefeld/Desktop/projects/airflow/venv/lib/python3.9/site-packages/airflow/example_dags/example_skip_dag.py for tasks to queue
[2021-02-28 09:15:09,927] {logging_mixin.py:104} INFO - [2021-02-28 09:15:09,927] {dagbag.py:448} INFO - Filling up the DagBag from /Users/yuyatinnefeld/Desktop/projects/airflow/venv/lib/python3.9/site-packages/airflow/example_dags/example_skip_dag.py
[2021-02-28 09:15:09,933] {scheduler_job.py:639} INFO - DAG(s) dict_keys(['example_skip_dag']) retrieved from /Users/yuyatinnefeld/Desktop/projects/airflow/venv/lib/python3.9/site-packages/airflow/example_dags/example_skip_dag.py
[2021-02-28 09:15:09,956] {logging_mixin.py:104} INFO - [2021-02-28 09:15:09,956] {dag.py:1818} INFO - Sync 1 DAGs
[2021-02-28 09:15:09,962] {logging_mixin.py:104} INFO - [2021-02-28 09:15:09,962] {dag.py:2273} INFO - Setting next_dagrun for example_skip_dag to 2021-02-26 00:00:00+00:00
[2021-02-28 09:15:09,966] {scheduler_job.py:190} INFO - Processing /Users/yuyatinnefeld/Desktop/projects/airflow/venv/lib/python3.9/site-packages/airflow/example_dags/example_skip_dag.py took 0.040 seconds
[2021-02-28 09:15:58,006] {scheduler_job.py:182} INFO - Started process (PID=35147) to work on /Users/yuyatinnefeld/Desktop/projects/airflow/venv/lib/python3.9/site-packages/airflow/example_dags/example_skip_dag.py
[2021-02-28 09:15:58,008] {scheduler_job.py:629} INFO - Processing file /Users/yuyatinnefeld/Desktop/projects/airflow/venv/lib/python3.9/site-packages/airflow/example_dags/example_skip_dag.py for tasks to queue
[2021-02-28 09:15:58,008] {logging_mixin.py:104} INFO - [2021-02-28 09:15:58,008] {dagbag.py:448} INFO - Filling up the DagBag from /Users/yuyatinnefeld/Desktop/projects/airflow/venv/lib/python3.9/site-packages/airflow/example_dags/example_skip_dag.py
[2021-02-28 09:15:58,015] {scheduler_job.py:639} INFO - DAG(s) dict_keys(['example_skip_dag']) retrieved from /Users/yuyatinnefeld/Desktop/projects/airflow/venv/lib/python3.9/site-packages/airflow/example_dags/example_skip_dag.py
[2021-02-28 09:15:58,041] {logging_mixin.py:104} INFO - [2021-02-28 09:15:58,041] {dag.py:1818} INFO - Sync 1 DAGs
[2021-02-28 09:15:58,047] {logging_mixin.py:104} INFO - [2021-02-28 09:15:58,047] {dag.py:2273} INFO - Setting next_dagrun for example_skip_dag to 2021-02-26 00:00:00+00:00
[2021-02-28 09:15:58,051] {scheduler_job.py:190} INFO - Processing /Users/yuyatinnefeld/Desktop/projects/airflow/venv/lib/python3.9/site-packages/airflow/example_dags/example_skip_dag.py took 0.046 seconds
