[2021-02-28 09:11:35,123] {scheduler_job.py:182} INFO - Started process (PID=34658) to work on /Users/yuyatinnefeld/Desktop/projects/airflow/venv/lib/python3.9/site-packages/airflow/example_dags/example_subdag_operator.py
[2021-02-28 09:11:35,123] {scheduler_job.py:629} INFO - Processing file /Users/yuyatinnefeld/Desktop/projects/airflow/venv/lib/python3.9/site-packages/airflow/example_dags/example_subdag_operator.py for tasks to queue
[2021-02-28 09:11:35,124] {logging_mixin.py:104} INFO - [2021-02-28 09:11:35,124] {dagbag.py:448} INFO - Filling up the DagBag from /Users/yuyatinnefeld/Desktop/projects/airflow/venv/lib/python3.9/site-packages/airflow/example_dags/example_subdag_operator.py
[2021-02-28 09:11:35,156] {scheduler_job.py:639} INFO - DAG(s) dict_keys(['example_subdag_operator.section-1', 'example_subdag_operator.section-2', 'example_subdag_operator']) retrieved from /Users/yuyatinnefeld/Desktop/projects/airflow/venv/lib/python3.9/site-packages/airflow/example_dags/example_subdag_operator.py
[2021-02-28 09:11:35,163] {logging_mixin.py:104} INFO - [2021-02-28 09:11:35,163] {dag.py:1818} INFO - Sync 3 DAGs
[2021-02-28 09:11:35,169] {logging_mixin.py:104} INFO - [2021-02-28 09:11:35,168] {dag.py:2273} INFO - Setting next_dagrun for example_subdag_operator to 2021-02-26 00:00:00+00:00
[2021-02-28 09:11:35,169] {logging_mixin.py:104} INFO - [2021-02-28 09:11:35,169] {dag.py:2273} INFO - Setting next_dagrun for example_subdag_operator.section-1 to None
[2021-02-28 09:11:35,169] {logging_mixin.py:104} INFO - [2021-02-28 09:11:35,169] {dag.py:2273} INFO - Setting next_dagrun for example_subdag_operator.section-2 to None
[2021-02-28 09:11:35,171] {logging_mixin.py:104} INFO - [2021-02-28 09:11:35,171] {dag.py:1818} INFO - Sync 2 DAGs
[2021-02-28 09:11:35,175] {logging_mixin.py:104} INFO - [2021-02-28 09:11:35,175] {dag.py:2273} INFO - Setting next_dagrun for example_subdag_operator.section-1 to None
[2021-02-28 09:11:35,175] {logging_mixin.py:104} INFO - [2021-02-28 09:11:35,175] {dag.py:2273} INFO - Setting next_dagrun for example_subdag_operator.section-2 to None
[2021-02-28 09:11:35,179] {scheduler_job.py:190} INFO - Processing /Users/yuyatinnefeld/Desktop/projects/airflow/venv/lib/python3.9/site-packages/airflow/example_dags/example_subdag_operator.py took 0.056 seconds
[2021-02-28 09:12:17,514] {scheduler_job.py:182} INFO - Started process (PID=34771) to work on /Users/yuyatinnefeld/Desktop/projects/airflow/venv/lib/python3.9/site-packages/airflow/example_dags/example_subdag_operator.py
[2021-02-28 09:12:17,516] {scheduler_job.py:629} INFO - Processing file /Users/yuyatinnefeld/Desktop/projects/airflow/venv/lib/python3.9/site-packages/airflow/example_dags/example_subdag_operator.py for tasks to queue
[2021-02-28 09:12:17,516] {logging_mixin.py:104} INFO - [2021-02-28 09:12:17,516] {dagbag.py:448} INFO - Filling up the DagBag from /Users/yuyatinnefeld/Desktop/projects/airflow/venv/lib/python3.9/site-packages/airflow/example_dags/example_subdag_operator.py
[2021-02-28 09:12:17,549] {scheduler_job.py:639} INFO - DAG(s) dict_keys(['example_subdag_operator.section-1', 'example_subdag_operator.section-2', 'example_subdag_operator']) retrieved from /Users/yuyatinnefeld/Desktop/projects/airflow/venv/lib/python3.9/site-packages/airflow/example_dags/example_subdag_operator.py
[2021-02-28 09:12:17,555] {logging_mixin.py:104} INFO - [2021-02-28 09:12:17,555] {dag.py:1818} INFO - Sync 3 DAGs
[2021-02-28 09:12:17,561] {logging_mixin.py:104} INFO - [2021-02-28 09:12:17,561] {dag.py:2273} INFO - Setting next_dagrun for example_subdag_operator to 2021-02-26 00:00:00+00:00
[2021-02-28 09:12:17,561] {logging_mixin.py:104} INFO - [2021-02-28 09:12:17,561] {dag.py:2273} INFO - Setting next_dagrun for example_subdag_operator.section-1 to None
[2021-02-28 09:12:17,561] {logging_mixin.py:104} INFO - [2021-02-28 09:12:17,561] {dag.py:2273} INFO - Setting next_dagrun for example_subdag_operator.section-2 to None
[2021-02-28 09:12:17,564] {logging_mixin.py:104} INFO - [2021-02-28 09:12:17,564] {dag.py:1818} INFO - Sync 2 DAGs
[2021-02-28 09:12:17,568] {logging_mixin.py:104} INFO - [2021-02-28 09:12:17,568] {dag.py:2273} INFO - Setting next_dagrun for example_subdag_operator.section-1 to None
[2021-02-28 09:12:17,569] {logging_mixin.py:104} INFO - [2021-02-28 09:12:17,569] {dag.py:2273} INFO - Setting next_dagrun for example_subdag_operator.section-2 to None
[2021-02-28 09:12:17,571] {scheduler_job.py:190} INFO - Processing /Users/yuyatinnefeld/Desktop/projects/airflow/venv/lib/python3.9/site-packages/airflow/example_dags/example_subdag_operator.py took 0.058 seconds
[2021-02-28 09:13:02,297] {scheduler_job.py:182} INFO - Started process (PID=34915) to work on /Users/yuyatinnefeld/Desktop/projects/airflow/venv/lib/python3.9/site-packages/airflow/example_dags/example_subdag_operator.py
[2021-02-28 09:13:02,299] {scheduler_job.py:629} INFO - Processing file /Users/yuyatinnefeld/Desktop/projects/airflow/venv/lib/python3.9/site-packages/airflow/example_dags/example_subdag_operator.py for tasks to queue
[2021-02-28 09:13:02,300] {logging_mixin.py:104} INFO - [2021-02-28 09:13:02,300] {dagbag.py:448} INFO - Filling up the DagBag from /Users/yuyatinnefeld/Desktop/projects/airflow/venv/lib/python3.9/site-packages/airflow/example_dags/example_subdag_operator.py
[2021-02-28 09:13:02,331] {scheduler_job.py:639} INFO - DAG(s) dict_keys(['example_subdag_operator.section-1', 'example_subdag_operator.section-2', 'example_subdag_operator']) retrieved from /Users/yuyatinnefeld/Desktop/projects/airflow/venv/lib/python3.9/site-packages/airflow/example_dags/example_subdag_operator.py
[2021-02-28 09:13:02,337] {logging_mixin.py:104} INFO - [2021-02-28 09:13:02,337] {dag.py:1818} INFO - Sync 3 DAGs
[2021-02-28 09:13:02,342] {logging_mixin.py:104} INFO - [2021-02-28 09:13:02,342] {dag.py:2273} INFO - Setting next_dagrun for example_subdag_operator to 2021-02-26 00:00:00+00:00
[2021-02-28 09:13:02,343] {logging_mixin.py:104} INFO - [2021-02-28 09:13:02,343] {dag.py:2273} INFO - Setting next_dagrun for example_subdag_operator.section-1 to None
[2021-02-28 09:13:02,343] {logging_mixin.py:104} INFO - [2021-02-28 09:13:02,343] {dag.py:2273} INFO - Setting next_dagrun for example_subdag_operator.section-2 to None
[2021-02-28 09:13:02,345] {logging_mixin.py:104} INFO - [2021-02-28 09:13:02,345] {dag.py:1818} INFO - Sync 2 DAGs
[2021-02-28 09:13:02,349] {logging_mixin.py:104} INFO - [2021-02-28 09:13:02,349] {dag.py:2273} INFO - Setting next_dagrun for example_subdag_operator.section-1 to None
[2021-02-28 09:13:02,349] {logging_mixin.py:104} INFO - [2021-02-28 09:13:02,349] {dag.py:2273} INFO - Setting next_dagrun for example_subdag_operator.section-2 to None
[2021-02-28 09:13:02,352] {scheduler_job.py:190} INFO - Processing /Users/yuyatinnefeld/Desktop/projects/airflow/venv/lib/python3.9/site-packages/airflow/example_dags/example_subdag_operator.py took 0.055 seconds
[2021-02-28 09:13:46,698] {scheduler_job.py:182} INFO - Started process (PID=34961) to work on /Users/yuyatinnefeld/Desktop/projects/airflow/venv/lib/python3.9/site-packages/airflow/example_dags/example_subdag_operator.py
[2021-02-28 09:13:46,700] {scheduler_job.py:629} INFO - Processing file /Users/yuyatinnefeld/Desktop/projects/airflow/venv/lib/python3.9/site-packages/airflow/example_dags/example_subdag_operator.py for tasks to queue
[2021-02-28 09:13:46,700] {logging_mixin.py:104} INFO - [2021-02-28 09:13:46,700] {dagbag.py:448} INFO - Filling up the DagBag from /Users/yuyatinnefeld/Desktop/projects/airflow/venv/lib/python3.9/site-packages/airflow/example_dags/example_subdag_operator.py
[2021-02-28 09:13:46,732] {scheduler_job.py:639} INFO - DAG(s) dict_keys(['example_subdag_operator.section-1', 'example_subdag_operator.section-2', 'example_subdag_operator']) retrieved from /Users/yuyatinnefeld/Desktop/projects/airflow/venv/lib/python3.9/site-packages/airflow/example_dags/example_subdag_operator.py
[2021-02-28 09:13:46,739] {logging_mixin.py:104} INFO - [2021-02-28 09:13:46,739] {dag.py:1818} INFO - Sync 3 DAGs
[2021-02-28 09:13:46,744] {logging_mixin.py:104} INFO - [2021-02-28 09:13:46,744] {dag.py:2273} INFO - Setting next_dagrun for example_subdag_operator to 2021-02-26 00:00:00+00:00
[2021-02-28 09:13:46,745] {logging_mixin.py:104} INFO - [2021-02-28 09:13:46,745] {dag.py:2273} INFO - Setting next_dagrun for example_subdag_operator.section-1 to None
[2021-02-28 09:13:46,745] {logging_mixin.py:104} INFO - [2021-02-28 09:13:46,745] {dag.py:2273} INFO - Setting next_dagrun for example_subdag_operator.section-2 to None
[2021-02-28 09:13:46,748] {logging_mixin.py:104} INFO - [2021-02-28 09:13:46,748] {dag.py:1818} INFO - Sync 2 DAGs
[2021-02-28 09:13:46,752] {logging_mixin.py:104} INFO - [2021-02-28 09:13:46,752] {dag.py:2273} INFO - Setting next_dagrun for example_subdag_operator.section-1 to None
[2021-02-28 09:13:46,752] {logging_mixin.py:104} INFO - [2021-02-28 09:13:46,752] {dag.py:2273} INFO - Setting next_dagrun for example_subdag_operator.section-2 to None
[2021-02-28 09:13:46,755] {scheduler_job.py:190} INFO - Processing /Users/yuyatinnefeld/Desktop/projects/airflow/venv/lib/python3.9/site-packages/airflow/example_dags/example_subdag_operator.py took 0.057 seconds
[2021-02-28 09:14:33,631] {scheduler_job.py:182} INFO - Started process (PID=35021) to work on /Users/yuyatinnefeld/Desktop/projects/airflow/venv/lib/python3.9/site-packages/airflow/example_dags/example_subdag_operator.py
[2021-02-28 09:14:33,633] {scheduler_job.py:629} INFO - Processing file /Users/yuyatinnefeld/Desktop/projects/airflow/venv/lib/python3.9/site-packages/airflow/example_dags/example_subdag_operator.py for tasks to queue
[2021-02-28 09:14:33,633] {logging_mixin.py:104} INFO - [2021-02-28 09:14:33,633] {dagbag.py:448} INFO - Filling up the DagBag from /Users/yuyatinnefeld/Desktop/projects/airflow/venv/lib/python3.9/site-packages/airflow/example_dags/example_subdag_operator.py
[2021-02-28 09:14:33,665] {scheduler_job.py:639} INFO - DAG(s) dict_keys(['example_subdag_operator.section-1', 'example_subdag_operator.section-2', 'example_subdag_operator']) retrieved from /Users/yuyatinnefeld/Desktop/projects/airflow/venv/lib/python3.9/site-packages/airflow/example_dags/example_subdag_operator.py
[2021-02-28 09:14:33,672] {logging_mixin.py:104} INFO - [2021-02-28 09:14:33,672] {dag.py:1818} INFO - Sync 3 DAGs
[2021-02-28 09:14:33,677] {logging_mixin.py:104} INFO - [2021-02-28 09:14:33,677] {dag.py:2273} INFO - Setting next_dagrun for example_subdag_operator to 2021-02-26 00:00:00+00:00
[2021-02-28 09:14:33,678] {logging_mixin.py:104} INFO - [2021-02-28 09:14:33,678] {dag.py:2273} INFO - Setting next_dagrun for example_subdag_operator.section-1 to None
[2021-02-28 09:14:33,678] {logging_mixin.py:104} INFO - [2021-02-28 09:14:33,678] {dag.py:2273} INFO - Setting next_dagrun for example_subdag_operator.section-2 to None
[2021-02-28 09:14:33,681] {logging_mixin.py:104} INFO - [2021-02-28 09:14:33,681] {dag.py:1818} INFO - Sync 2 DAGs
[2021-02-28 09:14:33,685] {logging_mixin.py:104} INFO - [2021-02-28 09:14:33,685] {dag.py:2273} INFO - Setting next_dagrun for example_subdag_operator.section-1 to None
[2021-02-28 09:14:33,685] {logging_mixin.py:104} INFO - [2021-02-28 09:14:33,685] {dag.py:2273} INFO - Setting next_dagrun for example_subdag_operator.section-2 to None
[2021-02-28 09:14:33,689] {scheduler_job.py:190} INFO - Processing /Users/yuyatinnefeld/Desktop/projects/airflow/venv/lib/python3.9/site-packages/airflow/example_dags/example_subdag_operator.py took 0.059 seconds
[2021-02-28 09:15:20,374] {scheduler_job.py:182} INFO - Started process (PID=35108) to work on /Users/yuyatinnefeld/Desktop/projects/airflow/venv/lib/python3.9/site-packages/airflow/example_dags/example_subdag_operator.py
[2021-02-28 09:15:20,376] {scheduler_job.py:629} INFO - Processing file /Users/yuyatinnefeld/Desktop/projects/airflow/venv/lib/python3.9/site-packages/airflow/example_dags/example_subdag_operator.py for tasks to queue
[2021-02-28 09:15:20,376] {logging_mixin.py:104} INFO - [2021-02-28 09:15:20,376] {dagbag.py:448} INFO - Filling up the DagBag from /Users/yuyatinnefeld/Desktop/projects/airflow/venv/lib/python3.9/site-packages/airflow/example_dags/example_subdag_operator.py
[2021-02-28 09:15:20,406] {scheduler_job.py:639} INFO - DAG(s) dict_keys(['example_subdag_operator.section-1', 'example_subdag_operator.section-2', 'example_subdag_operator']) retrieved from /Users/yuyatinnefeld/Desktop/projects/airflow/venv/lib/python3.9/site-packages/airflow/example_dags/example_subdag_operator.py
[2021-02-28 09:15:20,412] {logging_mixin.py:104} INFO - [2021-02-28 09:15:20,412] {dag.py:1818} INFO - Sync 3 DAGs
[2021-02-28 09:15:20,419] {logging_mixin.py:104} INFO - [2021-02-28 09:15:20,418] {dag.py:2273} INFO - Setting next_dagrun for example_subdag_operator to 2021-02-26 00:00:00+00:00
[2021-02-28 09:15:20,419] {logging_mixin.py:104} INFO - [2021-02-28 09:15:20,419] {dag.py:2273} INFO - Setting next_dagrun for example_subdag_operator.section-1 to None
[2021-02-28 09:15:20,419] {logging_mixin.py:104} INFO - [2021-02-28 09:15:20,419] {dag.py:2273} INFO - Setting next_dagrun for example_subdag_operator.section-2 to None
[2021-02-28 09:15:20,421] {logging_mixin.py:104} INFO - [2021-02-28 09:15:20,421] {dag.py:1818} INFO - Sync 2 DAGs
[2021-02-28 09:15:20,426] {logging_mixin.py:104} INFO - [2021-02-28 09:15:20,425] {dag.py:2273} INFO - Setting next_dagrun for example_subdag_operator.section-1 to None
[2021-02-28 09:15:20,426] {logging_mixin.py:104} INFO - [2021-02-28 09:15:20,426] {dag.py:2273} INFO - Setting next_dagrun for example_subdag_operator.section-2 to None
[2021-02-28 09:15:20,428] {scheduler_job.py:190} INFO - Processing /Users/yuyatinnefeld/Desktop/projects/airflow/venv/lib/python3.9/site-packages/airflow/example_dags/example_subdag_operator.py took 0.055 seconds
