[2021-02-28 09:11:46,140] {scheduler_job.py:182} INFO - Started process (PID=34666) to work on /Users/yuyatinnefeld/Desktop/projects/airflow/venv/lib/python3.9/site-packages/airflow/example_dags/example_task_group.py
[2021-02-28 09:11:46,140] {scheduler_job.py:629} INFO - Processing file /Users/yuyatinnefeld/Desktop/projects/airflow/venv/lib/python3.9/site-packages/airflow/example_dags/example_task_group.py for tasks to queue
[2021-02-28 09:11:46,141] {logging_mixin.py:104} INFO - [2021-02-28 09:11:46,141] {dagbag.py:448} INFO - Filling up the DagBag from /Users/yuyatinnefeld/Desktop/projects/airflow/venv/lib/python3.9/site-packages/airflow/example_dags/example_task_group.py
[2021-02-28 09:11:46,150] {scheduler_job.py:639} INFO - DAG(s) dict_keys(['example_task_group']) retrieved from /Users/yuyatinnefeld/Desktop/projects/airflow/venv/lib/python3.9/site-packages/airflow/example_dags/example_task_group.py
[2021-02-28 09:11:46,174] {logging_mixin.py:104} INFO - [2021-02-28 09:11:46,174] {dag.py:1818} INFO - Sync 1 DAGs
[2021-02-28 09:11:46,179] {logging_mixin.py:104} INFO - [2021-02-28 09:11:46,179] {dag.py:2273} INFO - Setting next_dagrun for example_task_group to 2021-02-26 00:00:00+00:00
[2021-02-28 09:11:46,186] {scheduler_job.py:190} INFO - Processing /Users/yuyatinnefeld/Desktop/projects/airflow/venv/lib/python3.9/site-packages/airflow/example_dags/example_task_group.py took 0.046 seconds
[2021-02-28 09:12:28,744] {scheduler_job.py:182} INFO - Started process (PID=34782) to work on /Users/yuyatinnefeld/Desktop/projects/airflow/venv/lib/python3.9/site-packages/airflow/example_dags/example_task_group.py
[2021-02-28 09:12:28,746] {scheduler_job.py:629} INFO - Processing file /Users/yuyatinnefeld/Desktop/projects/airflow/venv/lib/python3.9/site-packages/airflow/example_dags/example_task_group.py for tasks to queue
[2021-02-28 09:12:28,747] {logging_mixin.py:104} INFO - [2021-02-28 09:12:28,747] {dagbag.py:448} INFO - Filling up the DagBag from /Users/yuyatinnefeld/Desktop/projects/airflow/venv/lib/python3.9/site-packages/airflow/example_dags/example_task_group.py
[2021-02-28 09:12:28,755] {scheduler_job.py:639} INFO - DAG(s) dict_keys(['example_task_group']) retrieved from /Users/yuyatinnefeld/Desktop/projects/airflow/venv/lib/python3.9/site-packages/airflow/example_dags/example_task_group.py
[2021-02-28 09:12:28,781] {logging_mixin.py:104} INFO - [2021-02-28 09:12:28,781] {dag.py:1818} INFO - Sync 1 DAGs
[2021-02-28 09:12:28,788] {logging_mixin.py:104} INFO - [2021-02-28 09:12:28,788] {dag.py:2273} INFO - Setting next_dagrun for example_task_group to 2021-02-26 00:00:00+00:00
[2021-02-28 09:12:28,792] {scheduler_job.py:190} INFO - Processing /Users/yuyatinnefeld/Desktop/projects/airflow/venv/lib/python3.9/site-packages/airflow/example_dags/example_task_group.py took 0.048 seconds
[2021-02-28 09:13:15,803] {scheduler_job.py:182} INFO - Started process (PID=34925) to work on /Users/yuyatinnefeld/Desktop/projects/airflow/venv/lib/python3.9/site-packages/airflow/example_dags/example_task_group.py
[2021-02-28 09:13:15,804] {scheduler_job.py:629} INFO - Processing file /Users/yuyatinnefeld/Desktop/projects/airflow/venv/lib/python3.9/site-packages/airflow/example_dags/example_task_group.py for tasks to queue
[2021-02-28 09:13:15,804] {logging_mixin.py:104} INFO - [2021-02-28 09:13:15,804] {dagbag.py:448} INFO - Filling up the DagBag from /Users/yuyatinnefeld/Desktop/projects/airflow/venv/lib/python3.9/site-packages/airflow/example_dags/example_task_group.py
[2021-02-28 09:13:15,811] {scheduler_job.py:639} INFO - DAG(s) dict_keys(['example_task_group']) retrieved from /Users/yuyatinnefeld/Desktop/projects/airflow/venv/lib/python3.9/site-packages/airflow/example_dags/example_task_group.py
[2021-02-28 09:13:15,835] {logging_mixin.py:104} INFO - [2021-02-28 09:13:15,835] {dag.py:1818} INFO - Sync 1 DAGs
[2021-02-28 09:13:15,840] {logging_mixin.py:104} INFO - [2021-02-28 09:13:15,840] {dag.py:2273} INFO - Setting next_dagrun for example_task_group to 2021-02-26 00:00:00+00:00
[2021-02-28 09:13:15,847] {scheduler_job.py:190} INFO - Processing /Users/yuyatinnefeld/Desktop/projects/airflow/venv/lib/python3.9/site-packages/airflow/example_dags/example_task_group.py took 0.044 seconds
[2021-02-28 09:14:00,811] {scheduler_job.py:182} INFO - Started process (PID=34978) to work on /Users/yuyatinnefeld/Desktop/projects/airflow/venv/lib/python3.9/site-packages/airflow/example_dags/example_task_group.py
[2021-02-28 09:14:00,813] {scheduler_job.py:629} INFO - Processing file /Users/yuyatinnefeld/Desktop/projects/airflow/venv/lib/python3.9/site-packages/airflow/example_dags/example_task_group.py for tasks to queue
[2021-02-28 09:14:00,814] {logging_mixin.py:104} INFO - [2021-02-28 09:14:00,814] {dagbag.py:448} INFO - Filling up the DagBag from /Users/yuyatinnefeld/Desktop/projects/airflow/venv/lib/python3.9/site-packages/airflow/example_dags/example_task_group.py
[2021-02-28 09:14:00,823] {scheduler_job.py:639} INFO - DAG(s) dict_keys(['example_task_group']) retrieved from /Users/yuyatinnefeld/Desktop/projects/airflow/venv/lib/python3.9/site-packages/airflow/example_dags/example_task_group.py
[2021-02-28 09:14:00,848] {logging_mixin.py:104} INFO - [2021-02-28 09:14:00,848] {dag.py:1818} INFO - Sync 1 DAGs
[2021-02-28 09:14:00,853] {logging_mixin.py:104} INFO - [2021-02-28 09:14:00,853] {dag.py:2273} INFO - Setting next_dagrun for example_task_group to 2021-02-26 00:00:00+00:00
[2021-02-28 09:14:00,859] {scheduler_job.py:190} INFO - Processing /Users/yuyatinnefeld/Desktop/projects/airflow/venv/lib/python3.9/site-packages/airflow/example_dags/example_task_group.py took 0.049 seconds
[2021-02-28 09:14:47,348] {scheduler_job.py:182} INFO - Started process (PID=35032) to work on /Users/yuyatinnefeld/Desktop/projects/airflow/venv/lib/python3.9/site-packages/airflow/example_dags/example_task_group.py
[2021-02-28 09:14:47,350] {scheduler_job.py:629} INFO - Processing file /Users/yuyatinnefeld/Desktop/projects/airflow/venv/lib/python3.9/site-packages/airflow/example_dags/example_task_group.py for tasks to queue
[2021-02-28 09:14:47,350] {logging_mixin.py:104} INFO - [2021-02-28 09:14:47,350] {dagbag.py:448} INFO - Filling up the DagBag from /Users/yuyatinnefeld/Desktop/projects/airflow/venv/lib/python3.9/site-packages/airflow/example_dags/example_task_group.py
[2021-02-28 09:14:47,356] {scheduler_job.py:639} INFO - DAG(s) dict_keys(['example_task_group']) retrieved from /Users/yuyatinnefeld/Desktop/projects/airflow/venv/lib/python3.9/site-packages/airflow/example_dags/example_task_group.py
[2021-02-28 09:14:47,388] {logging_mixin.py:104} INFO - [2021-02-28 09:14:47,388] {dag.py:1818} INFO - Sync 1 DAGs
[2021-02-28 09:14:47,393] {logging_mixin.py:104} INFO - [2021-02-28 09:14:47,393] {dag.py:2273} INFO - Setting next_dagrun for example_task_group to 2021-02-26 00:00:00+00:00
[2021-02-28 09:14:47,403] {scheduler_job.py:190} INFO - Processing /Users/yuyatinnefeld/Desktop/projects/airflow/venv/lib/python3.9/site-packages/airflow/example_dags/example_task_group.py took 0.055 seconds
[2021-02-28 09:15:34,115] {scheduler_job.py:182} INFO - Started process (PID=35122) to work on /Users/yuyatinnefeld/Desktop/projects/airflow/venv/lib/python3.9/site-packages/airflow/example_dags/example_task_group.py
[2021-02-28 09:15:34,115] {scheduler_job.py:629} INFO - Processing file /Users/yuyatinnefeld/Desktop/projects/airflow/venv/lib/python3.9/site-packages/airflow/example_dags/example_task_group.py for tasks to queue
[2021-02-28 09:15:34,116] {logging_mixin.py:104} INFO - [2021-02-28 09:15:34,115] {dagbag.py:448} INFO - Filling up the DagBag from /Users/yuyatinnefeld/Desktop/projects/airflow/venv/lib/python3.9/site-packages/airflow/example_dags/example_task_group.py
[2021-02-28 09:15:34,121] {scheduler_job.py:639} INFO - DAG(s) dict_keys(['example_task_group']) retrieved from /Users/yuyatinnefeld/Desktop/projects/airflow/venv/lib/python3.9/site-packages/airflow/example_dags/example_task_group.py
[2021-02-28 09:15:34,145] {logging_mixin.py:104} INFO - [2021-02-28 09:15:34,145] {dag.py:1818} INFO - Sync 1 DAGs
[2021-02-28 09:15:34,152] {logging_mixin.py:104} INFO - [2021-02-28 09:15:34,152] {dag.py:2273} INFO - Setting next_dagrun for example_task_group to 2021-02-26 00:00:00+00:00
[2021-02-28 09:15:34,160] {scheduler_job.py:190} INFO - Processing /Users/yuyatinnefeld/Desktop/projects/airflow/venv/lib/python3.9/site-packages/airflow/example_dags/example_task_group.py took 0.046 seconds
