[2021-02-28 09:11:49,364] {scheduler_job.py:182} INFO - Started process (PID=34676) to work on /Users/yuyatinnefeld/Desktop/projects/airflow/venv/lib/python3.9/site-packages/airflow/example_dags/example_kubernetes_executor.py
[2021-02-28 09:11:49,364] {scheduler_job.py:629} INFO - Processing file /Users/yuyatinnefeld/Desktop/projects/airflow/venv/lib/python3.9/site-packages/airflow/example_dags/example_kubernetes_executor.py for tasks to queue
[2021-02-28 09:11:49,365] {logging_mixin.py:104} INFO - [2021-02-28 09:11:49,365] {dagbag.py:448} INFO - Filling up the DagBag from /Users/yuyatinnefeld/Desktop/projects/airflow/venv/lib/python3.9/site-packages/airflow/example_dags/example_kubernetes_executor.py
[2021-02-28 09:11:49,374] {scheduler_job.py:639} INFO - DAG(s) dict_keys(['example_kubernetes_executor']) retrieved from /Users/yuyatinnefeld/Desktop/projects/airflow/venv/lib/python3.9/site-packages/airflow/example_dags/example_kubernetes_executor.py
[2021-02-28 09:11:49,399] {logging_mixin.py:104} INFO - [2021-02-28 09:11:49,399] {dag.py:1818} INFO - Sync 1 DAGs
[2021-02-28 09:11:49,404] {logging_mixin.py:104} INFO - [2021-02-28 09:11:49,404] {dag.py:2273} INFO - Setting next_dagrun for example_kubernetes_executor to None
[2021-02-28 09:11:49,413] {scheduler_job.py:190} INFO - Processing /Users/yuyatinnefeld/Desktop/projects/airflow/venv/lib/python3.9/site-packages/airflow/example_dags/example_kubernetes_executor.py took 0.049 seconds
[2021-02-28 09:12:33,118] {scheduler_job.py:182} INFO - Started process (PID=34874) to work on /Users/yuyatinnefeld/Desktop/projects/airflow/venv/lib/python3.9/site-packages/airflow/example_dags/example_kubernetes_executor.py
[2021-02-28 09:12:33,120] {scheduler_job.py:629} INFO - Processing file /Users/yuyatinnefeld/Desktop/projects/airflow/venv/lib/python3.9/site-packages/airflow/example_dags/example_kubernetes_executor.py for tasks to queue
[2021-02-28 09:12:33,120] {logging_mixin.py:104} INFO - [2021-02-28 09:12:33,120] {dagbag.py:448} INFO - Filling up the DagBag from /Users/yuyatinnefeld/Desktop/projects/airflow/venv/lib/python3.9/site-packages/airflow/example_dags/example_kubernetes_executor.py
[2021-02-28 09:12:33,130] {scheduler_job.py:639} INFO - DAG(s) dict_keys(['example_kubernetes_executor']) retrieved from /Users/yuyatinnefeld/Desktop/projects/airflow/venv/lib/python3.9/site-packages/airflow/example_dags/example_kubernetes_executor.py
[2021-02-28 09:12:33,155] {logging_mixin.py:104} INFO - [2021-02-28 09:12:33,155] {dag.py:1818} INFO - Sync 1 DAGs
[2021-02-28 09:12:33,160] {logging_mixin.py:104} INFO - [2021-02-28 09:12:33,160] {dag.py:2273} INFO - Setting next_dagrun for example_kubernetes_executor to None
[2021-02-28 09:12:33,167] {scheduler_job.py:190} INFO - Processing /Users/yuyatinnefeld/Desktop/projects/airflow/venv/lib/python3.9/site-packages/airflow/example_dags/example_kubernetes_executor.py took 0.050 seconds
[2021-02-28 09:13:19,171] {scheduler_job.py:182} INFO - Started process (PID=34927) to work on /Users/yuyatinnefeld/Desktop/projects/airflow/venv/lib/python3.9/site-packages/airflow/example_dags/example_kubernetes_executor.py
[2021-02-28 09:13:19,172] {scheduler_job.py:629} INFO - Processing file /Users/yuyatinnefeld/Desktop/projects/airflow/venv/lib/python3.9/site-packages/airflow/example_dags/example_kubernetes_executor.py for tasks to queue
[2021-02-28 09:13:19,172] {logging_mixin.py:104} INFO - [2021-02-28 09:13:19,172] {dagbag.py:448} INFO - Filling up the DagBag from /Users/yuyatinnefeld/Desktop/projects/airflow/venv/lib/python3.9/site-packages/airflow/example_dags/example_kubernetes_executor.py
[2021-02-28 09:13:19,177] {scheduler_job.py:639} INFO - DAG(s) dict_keys(['example_kubernetes_executor']) retrieved from /Users/yuyatinnefeld/Desktop/projects/airflow/venv/lib/python3.9/site-packages/airflow/example_dags/example_kubernetes_executor.py
[2021-02-28 09:13:19,201] {logging_mixin.py:104} INFO - [2021-02-28 09:13:19,201] {dag.py:1818} INFO - Sync 1 DAGs
[2021-02-28 09:13:19,206] {logging_mixin.py:104} INFO - [2021-02-28 09:13:19,206] {dag.py:2273} INFO - Setting next_dagrun for example_kubernetes_executor to None
[2021-02-28 09:13:19,214] {scheduler_job.py:190} INFO - Processing /Users/yuyatinnefeld/Desktop/projects/airflow/venv/lib/python3.9/site-packages/airflow/example_dags/example_kubernetes_executor.py took 0.043 seconds
[2021-02-28 09:14:04,144] {scheduler_job.py:182} INFO - Started process (PID=34980) to work on /Users/yuyatinnefeld/Desktop/projects/airflow/venv/lib/python3.9/site-packages/airflow/example_dags/example_kubernetes_executor.py
[2021-02-28 09:14:04,146] {scheduler_job.py:629} INFO - Processing file /Users/yuyatinnefeld/Desktop/projects/airflow/venv/lib/python3.9/site-packages/airflow/example_dags/example_kubernetes_executor.py for tasks to queue
[2021-02-28 09:14:04,146] {logging_mixin.py:104} INFO - [2021-02-28 09:14:04,146] {dagbag.py:448} INFO - Filling up the DagBag from /Users/yuyatinnefeld/Desktop/projects/airflow/venv/lib/python3.9/site-packages/airflow/example_dags/example_kubernetes_executor.py
[2021-02-28 09:14:04,153] {scheduler_job.py:639} INFO - DAG(s) dict_keys(['example_kubernetes_executor']) retrieved from /Users/yuyatinnefeld/Desktop/projects/airflow/venv/lib/python3.9/site-packages/airflow/example_dags/example_kubernetes_executor.py
[2021-02-28 09:14:04,178] {logging_mixin.py:104} INFO - [2021-02-28 09:14:04,177] {dag.py:1818} INFO - Sync 1 DAGs
[2021-02-28 09:14:04,183] {logging_mixin.py:104} INFO - [2021-02-28 09:14:04,182] {dag.py:2273} INFO - Setting next_dagrun for example_kubernetes_executor to None
[2021-02-28 09:14:04,189] {scheduler_job.py:190} INFO - Processing /Users/yuyatinnefeld/Desktop/projects/airflow/venv/lib/python3.9/site-packages/airflow/example_dags/example_kubernetes_executor.py took 0.046 seconds
[2021-02-28 09:14:50,816] {scheduler_job.py:182} INFO - Started process (PID=35038) to work on /Users/yuyatinnefeld/Desktop/projects/airflow/venv/lib/python3.9/site-packages/airflow/example_dags/example_kubernetes_executor.py
[2021-02-28 09:14:50,818] {scheduler_job.py:629} INFO - Processing file /Users/yuyatinnefeld/Desktop/projects/airflow/venv/lib/python3.9/site-packages/airflow/example_dags/example_kubernetes_executor.py for tasks to queue
[2021-02-28 09:14:50,819] {logging_mixin.py:104} INFO - [2021-02-28 09:14:50,819] {dagbag.py:448} INFO - Filling up the DagBag from /Users/yuyatinnefeld/Desktop/projects/airflow/venv/lib/python3.9/site-packages/airflow/example_dags/example_kubernetes_executor.py
[2021-02-28 09:14:50,825] {scheduler_job.py:639} INFO - DAG(s) dict_keys(['example_kubernetes_executor']) retrieved from /Users/yuyatinnefeld/Desktop/projects/airflow/venv/lib/python3.9/site-packages/airflow/example_dags/example_kubernetes_executor.py
[2021-02-28 09:14:50,850] {logging_mixin.py:104} INFO - [2021-02-28 09:14:50,850] {dag.py:1818} INFO - Sync 1 DAGs
[2021-02-28 09:14:50,855] {logging_mixin.py:104} INFO - [2021-02-28 09:14:50,855] {dag.py:2273} INFO - Setting next_dagrun for example_kubernetes_executor to None
[2021-02-28 09:14:50,863] {scheduler_job.py:190} INFO - Processing /Users/yuyatinnefeld/Desktop/projects/airflow/venv/lib/python3.9/site-packages/airflow/example_dags/example_kubernetes_executor.py took 0.047 seconds
[2021-02-28 09:15:37,534] {scheduler_job.py:182} INFO - Started process (PID=35125) to work on /Users/yuyatinnefeld/Desktop/projects/airflow/venv/lib/python3.9/site-packages/airflow/example_dags/example_kubernetes_executor.py
[2021-02-28 09:15:37,534] {scheduler_job.py:629} INFO - Processing file /Users/yuyatinnefeld/Desktop/projects/airflow/venv/lib/python3.9/site-packages/airflow/example_dags/example_kubernetes_executor.py for tasks to queue
[2021-02-28 09:15:37,535] {logging_mixin.py:104} INFO - [2021-02-28 09:15:37,535] {dagbag.py:448} INFO - Filling up the DagBag from /Users/yuyatinnefeld/Desktop/projects/airflow/venv/lib/python3.9/site-packages/airflow/example_dags/example_kubernetes_executor.py
[2021-02-28 09:15:37,546] {scheduler_job.py:639} INFO - DAG(s) dict_keys(['example_kubernetes_executor']) retrieved from /Users/yuyatinnefeld/Desktop/projects/airflow/venv/lib/python3.9/site-packages/airflow/example_dags/example_kubernetes_executor.py
[2021-02-28 09:15:37,573] {logging_mixin.py:104} INFO - [2021-02-28 09:15:37,573] {dag.py:1818} INFO - Sync 1 DAGs
[2021-02-28 09:15:37,579] {logging_mixin.py:104} INFO - [2021-02-28 09:15:37,579] {dag.py:2273} INFO - Setting next_dagrun for example_kubernetes_executor to None
[2021-02-28 09:15:37,587] {scheduler_job.py:190} INFO - Processing /Users/yuyatinnefeld/Desktop/projects/airflow/venv/lib/python3.9/site-packages/airflow/example_dags/example_kubernetes_executor.py took 0.054 seconds
