[2021-02-28 09:11:43,719] {scheduler_job.py:182} INFO - Started process (PID=34664) to work on /Users/yuyatinnefeld/Desktop/projects/airflow/venv/lib/python3.9/site-packages/airflow/example_dags/example_complex.py
[2021-02-28 09:11:43,720] {scheduler_job.py:629} INFO - Processing file /Users/yuyatinnefeld/Desktop/projects/airflow/venv/lib/python3.9/site-packages/airflow/example_dags/example_complex.py for tasks to queue
[2021-02-28 09:11:43,720] {logging_mixin.py:104} INFO - [2021-02-28 09:11:43,720] {dagbag.py:448} INFO - Filling up the DagBag from /Users/yuyatinnefeld/Desktop/projects/airflow/venv/lib/python3.9/site-packages/airflow/example_dags/example_complex.py
[2021-02-28 09:11:43,731] {scheduler_job.py:639} INFO - DAG(s) dict_keys(['example_complex']) retrieved from /Users/yuyatinnefeld/Desktop/projects/airflow/venv/lib/python3.9/site-packages/airflow/example_dags/example_complex.py
[2021-02-28 09:11:43,763] {logging_mixin.py:104} INFO - [2021-02-28 09:11:43,763] {dag.py:1818} INFO - Sync 1 DAGs
[2021-02-28 09:11:43,769] {logging_mixin.py:104} INFO - [2021-02-28 09:11:43,769] {dag.py:2273} INFO - Setting next_dagrun for example_complex to None
[2021-02-28 09:11:43,776] {scheduler_job.py:190} INFO - Processing /Users/yuyatinnefeld/Desktop/projects/airflow/venv/lib/python3.9/site-packages/airflow/example_dags/example_complex.py took 0.057 seconds
[2021-02-28 09:12:25,099] {scheduler_job.py:182} INFO - Started process (PID=34777) to work on /Users/yuyatinnefeld/Desktop/projects/airflow/venv/lib/python3.9/site-packages/airflow/example_dags/example_complex.py
[2021-02-28 09:12:25,101] {scheduler_job.py:629} INFO - Processing file /Users/yuyatinnefeld/Desktop/projects/airflow/venv/lib/python3.9/site-packages/airflow/example_dags/example_complex.py for tasks to queue
[2021-02-28 09:12:25,101] {logging_mixin.py:104} INFO - [2021-02-28 09:12:25,101] {dagbag.py:448} INFO - Filling up the DagBag from /Users/yuyatinnefeld/Desktop/projects/airflow/venv/lib/python3.9/site-packages/airflow/example_dags/example_complex.py
[2021-02-28 09:12:25,109] {scheduler_job.py:639} INFO - DAG(s) dict_keys(['example_complex']) retrieved from /Users/yuyatinnefeld/Desktop/projects/airflow/venv/lib/python3.9/site-packages/airflow/example_dags/example_complex.py
[2021-02-28 09:12:25,137] {logging_mixin.py:104} INFO - [2021-02-28 09:12:25,137] {dag.py:1818} INFO - Sync 1 DAGs
[2021-02-28 09:12:25,142] {logging_mixin.py:104} INFO - [2021-02-28 09:12:25,142] {dag.py:2273} INFO - Setting next_dagrun for example_complex to None
[2021-02-28 09:12:25,150] {scheduler_job.py:190} INFO - Processing /Users/yuyatinnefeld/Desktop/projects/airflow/venv/lib/python3.9/site-packages/airflow/example_dags/example_complex.py took 0.052 seconds
[2021-02-28 09:13:12,389] {scheduler_job.py:182} INFO - Started process (PID=34922) to work on /Users/yuyatinnefeld/Desktop/projects/airflow/venv/lib/python3.9/site-packages/airflow/example_dags/example_complex.py
[2021-02-28 09:13:12,390] {scheduler_job.py:629} INFO - Processing file /Users/yuyatinnefeld/Desktop/projects/airflow/venv/lib/python3.9/site-packages/airflow/example_dags/example_complex.py for tasks to queue
[2021-02-28 09:13:12,390] {logging_mixin.py:104} INFO - [2021-02-28 09:13:12,390] {dagbag.py:448} INFO - Filling up the DagBag from /Users/yuyatinnefeld/Desktop/projects/airflow/venv/lib/python3.9/site-packages/airflow/example_dags/example_complex.py
[2021-02-28 09:13:12,404] {scheduler_job.py:639} INFO - DAG(s) dict_keys(['example_complex']) retrieved from /Users/yuyatinnefeld/Desktop/projects/airflow/venv/lib/python3.9/site-packages/airflow/example_dags/example_complex.py
[2021-02-28 09:13:12,431] {logging_mixin.py:104} INFO - [2021-02-28 09:13:12,431] {dag.py:1818} INFO - Sync 1 DAGs
[2021-02-28 09:13:12,436] {logging_mixin.py:104} INFO - [2021-02-28 09:13:12,436] {dag.py:2273} INFO - Setting next_dagrun for example_complex to None
[2021-02-28 09:13:12,443] {scheduler_job.py:190} INFO - Processing /Users/yuyatinnefeld/Desktop/projects/airflow/venv/lib/python3.9/site-packages/airflow/example_dags/example_complex.py took 0.054 seconds
[2021-02-28 09:13:57,242] {scheduler_job.py:182} INFO - Started process (PID=34976) to work on /Users/yuyatinnefeld/Desktop/projects/airflow/venv/lib/python3.9/site-packages/airflow/example_dags/example_complex.py
[2021-02-28 09:13:57,245] {scheduler_job.py:629} INFO - Processing file /Users/yuyatinnefeld/Desktop/projects/airflow/venv/lib/python3.9/site-packages/airflow/example_dags/example_complex.py for tasks to queue
[2021-02-28 09:13:57,245] {logging_mixin.py:104} INFO - [2021-02-28 09:13:57,245] {dagbag.py:448} INFO - Filling up the DagBag from /Users/yuyatinnefeld/Desktop/projects/airflow/venv/lib/python3.9/site-packages/airflow/example_dags/example_complex.py
[2021-02-28 09:13:57,256] {scheduler_job.py:639} INFO - DAG(s) dict_keys(['example_complex']) retrieved from /Users/yuyatinnefeld/Desktop/projects/airflow/venv/lib/python3.9/site-packages/airflow/example_dags/example_complex.py
[2021-02-28 09:13:57,282] {logging_mixin.py:104} INFO - [2021-02-28 09:13:57,282] {dag.py:1818} INFO - Sync 1 DAGs
[2021-02-28 09:13:57,287] {logging_mixin.py:104} INFO - [2021-02-28 09:13:57,287] {dag.py:2273} INFO - Setting next_dagrun for example_complex to None
[2021-02-28 09:13:57,295] {scheduler_job.py:190} INFO - Processing /Users/yuyatinnefeld/Desktop/projects/airflow/venv/lib/python3.9/site-packages/airflow/example_dags/example_complex.py took 0.053 seconds
[2021-02-28 09:14:43,888] {scheduler_job.py:182} INFO - Started process (PID=35029) to work on /Users/yuyatinnefeld/Desktop/projects/airflow/venv/lib/python3.9/site-packages/airflow/example_dags/example_complex.py
[2021-02-28 09:14:43,890] {scheduler_job.py:629} INFO - Processing file /Users/yuyatinnefeld/Desktop/projects/airflow/venv/lib/python3.9/site-packages/airflow/example_dags/example_complex.py for tasks to queue
[2021-02-28 09:14:43,891] {logging_mixin.py:104} INFO - [2021-02-28 09:14:43,890] {dagbag.py:448} INFO - Filling up the DagBag from /Users/yuyatinnefeld/Desktop/projects/airflow/venv/lib/python3.9/site-packages/airflow/example_dags/example_complex.py
[2021-02-28 09:14:43,900] {scheduler_job.py:639} INFO - DAG(s) dict_keys(['example_complex']) retrieved from /Users/yuyatinnefeld/Desktop/projects/airflow/venv/lib/python3.9/site-packages/airflow/example_dags/example_complex.py
[2021-02-28 09:14:43,930] {logging_mixin.py:104} INFO - [2021-02-28 09:14:43,930] {dag.py:1818} INFO - Sync 1 DAGs
[2021-02-28 09:14:43,935] {logging_mixin.py:104} INFO - [2021-02-28 09:14:43,935] {dag.py:2273} INFO - Setting next_dagrun for example_complex to None
[2021-02-28 09:14:43,942] {scheduler_job.py:190} INFO - Processing /Users/yuyatinnefeld/Desktop/projects/airflow/venv/lib/python3.9/site-packages/airflow/example_dags/example_complex.py took 0.055 seconds
[2021-02-28 09:15:30,677] {scheduler_job.py:182} INFO - Started process (PID=35120) to work on /Users/yuyatinnefeld/Desktop/projects/airflow/venv/lib/python3.9/site-packages/airflow/example_dags/example_complex.py
[2021-02-28 09:15:30,679] {scheduler_job.py:629} INFO - Processing file /Users/yuyatinnefeld/Desktop/projects/airflow/venv/lib/python3.9/site-packages/airflow/example_dags/example_complex.py for tasks to queue
[2021-02-28 09:15:30,680] {logging_mixin.py:104} INFO - [2021-02-28 09:15:30,680] {dagbag.py:448} INFO - Filling up the DagBag from /Users/yuyatinnefeld/Desktop/projects/airflow/venv/lib/python3.9/site-packages/airflow/example_dags/example_complex.py
[2021-02-28 09:15:30,690] {scheduler_job.py:639} INFO - DAG(s) dict_keys(['example_complex']) retrieved from /Users/yuyatinnefeld/Desktop/projects/airflow/venv/lib/python3.9/site-packages/airflow/example_dags/example_complex.py
[2021-02-28 09:15:30,728] {logging_mixin.py:104} INFO - [2021-02-28 09:15:30,728] {dag.py:1818} INFO - Sync 1 DAGs
[2021-02-28 09:15:30,734] {logging_mixin.py:104} INFO - [2021-02-28 09:15:30,734] {dag.py:2273} INFO - Setting next_dagrun for example_complex to None
[2021-02-28 09:15:30,742] {scheduler_job.py:190} INFO - Processing /Users/yuyatinnefeld/Desktop/projects/airflow/venv/lib/python3.9/site-packages/airflow/example_dags/example_complex.py took 0.066 seconds
