[2021-02-28 09:11:51,051] {scheduler_job.py:182} INFO - Started process (PID=34677) to work on /Users/yuyatinnefeld/Desktop/projects/airflow/venv/lib/python3.9/site-packages/airflow/example_dags/example_trigger_controller_dag.py
[2021-02-28 09:11:51,052] {scheduler_job.py:629} INFO - Processing file /Users/yuyatinnefeld/Desktop/projects/airflow/venv/lib/python3.9/site-packages/airflow/example_dags/example_trigger_controller_dag.py for tasks to queue
[2021-02-28 09:11:51,052] {logging_mixin.py:104} INFO - [2021-02-28 09:11:51,052] {dagbag.py:448} INFO - Filling up the DagBag from /Users/yuyatinnefeld/Desktop/projects/airflow/venv/lib/python3.9/site-packages/airflow/example_dags/example_trigger_controller_dag.py
[2021-02-28 09:11:51,061] {scheduler_job.py:639} INFO - DAG(s) dict_keys(['example_trigger_controller_dag']) retrieved from /Users/yuyatinnefeld/Desktop/projects/airflow/venv/lib/python3.9/site-packages/airflow/example_dags/example_trigger_controller_dag.py
[2021-02-28 09:11:51,083] {logging_mixin.py:104} INFO - [2021-02-28 09:11:51,082] {dag.py:1818} INFO - Sync 1 DAGs
[2021-02-28 09:11:51,088] {logging_mixin.py:104} INFO - [2021-02-28 09:11:51,088] {dag.py:2273} INFO - Setting next_dagrun for example_trigger_controller_dag to 2021-02-26 00:00:00+00:00
[2021-02-28 09:11:51,092] {scheduler_job.py:190} INFO - Processing /Users/yuyatinnefeld/Desktop/projects/airflow/venv/lib/python3.9/site-packages/airflow/example_dags/example_trigger_controller_dag.py took 0.041 seconds
[2021-02-28 09:12:34,822] {scheduler_job.py:182} INFO - Started process (PID=34886) to work on /Users/yuyatinnefeld/Desktop/projects/airflow/venv/lib/python3.9/site-packages/airflow/example_dags/example_trigger_controller_dag.py
[2021-02-28 09:12:34,824] {scheduler_job.py:629} INFO - Processing file /Users/yuyatinnefeld/Desktop/projects/airflow/venv/lib/python3.9/site-packages/airflow/example_dags/example_trigger_controller_dag.py for tasks to queue
[2021-02-28 09:12:34,824] {logging_mixin.py:104} INFO - [2021-02-28 09:12:34,824] {dagbag.py:448} INFO - Filling up the DagBag from /Users/yuyatinnefeld/Desktop/projects/airflow/venv/lib/python3.9/site-packages/airflow/example_dags/example_trigger_controller_dag.py
[2021-02-28 09:12:34,832] {scheduler_job.py:639} INFO - DAG(s) dict_keys(['example_trigger_controller_dag']) retrieved from /Users/yuyatinnefeld/Desktop/projects/airflow/venv/lib/python3.9/site-packages/airflow/example_dags/example_trigger_controller_dag.py
[2021-02-28 09:12:34,854] {logging_mixin.py:104} INFO - [2021-02-28 09:12:34,853] {dag.py:1818} INFO - Sync 1 DAGs
[2021-02-28 09:12:34,859] {logging_mixin.py:104} INFO - [2021-02-28 09:12:34,859] {dag.py:2273} INFO - Setting next_dagrun for example_trigger_controller_dag to 2021-02-26 00:00:00+00:00
[2021-02-28 09:12:34,863] {scheduler_job.py:190} INFO - Processing /Users/yuyatinnefeld/Desktop/projects/airflow/venv/lib/python3.9/site-packages/airflow/example_dags/example_trigger_controller_dag.py took 0.042 seconds
[2021-02-28 09:13:20,866] {scheduler_job.py:182} INFO - Started process (PID=34928) to work on /Users/yuyatinnefeld/Desktop/projects/airflow/venv/lib/python3.9/site-packages/airflow/example_dags/example_trigger_controller_dag.py
[2021-02-28 09:13:20,867] {scheduler_job.py:629} INFO - Processing file /Users/yuyatinnefeld/Desktop/projects/airflow/venv/lib/python3.9/site-packages/airflow/example_dags/example_trigger_controller_dag.py for tasks to queue
[2021-02-28 09:13:20,867] {logging_mixin.py:104} INFO - [2021-02-28 09:13:20,867] {dagbag.py:448} INFO - Filling up the DagBag from /Users/yuyatinnefeld/Desktop/projects/airflow/venv/lib/python3.9/site-packages/airflow/example_dags/example_trigger_controller_dag.py
[2021-02-28 09:13:20,871] {scheduler_job.py:639} INFO - DAG(s) dict_keys(['example_trigger_controller_dag']) retrieved from /Users/yuyatinnefeld/Desktop/projects/airflow/venv/lib/python3.9/site-packages/airflow/example_dags/example_trigger_controller_dag.py
[2021-02-28 09:13:20,892] {logging_mixin.py:104} INFO - [2021-02-28 09:13:20,892] {dag.py:1818} INFO - Sync 1 DAGs
[2021-02-28 09:13:20,898] {logging_mixin.py:104} INFO - [2021-02-28 09:13:20,898] {dag.py:2273} INFO - Setting next_dagrun for example_trigger_controller_dag to 2021-02-26 00:00:00+00:00
[2021-02-28 09:13:20,902] {scheduler_job.py:190} INFO - Processing /Users/yuyatinnefeld/Desktop/projects/airflow/venv/lib/python3.9/site-packages/airflow/example_dags/example_trigger_controller_dag.py took 0.036 seconds
[2021-02-28 09:14:05,852] {scheduler_job.py:182} INFO - Started process (PID=34982) to work on /Users/yuyatinnefeld/Desktop/projects/airflow/venv/lib/python3.9/site-packages/airflow/example_dags/example_trigger_controller_dag.py
[2021-02-28 09:14:05,854] {scheduler_job.py:629} INFO - Processing file /Users/yuyatinnefeld/Desktop/projects/airflow/venv/lib/python3.9/site-packages/airflow/example_dags/example_trigger_controller_dag.py for tasks to queue
[2021-02-28 09:14:05,854] {logging_mixin.py:104} INFO - [2021-02-28 09:14:05,854] {dagbag.py:448} INFO - Filling up the DagBag from /Users/yuyatinnefeld/Desktop/projects/airflow/venv/lib/python3.9/site-packages/airflow/example_dags/example_trigger_controller_dag.py
[2021-02-28 09:14:05,862] {scheduler_job.py:639} INFO - DAG(s) dict_keys(['example_trigger_controller_dag']) retrieved from /Users/yuyatinnefeld/Desktop/projects/airflow/venv/lib/python3.9/site-packages/airflow/example_dags/example_trigger_controller_dag.py
[2021-02-28 09:14:05,883] {logging_mixin.py:104} INFO - [2021-02-28 09:14:05,883] {dag.py:1818} INFO - Sync 1 DAGs
[2021-02-28 09:14:05,889] {logging_mixin.py:104} INFO - [2021-02-28 09:14:05,889] {dag.py:2273} INFO - Setting next_dagrun for example_trigger_controller_dag to 2021-02-26 00:00:00+00:00
[2021-02-28 09:14:05,893] {scheduler_job.py:190} INFO - Processing /Users/yuyatinnefeld/Desktop/projects/airflow/venv/lib/python3.9/site-packages/airflow/example_dags/example_trigger_controller_dag.py took 0.041 seconds
[2021-02-28 09:14:52,599] {scheduler_job.py:182} INFO - Started process (PID=35039) to work on /Users/yuyatinnefeld/Desktop/projects/airflow/venv/lib/python3.9/site-packages/airflow/example_dags/example_trigger_controller_dag.py
[2021-02-28 09:14:52,601] {scheduler_job.py:629} INFO - Processing file /Users/yuyatinnefeld/Desktop/projects/airflow/venv/lib/python3.9/site-packages/airflow/example_dags/example_trigger_controller_dag.py for tasks to queue
[2021-02-28 09:14:52,601] {logging_mixin.py:104} INFO - [2021-02-28 09:14:52,601] {dagbag.py:448} INFO - Filling up the DagBag from /Users/yuyatinnefeld/Desktop/projects/airflow/venv/lib/python3.9/site-packages/airflow/example_dags/example_trigger_controller_dag.py
[2021-02-28 09:14:52,608] {scheduler_job.py:639} INFO - DAG(s) dict_keys(['example_trigger_controller_dag']) retrieved from /Users/yuyatinnefeld/Desktop/projects/airflow/venv/lib/python3.9/site-packages/airflow/example_dags/example_trigger_controller_dag.py
[2021-02-28 09:14:52,631] {logging_mixin.py:104} INFO - [2021-02-28 09:14:52,631] {dag.py:1818} INFO - Sync 1 DAGs
[2021-02-28 09:14:52,638] {logging_mixin.py:104} INFO - [2021-02-28 09:14:52,638] {dag.py:2273} INFO - Setting next_dagrun for example_trigger_controller_dag to 2021-02-26 00:00:00+00:00
[2021-02-28 09:14:52,642] {scheduler_job.py:190} INFO - Processing /Users/yuyatinnefeld/Desktop/projects/airflow/venv/lib/python3.9/site-packages/airflow/example_dags/example_trigger_controller_dag.py took 0.044 seconds
[2021-02-28 09:15:39,283] {scheduler_job.py:182} INFO - Started process (PID=35126) to work on /Users/yuyatinnefeld/Desktop/projects/airflow/venv/lib/python3.9/site-packages/airflow/example_dags/example_trigger_controller_dag.py
[2021-02-28 09:15:39,284] {scheduler_job.py:629} INFO - Processing file /Users/yuyatinnefeld/Desktop/projects/airflow/venv/lib/python3.9/site-packages/airflow/example_dags/example_trigger_controller_dag.py for tasks to queue
[2021-02-28 09:15:39,285] {logging_mixin.py:104} INFO - [2021-02-28 09:15:39,285] {dagbag.py:448} INFO - Filling up the DagBag from /Users/yuyatinnefeld/Desktop/projects/airflow/venv/lib/python3.9/site-packages/airflow/example_dags/example_trigger_controller_dag.py
[2021-02-28 09:15:39,293] {scheduler_job.py:639} INFO - DAG(s) dict_keys(['example_trigger_controller_dag']) retrieved from /Users/yuyatinnefeld/Desktop/projects/airflow/venv/lib/python3.9/site-packages/airflow/example_dags/example_trigger_controller_dag.py
[2021-02-28 09:15:39,317] {logging_mixin.py:104} INFO - [2021-02-28 09:15:39,317] {dag.py:1818} INFO - Sync 1 DAGs
[2021-02-28 09:15:39,323] {logging_mixin.py:104} INFO - [2021-02-28 09:15:39,323] {dag.py:2273} INFO - Setting next_dagrun for example_trigger_controller_dag to 2021-02-26 00:00:00+00:00
[2021-02-28 09:15:39,327] {scheduler_job.py:190} INFO - Processing /Users/yuyatinnefeld/Desktop/projects/airflow/venv/lib/python3.9/site-packages/airflow/example_dags/example_trigger_controller_dag.py took 0.045 seconds
