[2021-02-28 09:11:45,445] {scheduler_job.py:182} INFO - Started process (PID=34665) to work on /Users/yuyatinnefeld/Desktop/projects/airflow/venv/lib/python3.9/site-packages/airflow/example_dags/example_dag_decorator.py
[2021-02-28 09:11:45,445] {scheduler_job.py:629} INFO - Processing file /Users/yuyatinnefeld/Desktop/projects/airflow/venv/lib/python3.9/site-packages/airflow/example_dags/example_dag_decorator.py for tasks to queue
[2021-02-28 09:11:45,445] {logging_mixin.py:104} INFO - [2021-02-28 09:11:45,445] {dagbag.py:448} INFO - Filling up the DagBag from /Users/yuyatinnefeld/Desktop/projects/airflow/venv/lib/python3.9/site-packages/airflow/example_dags/example_dag_decorator.py
[2021-02-28 09:11:45,456] {scheduler_job.py:639} INFO - DAG(s) dict_keys(['example_dag_decorator']) retrieved from /Users/yuyatinnefeld/Desktop/projects/airflow/venv/lib/python3.9/site-packages/airflow/example_dags/example_dag_decorator.py
[2021-02-28 09:11:45,480] {logging_mixin.py:104} INFO - [2021-02-28 09:11:45,480] {dag.py:1818} INFO - Sync 1 DAGs
[2021-02-28 09:11:45,485] {logging_mixin.py:104} INFO - [2021-02-28 09:11:45,485] {dag.py:2273} INFO - Setting next_dagrun for example_dag_decorator to None
[2021-02-28 09:11:45,492] {scheduler_job.py:190} INFO - Processing /Users/yuyatinnefeld/Desktop/projects/airflow/venv/lib/python3.9/site-packages/airflow/example_dags/example_dag_decorator.py took 0.048 seconds
[2021-02-28 09:12:26,805] {scheduler_job.py:182} INFO - Started process (PID=34778) to work on /Users/yuyatinnefeld/Desktop/projects/airflow/venv/lib/python3.9/site-packages/airflow/example_dags/example_dag_decorator.py
[2021-02-28 09:12:26,807] {scheduler_job.py:629} INFO - Processing file /Users/yuyatinnefeld/Desktop/projects/airflow/venv/lib/python3.9/site-packages/airflow/example_dags/example_dag_decorator.py for tasks to queue
[2021-02-28 09:12:26,808] {logging_mixin.py:104} INFO - [2021-02-28 09:12:26,808] {dagbag.py:448} INFO - Filling up the DagBag from /Users/yuyatinnefeld/Desktop/projects/airflow/venv/lib/python3.9/site-packages/airflow/example_dags/example_dag_decorator.py
[2021-02-28 09:12:26,820] {scheduler_job.py:639} INFO - DAG(s) dict_keys(['example_dag_decorator']) retrieved from /Users/yuyatinnefeld/Desktop/projects/airflow/venv/lib/python3.9/site-packages/airflow/example_dags/example_dag_decorator.py
[2021-02-28 09:12:26,844] {logging_mixin.py:104} INFO - [2021-02-28 09:12:26,844] {dag.py:1818} INFO - Sync 1 DAGs
[2021-02-28 09:12:26,849] {logging_mixin.py:104} INFO - [2021-02-28 09:12:26,849] {dag.py:2273} INFO - Setting next_dagrun for example_dag_decorator to None
[2021-02-28 09:12:26,856] {scheduler_job.py:190} INFO - Processing /Users/yuyatinnefeld/Desktop/projects/airflow/venv/lib/python3.9/site-packages/airflow/example_dags/example_dag_decorator.py took 0.051 seconds
[2021-02-28 09:13:14,081] {scheduler_job.py:182} INFO - Started process (PID=34923) to work on /Users/yuyatinnefeld/Desktop/projects/airflow/venv/lib/python3.9/site-packages/airflow/example_dags/example_dag_decorator.py
[2021-02-28 09:13:14,082] {scheduler_job.py:629} INFO - Processing file /Users/yuyatinnefeld/Desktop/projects/airflow/venv/lib/python3.9/site-packages/airflow/example_dags/example_dag_decorator.py for tasks to queue
[2021-02-28 09:13:14,082] {logging_mixin.py:104} INFO - [2021-02-28 09:13:14,082] {dagbag.py:448} INFO - Filling up the DagBag from /Users/yuyatinnefeld/Desktop/projects/airflow/venv/lib/python3.9/site-packages/airflow/example_dags/example_dag_decorator.py
[2021-02-28 09:13:14,094] {scheduler_job.py:639} INFO - DAG(s) dict_keys(['example_dag_decorator']) retrieved from /Users/yuyatinnefeld/Desktop/projects/airflow/venv/lib/python3.9/site-packages/airflow/example_dags/example_dag_decorator.py
[2021-02-28 09:13:14,119] {logging_mixin.py:104} INFO - [2021-02-28 09:13:14,119] {dag.py:1818} INFO - Sync 1 DAGs
[2021-02-28 09:13:14,125] {logging_mixin.py:104} INFO - [2021-02-28 09:13:14,125] {dag.py:2273} INFO - Setting next_dagrun for example_dag_decorator to None
[2021-02-28 09:13:14,131] {scheduler_job.py:190} INFO - Processing /Users/yuyatinnefeld/Desktop/projects/airflow/venv/lib/python3.9/site-packages/airflow/example_dags/example_dag_decorator.py took 0.050 seconds
[2021-02-28 09:13:59,086] {scheduler_job.py:182} INFO - Started process (PID=34977) to work on /Users/yuyatinnefeld/Desktop/projects/airflow/venv/lib/python3.9/site-packages/airflow/example_dags/example_dag_decorator.py
[2021-02-28 09:13:59,088] {scheduler_job.py:629} INFO - Processing file /Users/yuyatinnefeld/Desktop/projects/airflow/venv/lib/python3.9/site-packages/airflow/example_dags/example_dag_decorator.py for tasks to queue
[2021-02-28 09:13:59,088] {logging_mixin.py:104} INFO - [2021-02-28 09:13:59,088] {dagbag.py:448} INFO - Filling up the DagBag from /Users/yuyatinnefeld/Desktop/projects/airflow/venv/lib/python3.9/site-packages/airflow/example_dags/example_dag_decorator.py
[2021-02-28 09:13:59,099] {scheduler_job.py:639} INFO - DAG(s) dict_keys(['example_dag_decorator']) retrieved from /Users/yuyatinnefeld/Desktop/projects/airflow/venv/lib/python3.9/site-packages/airflow/example_dags/example_dag_decorator.py
[2021-02-28 09:13:59,125] {logging_mixin.py:104} INFO - [2021-02-28 09:13:59,125] {dag.py:1818} INFO - Sync 1 DAGs
[2021-02-28 09:13:59,131] {logging_mixin.py:104} INFO - [2021-02-28 09:13:59,131] {dag.py:2273} INFO - Setting next_dagrun for example_dag_decorator to None
[2021-02-28 09:13:59,139] {scheduler_job.py:190} INFO - Processing /Users/yuyatinnefeld/Desktop/projects/airflow/venv/lib/python3.9/site-packages/airflow/example_dags/example_dag_decorator.py took 0.053 seconds
[2021-02-28 09:14:45,569] {scheduler_job.py:182} INFO - Started process (PID=35030) to work on /Users/yuyatinnefeld/Desktop/projects/airflow/venv/lib/python3.9/site-packages/airflow/example_dags/example_dag_decorator.py
[2021-02-28 09:14:45,571] {scheduler_job.py:629} INFO - Processing file /Users/yuyatinnefeld/Desktop/projects/airflow/venv/lib/python3.9/site-packages/airflow/example_dags/example_dag_decorator.py for tasks to queue
[2021-02-28 09:14:45,572] {logging_mixin.py:104} INFO - [2021-02-28 09:14:45,572] {dagbag.py:448} INFO - Filling up the DagBag from /Users/yuyatinnefeld/Desktop/projects/airflow/venv/lib/python3.9/site-packages/airflow/example_dags/example_dag_decorator.py
[2021-02-28 09:14:45,580] {scheduler_job.py:639} INFO - DAG(s) dict_keys(['example_dag_decorator']) retrieved from /Users/yuyatinnefeld/Desktop/projects/airflow/venv/lib/python3.9/site-packages/airflow/example_dags/example_dag_decorator.py
[2021-02-28 09:14:45,603] {logging_mixin.py:104} INFO - [2021-02-28 09:14:45,603] {dag.py:1818} INFO - Sync 1 DAGs
[2021-02-28 09:14:45,608] {logging_mixin.py:104} INFO - [2021-02-28 09:14:45,608] {dag.py:2273} INFO - Setting next_dagrun for example_dag_decorator to None
[2021-02-28 09:14:45,614] {scheduler_job.py:190} INFO - Processing /Users/yuyatinnefeld/Desktop/projects/airflow/venv/lib/python3.9/site-packages/airflow/example_dags/example_dag_decorator.py took 0.046 seconds
[2021-02-28 09:15:32,369] {scheduler_job.py:182} INFO - Started process (PID=35121) to work on /Users/yuyatinnefeld/Desktop/projects/airflow/venv/lib/python3.9/site-packages/airflow/example_dags/example_dag_decorator.py
[2021-02-28 09:15:32,371] {scheduler_job.py:629} INFO - Processing file /Users/yuyatinnefeld/Desktop/projects/airflow/venv/lib/python3.9/site-packages/airflow/example_dags/example_dag_decorator.py for tasks to queue
[2021-02-28 09:15:32,371] {logging_mixin.py:104} INFO - [2021-02-28 09:15:32,371] {dagbag.py:448} INFO - Filling up the DagBag from /Users/yuyatinnefeld/Desktop/projects/airflow/venv/lib/python3.9/site-packages/airflow/example_dags/example_dag_decorator.py
[2021-02-28 09:15:32,382] {scheduler_job.py:639} INFO - DAG(s) dict_keys(['example_dag_decorator']) retrieved from /Users/yuyatinnefeld/Desktop/projects/airflow/venv/lib/python3.9/site-packages/airflow/example_dags/example_dag_decorator.py
[2021-02-28 09:15:32,407] {logging_mixin.py:104} INFO - [2021-02-28 09:15:32,406] {dag.py:1818} INFO - Sync 1 DAGs
[2021-02-28 09:15:32,411] {logging_mixin.py:104} INFO - [2021-02-28 09:15:32,411] {dag.py:2273} INFO - Setting next_dagrun for example_dag_decorator to None
[2021-02-28 09:15:32,418] {scheduler_job.py:190} INFO - Processing /Users/yuyatinnefeld/Desktop/projects/airflow/venv/lib/python3.9/site-packages/airflow/example_dags/example_dag_decorator.py took 0.050 seconds
