[2021-02-28 09:11:29,407] {scheduler_job.py:182} INFO - Started process (PID=34654) to work on /Users/yuyatinnefeld/Desktop/projects/airflow/venv/lib/python3.9/site-packages/airflow/example_dags/example_branch_python_dop_operator_3.py
[2021-02-28 09:11:29,408] {scheduler_job.py:629} INFO - Processing file /Users/yuyatinnefeld/Desktop/projects/airflow/venv/lib/python3.9/site-packages/airflow/example_dags/example_branch_python_dop_operator_3.py for tasks to queue
[2021-02-28 09:11:29,408] {logging_mixin.py:104} INFO - [2021-02-28 09:11:29,408] {dagbag.py:448} INFO - Filling up the DagBag from /Users/yuyatinnefeld/Desktop/projects/airflow/venv/lib/python3.9/site-packages/airflow/example_dags/example_branch_python_dop_operator_3.py
[2021-02-28 09:11:29,419] {scheduler_job.py:639} INFO - DAG(s) dict_keys(['example_branch_dop_operator_v3']) retrieved from /Users/yuyatinnefeld/Desktop/projects/airflow/venv/lib/python3.9/site-packages/airflow/example_dags/example_branch_python_dop_operator_3.py
[2021-02-28 09:11:29,445] {logging_mixin.py:104} INFO - [2021-02-28 09:11:29,444] {dag.py:1818} INFO - Sync 1 DAGs
[2021-02-28 09:11:29,461] {logging_mixin.py:104} INFO - [2021-02-28 09:11:29,461] {dag.py:2273} INFO - Setting next_dagrun for example_branch_dop_operator_v3 to 2021-02-26 00:00:00+00:00
[2021-02-28 09:11:29,466] {scheduler_job.py:190} INFO - Processing /Users/yuyatinnefeld/Desktop/projects/airflow/venv/lib/python3.9/site-packages/airflow/example_dags/example_branch_python_dop_operator_3.py took 0.059 seconds
[2021-02-28 09:12:10,807] {scheduler_job.py:182} INFO - Started process (PID=34759) to work on /Users/yuyatinnefeld/Desktop/projects/airflow/venv/lib/python3.9/site-packages/airflow/example_dags/example_branch_python_dop_operator_3.py
[2021-02-28 09:12:10,809] {scheduler_job.py:629} INFO - Processing file /Users/yuyatinnefeld/Desktop/projects/airflow/venv/lib/python3.9/site-packages/airflow/example_dags/example_branch_python_dop_operator_3.py for tasks to queue
[2021-02-28 09:12:10,809] {logging_mixin.py:104} INFO - [2021-02-28 09:12:10,809] {dagbag.py:448} INFO - Filling up the DagBag from /Users/yuyatinnefeld/Desktop/projects/airflow/venv/lib/python3.9/site-packages/airflow/example_dags/example_branch_python_dop_operator_3.py
[2021-02-28 09:12:10,818] {scheduler_job.py:639} INFO - DAG(s) dict_keys(['example_branch_dop_operator_v3']) retrieved from /Users/yuyatinnefeld/Desktop/projects/airflow/venv/lib/python3.9/site-packages/airflow/example_dags/example_branch_python_dop_operator_3.py
[2021-02-28 09:12:10,840] {logging_mixin.py:104} INFO - [2021-02-28 09:12:10,840] {dag.py:1818} INFO - Sync 1 DAGs
[2021-02-28 09:12:10,854] {logging_mixin.py:104} INFO - [2021-02-28 09:12:10,854] {dag.py:2273} INFO - Setting next_dagrun for example_branch_dop_operator_v3 to 2021-02-26 00:00:00+00:00
[2021-02-28 09:12:10,858] {scheduler_job.py:190} INFO - Processing /Users/yuyatinnefeld/Desktop/projects/airflow/venv/lib/python3.9/site-packages/airflow/example_dags/example_branch_python_dop_operator_3.py took 0.051 seconds
[2021-02-28 09:12:55,585] {scheduler_job.py:182} INFO - Started process (PID=34911) to work on /Users/yuyatinnefeld/Desktop/projects/airflow/venv/lib/python3.9/site-packages/airflow/example_dags/example_branch_python_dop_operator_3.py
[2021-02-28 09:12:55,587] {scheduler_job.py:629} INFO - Processing file /Users/yuyatinnefeld/Desktop/projects/airflow/venv/lib/python3.9/site-packages/airflow/example_dags/example_branch_python_dop_operator_3.py for tasks to queue
[2021-02-28 09:12:55,587] {logging_mixin.py:104} INFO - [2021-02-28 09:12:55,587] {dagbag.py:448} INFO - Filling up the DagBag from /Users/yuyatinnefeld/Desktop/projects/airflow/venv/lib/python3.9/site-packages/airflow/example_dags/example_branch_python_dop_operator_3.py
[2021-02-28 09:12:55,595] {scheduler_job.py:639} INFO - DAG(s) dict_keys(['example_branch_dop_operator_v3']) retrieved from /Users/yuyatinnefeld/Desktop/projects/airflow/venv/lib/python3.9/site-packages/airflow/example_dags/example_branch_python_dop_operator_3.py
[2021-02-28 09:12:55,618] {logging_mixin.py:104} INFO - [2021-02-28 09:12:55,618] {dag.py:1818} INFO - Sync 1 DAGs
[2021-02-28 09:12:55,633] {logging_mixin.py:104} INFO - [2021-02-28 09:12:55,633] {dag.py:2273} INFO - Setting next_dagrun for example_branch_dop_operator_v3 to 2021-02-26 00:00:00+00:00
[2021-02-28 09:12:55,637] {scheduler_job.py:190} INFO - Processing /Users/yuyatinnefeld/Desktop/projects/airflow/venv/lib/python3.9/site-packages/airflow/example_dags/example_branch_python_dop_operator_3.py took 0.053 seconds
[2021-02-28 09:13:39,659] {scheduler_job.py:182} INFO - Started process (PID=34953) to work on /Users/yuyatinnefeld/Desktop/projects/airflow/venv/lib/python3.9/site-packages/airflow/example_dags/example_branch_python_dop_operator_3.py
[2021-02-28 09:13:39,659] {scheduler_job.py:629} INFO - Processing file /Users/yuyatinnefeld/Desktop/projects/airflow/venv/lib/python3.9/site-packages/airflow/example_dags/example_branch_python_dop_operator_3.py for tasks to queue
[2021-02-28 09:13:39,659] {logging_mixin.py:104} INFO - [2021-02-28 09:13:39,659] {dagbag.py:448} INFO - Filling up the DagBag from /Users/yuyatinnefeld/Desktop/projects/airflow/venv/lib/python3.9/site-packages/airflow/example_dags/example_branch_python_dop_operator_3.py
[2021-02-28 09:13:39,666] {scheduler_job.py:639} INFO - DAG(s) dict_keys(['example_branch_dop_operator_v3']) retrieved from /Users/yuyatinnefeld/Desktop/projects/airflow/venv/lib/python3.9/site-packages/airflow/example_dags/example_branch_python_dop_operator_3.py
[2021-02-28 09:13:39,688] {logging_mixin.py:104} INFO - [2021-02-28 09:13:39,688] {dag.py:1818} INFO - Sync 1 DAGs
[2021-02-28 09:13:39,702] {logging_mixin.py:104} INFO - [2021-02-28 09:13:39,702] {dag.py:2273} INFO - Setting next_dagrun for example_branch_dop_operator_v3 to 2021-02-26 00:00:00+00:00
[2021-02-28 09:13:39,706] {scheduler_job.py:190} INFO - Processing /Users/yuyatinnefeld/Desktop/projects/airflow/venv/lib/python3.9/site-packages/airflow/example_dags/example_branch_python_dop_operator_3.py took 0.048 seconds
[2021-02-28 09:14:26,897] {scheduler_job.py:182} INFO - Started process (PID=35011) to work on /Users/yuyatinnefeld/Desktop/projects/airflow/venv/lib/python3.9/site-packages/airflow/example_dags/example_branch_python_dop_operator_3.py
[2021-02-28 09:14:26,899] {scheduler_job.py:629} INFO - Processing file /Users/yuyatinnefeld/Desktop/projects/airflow/venv/lib/python3.9/site-packages/airflow/example_dags/example_branch_python_dop_operator_3.py for tasks to queue
[2021-02-28 09:14:26,899] {logging_mixin.py:104} INFO - [2021-02-28 09:14:26,899] {dagbag.py:448} INFO - Filling up the DagBag from /Users/yuyatinnefeld/Desktop/projects/airflow/venv/lib/python3.9/site-packages/airflow/example_dags/example_branch_python_dop_operator_3.py
[2021-02-28 09:14:26,908] {scheduler_job.py:639} INFO - DAG(s) dict_keys(['example_branch_dop_operator_v3']) retrieved from /Users/yuyatinnefeld/Desktop/projects/airflow/venv/lib/python3.9/site-packages/airflow/example_dags/example_branch_python_dop_operator_3.py
[2021-02-28 09:14:26,931] {logging_mixin.py:104} INFO - [2021-02-28 09:14:26,931] {dag.py:1818} INFO - Sync 1 DAGs
[2021-02-28 09:14:26,945] {logging_mixin.py:104} INFO - [2021-02-28 09:14:26,945] {dag.py:2273} INFO - Setting next_dagrun for example_branch_dop_operator_v3 to 2021-02-26 00:00:00+00:00
[2021-02-28 09:14:26,949] {scheduler_job.py:190} INFO - Processing /Users/yuyatinnefeld/Desktop/projects/airflow/venv/lib/python3.9/site-packages/airflow/example_dags/example_branch_python_dop_operator_3.py took 0.053 seconds
[2021-02-28 09:15:13,309] {scheduler_job.py:182} INFO - Started process (PID=35098) to work on /Users/yuyatinnefeld/Desktop/projects/airflow/venv/lib/python3.9/site-packages/airflow/example_dags/example_branch_python_dop_operator_3.py
[2021-02-28 09:15:13,310] {scheduler_job.py:629} INFO - Processing file /Users/yuyatinnefeld/Desktop/projects/airflow/venv/lib/python3.9/site-packages/airflow/example_dags/example_branch_python_dop_operator_3.py for tasks to queue
[2021-02-28 09:15:13,310] {logging_mixin.py:104} INFO - [2021-02-28 09:15:13,310] {dagbag.py:448} INFO - Filling up the DagBag from /Users/yuyatinnefeld/Desktop/projects/airflow/venv/lib/python3.9/site-packages/airflow/example_dags/example_branch_python_dop_operator_3.py
[2021-02-28 09:15:13,316] {scheduler_job.py:639} INFO - DAG(s) dict_keys(['example_branch_dop_operator_v3']) retrieved from /Users/yuyatinnefeld/Desktop/projects/airflow/venv/lib/python3.9/site-packages/airflow/example_dags/example_branch_python_dop_operator_3.py
[2021-02-28 09:15:13,338] {logging_mixin.py:104} INFO - [2021-02-28 09:15:13,338] {dag.py:1818} INFO - Sync 1 DAGs
[2021-02-28 09:15:13,351] {logging_mixin.py:104} INFO - [2021-02-28 09:15:13,351] {dag.py:2273} INFO - Setting next_dagrun for example_branch_dop_operator_v3 to 2021-02-26 00:00:00+00:00
[2021-02-28 09:15:13,355] {scheduler_job.py:190} INFO - Processing /Users/yuyatinnefeld/Desktop/projects/airflow/venv/lib/python3.9/site-packages/airflow/example_dags/example_branch_python_dop_operator_3.py took 0.046 seconds
[2021-02-28 09:16:03,093] {scheduler_job.py:182} INFO - Started process (PID=35150) to work on /Users/yuyatinnefeld/Desktop/projects/airflow/venv/lib/python3.9/site-packages/airflow/example_dags/example_branch_python_dop_operator_3.py
[2021-02-28 09:16:03,095] {scheduler_job.py:629} INFO - Processing file /Users/yuyatinnefeld/Desktop/projects/airflow/venv/lib/python3.9/site-packages/airflow/example_dags/example_branch_python_dop_operator_3.py for tasks to queue
[2021-02-28 09:16:03,096] {logging_mixin.py:104} INFO - [2021-02-28 09:16:03,096] {dagbag.py:448} INFO - Filling up the DagBag from /Users/yuyatinnefeld/Desktop/projects/airflow/venv/lib/python3.9/site-packages/airflow/example_dags/example_branch_python_dop_operator_3.py
[2021-02-28 09:16:03,104] {scheduler_job.py:639} INFO - DAG(s) dict_keys(['example_branch_dop_operator_v3']) retrieved from /Users/yuyatinnefeld/Desktop/projects/airflow/venv/lib/python3.9/site-packages/airflow/example_dags/example_branch_python_dop_operator_3.py
[2021-02-28 09:16:03,129] {logging_mixin.py:104} INFO - [2021-02-28 09:16:03,129] {dag.py:1818} INFO - Sync 1 DAGs
[2021-02-28 09:16:03,143] {logging_mixin.py:104} INFO - [2021-02-28 09:16:03,143] {dag.py:2273} INFO - Setting next_dagrun for example_branch_dop_operator_v3 to 2021-02-26 00:00:00+00:00
[2021-02-28 09:16:03,151] {scheduler_job.py:190} INFO - Processing /Users/yuyatinnefeld/Desktop/projects/airflow/venv/lib/python3.9/site-packages/airflow/example_dags/example_branch_python_dop_operator_3.py took 0.058 seconds
