[2021-02-28 09:11:27,704] {scheduler_job.py:182} INFO - Started process (PID=34653) to work on /Users/yuyatinnefeld/Desktop/projects/airflow/venv/lib/python3.9/site-packages/airflow/example_dags/example_bash_operator.py
[2021-02-28 09:11:27,705] {scheduler_job.py:629} INFO - Processing file /Users/yuyatinnefeld/Desktop/projects/airflow/venv/lib/python3.9/site-packages/airflow/example_dags/example_bash_operator.py for tasks to queue
[2021-02-28 09:11:27,705] {logging_mixin.py:104} INFO - [2021-02-28 09:11:27,705] {dagbag.py:448} INFO - Filling up the DagBag from /Users/yuyatinnefeld/Desktop/projects/airflow/venv/lib/python3.9/site-packages/airflow/example_dags/example_bash_operator.py
[2021-02-28 09:11:27,716] {scheduler_job.py:639} INFO - DAG(s) dict_keys(['example_bash_operator']) retrieved from /Users/yuyatinnefeld/Desktop/projects/airflow/venv/lib/python3.9/site-packages/airflow/example_dags/example_bash_operator.py
[2021-02-28 09:11:27,738] {logging_mixin.py:104} INFO - [2021-02-28 09:11:27,738] {dag.py:1818} INFO - Sync 1 DAGs
[2021-02-28 09:11:27,748] {logging_mixin.py:104} INFO - [2021-02-28 09:11:27,748] {dag.py:2273} INFO - Setting next_dagrun for example_bash_operator to 2021-02-26 00:00:00+00:00
[2021-02-28 09:11:27,754] {scheduler_job.py:190} INFO - Processing /Users/yuyatinnefeld/Desktop/projects/airflow/venv/lib/python3.9/site-packages/airflow/example_dags/example_bash_operator.py took 0.050 seconds
[2021-02-28 09:12:21,688] {scheduler_job.py:182} INFO - Started process (PID=34775) to work on /Users/yuyatinnefeld/Desktop/projects/airflow/venv/lib/python3.9/site-packages/airflow/example_dags/example_bash_operator.py
[2021-02-28 09:12:21,690] {scheduler_job.py:629} INFO - Processing file /Users/yuyatinnefeld/Desktop/projects/airflow/venv/lib/python3.9/site-packages/airflow/example_dags/example_bash_operator.py for tasks to queue
[2021-02-28 09:12:21,691] {logging_mixin.py:104} INFO - [2021-02-28 09:12:21,691] {dagbag.py:448} INFO - Filling up the DagBag from /Users/yuyatinnefeld/Desktop/projects/airflow/venv/lib/python3.9/site-packages/airflow/example_dags/example_bash_operator.py
[2021-02-28 09:12:21,700] {scheduler_job.py:639} INFO - DAG(s) dict_keys(['example_bash_operator']) retrieved from /Users/yuyatinnefeld/Desktop/projects/airflow/venv/lib/python3.9/site-packages/airflow/example_dags/example_bash_operator.py
[2021-02-28 09:12:21,722] {logging_mixin.py:104} INFO - [2021-02-28 09:12:21,722] {dag.py:1818} INFO - Sync 1 DAGs
[2021-02-28 09:12:21,732] {logging_mixin.py:104} INFO - [2021-02-28 09:12:21,732] {dag.py:2273} INFO - Setting next_dagrun for example_bash_operator to 2021-02-26 00:00:00+00:00
[2021-02-28 09:12:21,736] {scheduler_job.py:190} INFO - Processing /Users/yuyatinnefeld/Desktop/projects/airflow/venv/lib/python3.9/site-packages/airflow/example_dags/example_bash_operator.py took 0.049 seconds
[2021-02-28 09:13:07,336] {scheduler_job.py:182} INFO - Started process (PID=34919) to work on /Users/yuyatinnefeld/Desktop/projects/airflow/venv/lib/python3.9/site-packages/airflow/example_dags/example_bash_operator.py
[2021-02-28 09:13:07,337] {scheduler_job.py:629} INFO - Processing file /Users/yuyatinnefeld/Desktop/projects/airflow/venv/lib/python3.9/site-packages/airflow/example_dags/example_bash_operator.py for tasks to queue
[2021-02-28 09:13:07,338] {logging_mixin.py:104} INFO - [2021-02-28 09:13:07,338] {dagbag.py:448} INFO - Filling up the DagBag from /Users/yuyatinnefeld/Desktop/projects/airflow/venv/lib/python3.9/site-packages/airflow/example_dags/example_bash_operator.py
[2021-02-28 09:13:07,345] {scheduler_job.py:639} INFO - DAG(s) dict_keys(['example_bash_operator']) retrieved from /Users/yuyatinnefeld/Desktop/projects/airflow/venv/lib/python3.9/site-packages/airflow/example_dags/example_bash_operator.py
[2021-02-28 09:13:07,367] {logging_mixin.py:104} INFO - [2021-02-28 09:13:07,366] {dag.py:1818} INFO - Sync 1 DAGs
[2021-02-28 09:13:07,376] {logging_mixin.py:104} INFO - [2021-02-28 09:13:07,376] {dag.py:2273} INFO - Setting next_dagrun for example_bash_operator to 2021-02-26 00:00:00+00:00
[2021-02-28 09:13:07,381] {scheduler_job.py:190} INFO - Processing /Users/yuyatinnefeld/Desktop/projects/airflow/venv/lib/python3.9/site-packages/airflow/example_dags/example_bash_operator.py took 0.045 seconds
[2021-02-28 09:13:51,902] {scheduler_job.py:182} INFO - Started process (PID=34972) to work on /Users/yuyatinnefeld/Desktop/projects/airflow/venv/lib/python3.9/site-packages/airflow/example_dags/example_bash_operator.py
[2021-02-28 09:13:51,904] {scheduler_job.py:629} INFO - Processing file /Users/yuyatinnefeld/Desktop/projects/airflow/venv/lib/python3.9/site-packages/airflow/example_dags/example_bash_operator.py for tasks to queue
[2021-02-28 09:13:51,904] {logging_mixin.py:104} INFO - [2021-02-28 09:13:51,904] {dagbag.py:448} INFO - Filling up the DagBag from /Users/yuyatinnefeld/Desktop/projects/airflow/venv/lib/python3.9/site-packages/airflow/example_dags/example_bash_operator.py
[2021-02-28 09:13:51,912] {scheduler_job.py:639} INFO - DAG(s) dict_keys(['example_bash_operator']) retrieved from /Users/yuyatinnefeld/Desktop/projects/airflow/venv/lib/python3.9/site-packages/airflow/example_dags/example_bash_operator.py
[2021-02-28 09:13:51,936] {logging_mixin.py:104} INFO - [2021-02-28 09:13:51,936] {dag.py:1818} INFO - Sync 1 DAGs
[2021-02-28 09:13:51,947] {logging_mixin.py:104} INFO - [2021-02-28 09:13:51,947] {dag.py:2273} INFO - Setting next_dagrun for example_bash_operator to 2021-02-26 00:00:00+00:00
[2021-02-28 09:13:51,951] {scheduler_job.py:190} INFO - Processing /Users/yuyatinnefeld/Desktop/projects/airflow/venv/lib/python3.9/site-packages/airflow/example_dags/example_bash_operator.py took 0.050 seconds
[2021-02-28 09:14:38,773] {scheduler_job.py:182} INFO - Started process (PID=35026) to work on /Users/yuyatinnefeld/Desktop/projects/airflow/venv/lib/python3.9/site-packages/airflow/example_dags/example_bash_operator.py
[2021-02-28 09:14:38,775] {scheduler_job.py:629} INFO - Processing file /Users/yuyatinnefeld/Desktop/projects/airflow/venv/lib/python3.9/site-packages/airflow/example_dags/example_bash_operator.py for tasks to queue
[2021-02-28 09:14:38,775] {logging_mixin.py:104} INFO - [2021-02-28 09:14:38,775] {dagbag.py:448} INFO - Filling up the DagBag from /Users/yuyatinnefeld/Desktop/projects/airflow/venv/lib/python3.9/site-packages/airflow/example_dags/example_bash_operator.py
[2021-02-28 09:14:38,783] {scheduler_job.py:639} INFO - DAG(s) dict_keys(['example_bash_operator']) retrieved from /Users/yuyatinnefeld/Desktop/projects/airflow/venv/lib/python3.9/site-packages/airflow/example_dags/example_bash_operator.py
[2021-02-28 09:14:38,805] {logging_mixin.py:104} INFO - [2021-02-28 09:14:38,805] {dag.py:1818} INFO - Sync 1 DAGs
[2021-02-28 09:14:38,815] {logging_mixin.py:104} INFO - [2021-02-28 09:14:38,815] {dag.py:2273} INFO - Setting next_dagrun for example_bash_operator to 2021-02-26 00:00:00+00:00
[2021-02-28 09:14:38,820] {scheduler_job.py:190} INFO - Processing /Users/yuyatinnefeld/Desktop/projects/airflow/venv/lib/python3.9/site-packages/airflow/example_dags/example_bash_operator.py took 0.047 seconds
[2021-02-28 09:15:25,591] {scheduler_job.py:182} INFO - Started process (PID=35114) to work on /Users/yuyatinnefeld/Desktop/projects/airflow/venv/lib/python3.9/site-packages/airflow/example_dags/example_bash_operator.py
[2021-02-28 09:15:25,593] {scheduler_job.py:629} INFO - Processing file /Users/yuyatinnefeld/Desktop/projects/airflow/venv/lib/python3.9/site-packages/airflow/example_dags/example_bash_operator.py for tasks to queue
[2021-02-28 09:15:25,594] {logging_mixin.py:104} INFO - [2021-02-28 09:15:25,594] {dagbag.py:448} INFO - Filling up the DagBag from /Users/yuyatinnefeld/Desktop/projects/airflow/venv/lib/python3.9/site-packages/airflow/example_dags/example_bash_operator.py
[2021-02-28 09:15:25,602] {scheduler_job.py:639} INFO - DAG(s) dict_keys(['example_bash_operator']) retrieved from /Users/yuyatinnefeld/Desktop/projects/airflow/venv/lib/python3.9/site-packages/airflow/example_dags/example_bash_operator.py
[2021-02-28 09:15:25,627] {logging_mixin.py:104} INFO - [2021-02-28 09:15:25,626] {dag.py:1818} INFO - Sync 1 DAGs
[2021-02-28 09:15:25,637] {logging_mixin.py:104} INFO - [2021-02-28 09:15:25,637] {dag.py:2273} INFO - Setting next_dagrun for example_bash_operator to 2021-02-26 00:00:00+00:00
[2021-02-28 09:15:25,642] {scheduler_job.py:190} INFO - Processing /Users/yuyatinnefeld/Desktop/projects/airflow/venv/lib/python3.9/site-packages/airflow/example_dags/example_bash_operator.py took 0.051 seconds
