[2021-02-28 09:11:36,903] {scheduler_job.py:182} INFO - Started process (PID=34659) to work on /Users/yuyatinnefeld/Desktop/projects/airflow/venv/lib/python3.9/site-packages/airflow/example_dags/example_trigger_target_dag.py
[2021-02-28 09:11:36,904] {scheduler_job.py:629} INFO - Processing file /Users/yuyatinnefeld/Desktop/projects/airflow/venv/lib/python3.9/site-packages/airflow/example_dags/example_trigger_target_dag.py for tasks to queue
[2021-02-28 09:11:36,904] {logging_mixin.py:104} INFO - [2021-02-28 09:11:36,904] {dagbag.py:448} INFO - Filling up the DagBag from /Users/yuyatinnefeld/Desktop/projects/airflow/venv/lib/python3.9/site-packages/airflow/example_dags/example_trigger_target_dag.py
[2021-02-28 09:11:36,912] {scheduler_job.py:639} INFO - DAG(s) dict_keys(['example_trigger_target_dag']) retrieved from /Users/yuyatinnefeld/Desktop/projects/airflow/venv/lib/python3.9/site-packages/airflow/example_dags/example_trigger_target_dag.py
[2021-02-28 09:11:36,938] {logging_mixin.py:104} INFO - [2021-02-28 09:11:36,938] {dag.py:1818} INFO - Sync 1 DAGs
[2021-02-28 09:11:36,943] {logging_mixin.py:104} INFO - [2021-02-28 09:11:36,943] {dag.py:2273} INFO - Setting next_dagrun for example_trigger_target_dag to None
[2021-02-28 09:11:36,948] {scheduler_job.py:190} INFO - Processing /Users/yuyatinnefeld/Desktop/projects/airflow/venv/lib/python3.9/site-packages/airflow/example_dags/example_trigger_target_dag.py took 0.045 seconds
[2021-02-28 09:12:19,243] {scheduler_job.py:182} INFO - Started process (PID=34772) to work on /Users/yuyatinnefeld/Desktop/projects/airflow/venv/lib/python3.9/site-packages/airflow/example_dags/example_trigger_target_dag.py
[2021-02-28 09:12:19,245] {scheduler_job.py:629} INFO - Processing file /Users/yuyatinnefeld/Desktop/projects/airflow/venv/lib/python3.9/site-packages/airflow/example_dags/example_trigger_target_dag.py for tasks to queue
[2021-02-28 09:12:19,245] {logging_mixin.py:104} INFO - [2021-02-28 09:12:19,245] {dagbag.py:448} INFO - Filling up the DagBag from /Users/yuyatinnefeld/Desktop/projects/airflow/venv/lib/python3.9/site-packages/airflow/example_dags/example_trigger_target_dag.py
[2021-02-28 09:12:19,252] {scheduler_job.py:639} INFO - DAG(s) dict_keys(['example_trigger_target_dag']) retrieved from /Users/yuyatinnefeld/Desktop/projects/airflow/venv/lib/python3.9/site-packages/airflow/example_dags/example_trigger_target_dag.py
[2021-02-28 09:12:19,280] {logging_mixin.py:104} INFO - [2021-02-28 09:12:19,280] {dag.py:1818} INFO - Sync 1 DAGs
[2021-02-28 09:12:19,286] {logging_mixin.py:104} INFO - [2021-02-28 09:12:19,286] {dag.py:2273} INFO - Setting next_dagrun for example_trigger_target_dag to None
[2021-02-28 09:12:19,289] {scheduler_job.py:190} INFO - Processing /Users/yuyatinnefeld/Desktop/projects/airflow/venv/lib/python3.9/site-packages/airflow/example_dags/example_trigger_target_dag.py took 0.047 seconds
[2021-02-28 09:13:04,004] {scheduler_job.py:182} INFO - Started process (PID=34916) to work on /Users/yuyatinnefeld/Desktop/projects/airflow/venv/lib/python3.9/site-packages/airflow/example_dags/example_trigger_target_dag.py
[2021-02-28 09:13:04,006] {scheduler_job.py:629} INFO - Processing file /Users/yuyatinnefeld/Desktop/projects/airflow/venv/lib/python3.9/site-packages/airflow/example_dags/example_trigger_target_dag.py for tasks to queue
[2021-02-28 09:13:04,006] {logging_mixin.py:104} INFO - [2021-02-28 09:13:04,006] {dagbag.py:448} INFO - Filling up the DagBag from /Users/yuyatinnefeld/Desktop/projects/airflow/venv/lib/python3.9/site-packages/airflow/example_dags/example_trigger_target_dag.py
[2021-02-28 09:13:04,012] {scheduler_job.py:639} INFO - DAG(s) dict_keys(['example_trigger_target_dag']) retrieved from /Users/yuyatinnefeld/Desktop/projects/airflow/venv/lib/python3.9/site-packages/airflow/example_dags/example_trigger_target_dag.py
[2021-02-28 09:13:04,034] {logging_mixin.py:104} INFO - [2021-02-28 09:13:04,034] {dag.py:1818} INFO - Sync 1 DAGs
[2021-02-28 09:13:04,039] {logging_mixin.py:104} INFO - [2021-02-28 09:13:04,039] {dag.py:2273} INFO - Setting next_dagrun for example_trigger_target_dag to None
[2021-02-28 09:13:04,043] {scheduler_job.py:190} INFO - Processing /Users/yuyatinnefeld/Desktop/projects/airflow/venv/lib/python3.9/site-packages/airflow/example_dags/example_trigger_target_dag.py took 0.040 seconds
[2021-02-28 09:13:48,455] {scheduler_job.py:182} INFO - Started process (PID=34962) to work on /Users/yuyatinnefeld/Desktop/projects/airflow/venv/lib/python3.9/site-packages/airflow/example_dags/example_trigger_target_dag.py
[2021-02-28 09:13:48,457] {scheduler_job.py:629} INFO - Processing file /Users/yuyatinnefeld/Desktop/projects/airflow/venv/lib/python3.9/site-packages/airflow/example_dags/example_trigger_target_dag.py for tasks to queue
[2021-02-28 09:13:48,458] {logging_mixin.py:104} INFO - [2021-02-28 09:13:48,458] {dagbag.py:448} INFO - Filling up the DagBag from /Users/yuyatinnefeld/Desktop/projects/airflow/venv/lib/python3.9/site-packages/airflow/example_dags/example_trigger_target_dag.py
[2021-02-28 09:13:48,467] {scheduler_job.py:639} INFO - DAG(s) dict_keys(['example_trigger_target_dag']) retrieved from /Users/yuyatinnefeld/Desktop/projects/airflow/venv/lib/python3.9/site-packages/airflow/example_dags/example_trigger_target_dag.py
[2021-02-28 09:13:48,490] {logging_mixin.py:104} INFO - [2021-02-28 09:13:48,490] {dag.py:1818} INFO - Sync 1 DAGs
[2021-02-28 09:13:48,496] {logging_mixin.py:104} INFO - [2021-02-28 09:13:48,496] {dag.py:2273} INFO - Setting next_dagrun for example_trigger_target_dag to None
[2021-02-28 09:13:48,500] {scheduler_job.py:190} INFO - Processing /Users/yuyatinnefeld/Desktop/projects/airflow/venv/lib/python3.9/site-packages/airflow/example_dags/example_trigger_target_dag.py took 0.045 seconds
[2021-02-28 09:14:35,367] {scheduler_job.py:182} INFO - Started process (PID=35024) to work on /Users/yuyatinnefeld/Desktop/projects/airflow/venv/lib/python3.9/site-packages/airflow/example_dags/example_trigger_target_dag.py
[2021-02-28 09:14:35,369] {scheduler_job.py:629} INFO - Processing file /Users/yuyatinnefeld/Desktop/projects/airflow/venv/lib/python3.9/site-packages/airflow/example_dags/example_trigger_target_dag.py for tasks to queue
[2021-02-28 09:14:35,369] {logging_mixin.py:104} INFO - [2021-02-28 09:14:35,369] {dagbag.py:448} INFO - Filling up the DagBag from /Users/yuyatinnefeld/Desktop/projects/airflow/venv/lib/python3.9/site-packages/airflow/example_dags/example_trigger_target_dag.py
[2021-02-28 09:14:35,376] {scheduler_job.py:639} INFO - DAG(s) dict_keys(['example_trigger_target_dag']) retrieved from /Users/yuyatinnefeld/Desktop/projects/airflow/venv/lib/python3.9/site-packages/airflow/example_dags/example_trigger_target_dag.py
[2021-02-28 09:14:35,398] {logging_mixin.py:104} INFO - [2021-02-28 09:14:35,398] {dag.py:1818} INFO - Sync 1 DAGs
[2021-02-28 09:14:35,404] {logging_mixin.py:104} INFO - [2021-02-28 09:14:35,403] {dag.py:2273} INFO - Setting next_dagrun for example_trigger_target_dag to None
[2021-02-28 09:14:35,407] {scheduler_job.py:190} INFO - Processing /Users/yuyatinnefeld/Desktop/projects/airflow/venv/lib/python3.9/site-packages/airflow/example_dags/example_trigger_target_dag.py took 0.041 seconds
[2021-02-28 09:15:22,124] {scheduler_job.py:182} INFO - Started process (PID=35112) to work on /Users/yuyatinnefeld/Desktop/projects/airflow/venv/lib/python3.9/site-packages/airflow/example_dags/example_trigger_target_dag.py
[2021-02-28 09:15:22,126] {scheduler_job.py:629} INFO - Processing file /Users/yuyatinnefeld/Desktop/projects/airflow/venv/lib/python3.9/site-packages/airflow/example_dags/example_trigger_target_dag.py for tasks to queue
[2021-02-28 09:15:22,127] {logging_mixin.py:104} INFO - [2021-02-28 09:15:22,127] {dagbag.py:448} INFO - Filling up the DagBag from /Users/yuyatinnefeld/Desktop/projects/airflow/venv/lib/python3.9/site-packages/airflow/example_dags/example_trigger_target_dag.py
[2021-02-28 09:15:22,136] {scheduler_job.py:639} INFO - DAG(s) dict_keys(['example_trigger_target_dag']) retrieved from /Users/yuyatinnefeld/Desktop/projects/airflow/venv/lib/python3.9/site-packages/airflow/example_dags/example_trigger_target_dag.py
[2021-02-28 09:15:22,161] {logging_mixin.py:104} INFO - [2021-02-28 09:15:22,160] {dag.py:1818} INFO - Sync 1 DAGs
[2021-02-28 09:15:22,166] {logging_mixin.py:104} INFO - [2021-02-28 09:15:22,166] {dag.py:2273} INFO - Setting next_dagrun for example_trigger_target_dag to None
[2021-02-28 09:15:22,171] {scheduler_job.py:190} INFO - Processing /Users/yuyatinnefeld/Desktop/projects/airflow/venv/lib/python3.9/site-packages/airflow/example_dags/example_trigger_target_dag.py took 0.047 seconds
