[2021-02-28 13:01:35,636] {taskinstance.py:851} INFO - Dependencies all met for <TaskInstance: bitcoin_price_dag.creating_table 2021-02-27T00:00:00+00:00 [queued]>
[2021-02-28 13:01:35,645] {taskinstance.py:851} INFO - Dependencies all met for <TaskInstance: bitcoin_price_dag.creating_table 2021-02-27T00:00:00+00:00 [queued]>
[2021-02-28 13:01:35,645] {taskinstance.py:1042} INFO - 
--------------------------------------------------------------------------------
[2021-02-28 13:01:35,645] {taskinstance.py:1043} INFO - Starting attempt 1 of 1
[2021-02-28 13:01:35,645] {taskinstance.py:1044} INFO - 
--------------------------------------------------------------------------------
[2021-02-28 13:01:35,654] {taskinstance.py:1063} INFO - Executing <Task(SqliteOperator): creating_table> on 2021-02-27T00:00:00+00:00
[2021-02-28 13:01:35,657] {standard_task_runner.py:52} INFO - Started process 39925 to run task
[2021-02-28 13:01:35,669] {standard_task_runner.py:76} INFO - Running: ['airflow', 'tasks', 'run', 'bitcoin_price_dag', 'creating_table', '2021-02-27T00:00:00+00:00', '--job-id', '3', '--pool', 'default_pool', '--raw', '--subdir', 'DAGS_FOLDER/bitcoin_price_dag.py', '--cfg-path', '/var/folders/fh/z0rf64gj7d93005s7pxrkwm40000gn/T/tmpcsngwzym', '--error-file', '/var/folders/fh/z0rf64gj7d93005s7pxrkwm40000gn/T/tmpk9hr3gzg']
[2021-02-28 13:01:35,672] {standard_task_runner.py:77} INFO - Job 3: Subtask creating_table
[2021-02-28 13:01:35,714] {logging_mixin.py:104} INFO - Running <TaskInstance: bitcoin_price_dag.creating_table 2021-02-27T00:00:00+00:00 [running]> on host 120.0.168.192.in-addr.arpa
[2021-02-28 13:01:35,744] {taskinstance.py:1255} INFO - Exporting the following env vars:
AIRFLOW_CTX_DAG_OWNER=airflow
AIRFLOW_CTX_DAG_ID=bitcoin_price_dag
AIRFLOW_CTX_TASK_ID=creating_table
AIRFLOW_CTX_EXECUTION_DATE=2021-02-27T00:00:00+00:00
AIRFLOW_CTX_DAG_RUN_ID=scheduled__2021-02-27T00:00:00+00:00
[2021-02-28 13:01:35,745] {sqlite.py:63} INFO - Executing: 
            CREATE TABLE IF NOT EXISTS bitcoin(
                date TEXT NOT NULL PRIMARY KEY,
                euro INTEGER NOT NULL,
                doller INTEGER NOT NULL,
                yen INTEGER NOT NULL
            );
            
[2021-02-28 13:01:35,749] {base.py:65} INFO - Using connection to: id: db_sqlite. Host: /Users/yuyatinnefeld/Desktop/projects/airflow/airflow.db, Port: None, Schema: , Login: , Password: None, extra: None
[2021-02-28 13:01:35,750] {dbapi.py:180} INFO - Running statement: 
            CREATE TABLE IF NOT EXISTS bitcoin(
                date TEXT NOT NULL PRIMARY KEY,
                euro INTEGER NOT NULL,
                doller INTEGER NOT NULL,
                yen INTEGER NOT NULL
            );
            , parameters: []
[2021-02-28 13:01:35,750] {dbapi.py:186} INFO - Rows affected: -1
[2021-02-28 13:01:35,754] {taskinstance.py:1159} INFO - Marking task as SUCCESS. dag_id=bitcoin_price_dag, task_id=creating_table, execution_date=20210227T000000, start_date=20210228T120135, end_date=20210228T120135
[2021-02-28 13:01:35,771] {taskinstance.py:1220} INFO - 1 downstream tasks scheduled from follow-on schedule check
[2021-02-28 13:01:35,802] {local_task_job.py:146} INFO - Task exited with return code 0
[2021-02-28 13:05:34,800] {taskinstance.py:851} INFO - Dependencies all met for <TaskInstance: bitcoin_price_dag.creating_table 2021-02-27T00:00:00+00:00 [queued]>
[2021-02-28 13:05:34,806] {taskinstance.py:851} INFO - Dependencies all met for <TaskInstance: bitcoin_price_dag.creating_table 2021-02-27T00:00:00+00:00 [queued]>
[2021-02-28 13:05:34,806] {taskinstance.py:1042} INFO - 
--------------------------------------------------------------------------------
[2021-02-28 13:05:34,806] {taskinstance.py:1043} INFO - Starting attempt 1 of 1
[2021-02-28 13:05:34,806] {taskinstance.py:1044} INFO - 
--------------------------------------------------------------------------------
[2021-02-28 13:05:34,812] {taskinstance.py:1063} INFO - Executing <Task(SqliteOperator): creating_table> on 2021-02-27T00:00:00+00:00
[2021-02-28 13:05:34,814] {standard_task_runner.py:52} INFO - Started process 40031 to run task
[2021-02-28 13:05:34,821] {standard_task_runner.py:76} INFO - Running: ['airflow', 'tasks', 'run', 'bitcoin_price_dag', 'creating_table', '2021-02-27T00:00:00+00:00', '--job-id', '4', '--pool', 'default_pool', '--raw', '--subdir', 'DAGS_FOLDER/bitcoin_price_dag.py', '--cfg-path', '/var/folders/fh/z0rf64gj7d93005s7pxrkwm40000gn/T/tmpz3rs6p8p', '--error-file', '/var/folders/fh/z0rf64gj7d93005s7pxrkwm40000gn/T/tmpvs6ph0eh']
[2021-02-28 13:05:34,823] {standard_task_runner.py:77} INFO - Job 4: Subtask creating_table
[2021-02-28 13:05:34,857] {logging_mixin.py:104} INFO - Running <TaskInstance: bitcoin_price_dag.creating_table 2021-02-27T00:00:00+00:00 [running]> on host 120.0.168.192.in-addr.arpa
[2021-02-28 13:05:34,886] {taskinstance.py:1255} INFO - Exporting the following env vars:
AIRFLOW_CTX_DAG_OWNER=airflow
AIRFLOW_CTX_DAG_ID=bitcoin_price_dag
AIRFLOW_CTX_TASK_ID=creating_table
AIRFLOW_CTX_EXECUTION_DATE=2021-02-27T00:00:00+00:00
AIRFLOW_CTX_DAG_RUN_ID=scheduled__2021-02-27T00:00:00+00:00
[2021-02-28 13:05:34,887] {sqlite.py:63} INFO - Executing: 
            CREATE TABLE IF NOT EXISTS bitcoin(
                date TEXT NOT NULL PRIMARY KEY,
                euro INTEGER NOT NULL,
                doller INTEGER NOT NULL,
                yen INTEGER NOT NULL
            );
            
[2021-02-28 13:05:34,891] {base.py:65} INFO - Using connection to: id: db_sqlite. Host: /Users/yuyatinnefeld/Desktop/projects/airflow/airflow.db, Port: None, Schema: , Login: , Password: None, extra: None
[2021-02-28 13:05:34,892] {dbapi.py:180} INFO - Running statement: 
            CREATE TABLE IF NOT EXISTS bitcoin(
                date TEXT NOT NULL PRIMARY KEY,
                euro INTEGER NOT NULL,
                doller INTEGER NOT NULL,
                yen INTEGER NOT NULL
            );
            , parameters: []
[2021-02-28 13:05:34,893] {dbapi.py:186} INFO - Rows affected: -1
[2021-02-28 13:05:34,897] {taskinstance.py:1159} INFO - Marking task as SUCCESS. dag_id=bitcoin_price_dag, task_id=creating_table, execution_date=20210227T000000, start_date=20210228T120534, end_date=20210228T120534
[2021-02-28 13:05:34,912] {taskinstance.py:1220} INFO - 1 downstream tasks scheduled from follow-on schedule check
[2021-02-28 13:05:34,960] {local_task_job.py:146} INFO - Task exited with return code 0
