[2021-02-28 13:05:36,424] {taskinstance.py:851} INFO - Dependencies all met for <TaskInstance: bitcoin_price_dag.extracting_price 2021-02-27T00:00:00+00:00 [queued]>
[2021-02-28 13:05:36,428] {taskinstance.py:851} INFO - Dependencies all met for <TaskInstance: bitcoin_price_dag.extracting_price 2021-02-27T00:00:00+00:00 [queued]>
[2021-02-28 13:05:36,428] {taskinstance.py:1042} INFO - 
--------------------------------------------------------------------------------
[2021-02-28 13:05:36,429] {taskinstance.py:1043} INFO - Starting attempt 1 of 1
[2021-02-28 13:05:36,429] {taskinstance.py:1044} INFO - 
--------------------------------------------------------------------------------
[2021-02-28 13:05:36,437] {taskinstance.py:1063} INFO - Executing <Task(SimpleHttpOperator): extracting_price> on 2021-02-27T00:00:00+00:00
[2021-02-28 13:05:36,439] {standard_task_runner.py:52} INFO - Started process 40033 to run task
[2021-02-28 13:05:36,446] {standard_task_runner.py:76} INFO - Running: ['airflow', 'tasks', 'run', 'bitcoin_price_dag', 'extracting_price', '2021-02-27T00:00:00+00:00', '--job-id', '5', '--pool', 'default_pool', '--raw', '--subdir', 'DAGS_FOLDER/bitcoin_price_dag.py', '--cfg-path', '/var/folders/fh/z0rf64gj7d93005s7pxrkwm40000gn/T/tmp5l03p2sp', '--error-file', '/var/folders/fh/z0rf64gj7d93005s7pxrkwm40000gn/T/tmppzsomm1v']
[2021-02-28 13:05:36,448] {standard_task_runner.py:77} INFO - Job 5: Subtask extracting_price
[2021-02-28 13:05:36,482] {logging_mixin.py:104} INFO - Running <TaskInstance: bitcoin_price_dag.extracting_price 2021-02-27T00:00:00+00:00 [running]> on host 120.0.168.192.in-addr.arpa
[2021-02-28 13:05:36,511] {taskinstance.py:1255} INFO - Exporting the following env vars:
AIRFLOW_CTX_DAG_OWNER=airflow
AIRFLOW_CTX_DAG_ID=bitcoin_price_dag
AIRFLOW_CTX_TASK_ID=extracting_price
AIRFLOW_CTX_EXECUTION_DATE=2021-02-27T00:00:00+00:00
AIRFLOW_CTX_DAG_RUN_ID=scheduled__2021-02-27T00:00:00+00:00
[2021-02-28 13:05:36,512] {http.py:106} INFO - Calling HTTP method
[2021-02-28 13:05:36,515] {base.py:65} INFO - Using connection to: id: bitcoin_api. Host: http://blockchain.info, Port: None, Schema: , Login: , Password: None, extra: None
[2021-02-28 13:05:36,517] {http.py:140} INFO - Sending 'GET' to url: http://blockchain.info/ticker
[2021-02-28 13:05:36,620] {local_task_job.py:146} INFO - Task exited with return code Negsignal.SIGABRT
