[2021-02-28 09:11:47,694] {scheduler_job.py:182} INFO - Started process (PID=34671) to work on /Users/yuyatinnefeld/Desktop/projects/airflow/venv/lib/python3.9/site-packages/airflow/example_dags/subdags/subdag.py
[2021-02-28 09:11:47,694] {scheduler_job.py:629} INFO - Processing file /Users/yuyatinnefeld/Desktop/projects/airflow/venv/lib/python3.9/site-packages/airflow/example_dags/subdags/subdag.py for tasks to queue
[2021-02-28 09:11:47,695] {logging_mixin.py:104} INFO - [2021-02-28 09:11:47,694] {dagbag.py:448} INFO - Filling up the DagBag from /Users/yuyatinnefeld/Desktop/projects/airflow/venv/lib/python3.9/site-packages/airflow/example_dags/subdags/subdag.py
[2021-02-28 09:11:47,697] {scheduler_job.py:641} WARNING - No viable dags retrieved from /Users/yuyatinnefeld/Desktop/projects/airflow/venv/lib/python3.9/site-packages/airflow/example_dags/subdags/subdag.py
[2021-02-28 09:11:47,718] {scheduler_job.py:190} INFO - Processing /Users/yuyatinnefeld/Desktop/projects/airflow/venv/lib/python3.9/site-packages/airflow/example_dags/subdags/subdag.py took 0.025 seconds
[2021-02-28 09:12:31,363] {scheduler_job.py:182} INFO - Started process (PID=34785) to work on /Users/yuyatinnefeld/Desktop/projects/airflow/venv/lib/python3.9/site-packages/airflow/example_dags/subdags/subdag.py
[2021-02-28 09:12:31,365] {scheduler_job.py:629} INFO - Processing file /Users/yuyatinnefeld/Desktop/projects/airflow/venv/lib/python3.9/site-packages/airflow/example_dags/subdags/subdag.py for tasks to queue
[2021-02-28 09:12:31,368] {logging_mixin.py:104} INFO - [2021-02-28 09:12:31,368] {dagbag.py:448} INFO - Filling up the DagBag from /Users/yuyatinnefeld/Desktop/projects/airflow/venv/lib/python3.9/site-packages/airflow/example_dags/subdags/subdag.py
[2021-02-28 09:12:31,371] {scheduler_job.py:641} WARNING - No viable dags retrieved from /Users/yuyatinnefeld/Desktop/projects/airflow/venv/lib/python3.9/site-packages/airflow/example_dags/subdags/subdag.py
[2021-02-28 09:12:31,408] {scheduler_job.py:190} INFO - Processing /Users/yuyatinnefeld/Desktop/projects/airflow/venv/lib/python3.9/site-packages/airflow/example_dags/subdags/subdag.py took 0.046 seconds
[2021-02-28 09:13:17,503] {scheduler_job.py:182} INFO - Started process (PID=34926) to work on /Users/yuyatinnefeld/Desktop/projects/airflow/venv/lib/python3.9/site-packages/airflow/example_dags/subdags/subdag.py
[2021-02-28 09:13:17,503] {scheduler_job.py:629} INFO - Processing file /Users/yuyatinnefeld/Desktop/projects/airflow/venv/lib/python3.9/site-packages/airflow/example_dags/subdags/subdag.py for tasks to queue
[2021-02-28 09:13:17,503] {logging_mixin.py:104} INFO - [2021-02-28 09:13:17,503] {dagbag.py:448} INFO - Filling up the DagBag from /Users/yuyatinnefeld/Desktop/projects/airflow/venv/lib/python3.9/site-packages/airflow/example_dags/subdags/subdag.py
[2021-02-28 09:13:17,504] {scheduler_job.py:641} WARNING - No viable dags retrieved from /Users/yuyatinnefeld/Desktop/projects/airflow/venv/lib/python3.9/site-packages/airflow/example_dags/subdags/subdag.py
[2021-02-28 09:13:17,524] {scheduler_job.py:190} INFO - Processing /Users/yuyatinnefeld/Desktop/projects/airflow/venv/lib/python3.9/site-packages/airflow/example_dags/subdags/subdag.py took 0.022 seconds
[2021-02-28 09:14:02,483] {scheduler_job.py:182} INFO - Started process (PID=34979) to work on /Users/yuyatinnefeld/Desktop/projects/airflow/venv/lib/python3.9/site-packages/airflow/example_dags/subdags/subdag.py
[2021-02-28 09:14:02,485] {scheduler_job.py:629} INFO - Processing file /Users/yuyatinnefeld/Desktop/projects/airflow/venv/lib/python3.9/site-packages/airflow/example_dags/subdags/subdag.py for tasks to queue
[2021-02-28 09:14:02,485] {logging_mixin.py:104} INFO - [2021-02-28 09:14:02,485] {dagbag.py:448} INFO - Filling up the DagBag from /Users/yuyatinnefeld/Desktop/projects/airflow/venv/lib/python3.9/site-packages/airflow/example_dags/subdags/subdag.py
[2021-02-28 09:14:02,487] {scheduler_job.py:641} WARNING - No viable dags retrieved from /Users/yuyatinnefeld/Desktop/projects/airflow/venv/lib/python3.9/site-packages/airflow/example_dags/subdags/subdag.py
[2021-02-28 09:14:02,506] {scheduler_job.py:190} INFO - Processing /Users/yuyatinnefeld/Desktop/projects/airflow/venv/lib/python3.9/site-packages/airflow/example_dags/subdags/subdag.py took 0.024 seconds
[2021-02-28 09:14:49,119] {scheduler_job.py:182} INFO - Started process (PID=35033) to work on /Users/yuyatinnefeld/Desktop/projects/airflow/venv/lib/python3.9/site-packages/airflow/example_dags/subdags/subdag.py
[2021-02-28 09:14:49,120] {scheduler_job.py:629} INFO - Processing file /Users/yuyatinnefeld/Desktop/projects/airflow/venv/lib/python3.9/site-packages/airflow/example_dags/subdags/subdag.py for tasks to queue
[2021-02-28 09:14:49,121] {logging_mixin.py:104} INFO - [2021-02-28 09:14:49,121] {dagbag.py:448} INFO - Filling up the DagBag from /Users/yuyatinnefeld/Desktop/projects/airflow/venv/lib/python3.9/site-packages/airflow/example_dags/subdags/subdag.py
[2021-02-28 09:14:49,122] {scheduler_job.py:641} WARNING - No viable dags retrieved from /Users/yuyatinnefeld/Desktop/projects/airflow/venv/lib/python3.9/site-packages/airflow/example_dags/subdags/subdag.py
[2021-02-28 09:14:49,142] {scheduler_job.py:190} INFO - Processing /Users/yuyatinnefeld/Desktop/projects/airflow/venv/lib/python3.9/site-packages/airflow/example_dags/subdags/subdag.py took 0.023 seconds
[2021-02-28 09:15:35,812] {scheduler_job.py:182} INFO - Started process (PID=35124) to work on /Users/yuyatinnefeld/Desktop/projects/airflow/venv/lib/python3.9/site-packages/airflow/example_dags/subdags/subdag.py
[2021-02-28 09:15:35,814] {scheduler_job.py:629} INFO - Processing file /Users/yuyatinnefeld/Desktop/projects/airflow/venv/lib/python3.9/site-packages/airflow/example_dags/subdags/subdag.py for tasks to queue
[2021-02-28 09:15:35,814] {logging_mixin.py:104} INFO - [2021-02-28 09:15:35,814] {dagbag.py:448} INFO - Filling up the DagBag from /Users/yuyatinnefeld/Desktop/projects/airflow/venv/lib/python3.9/site-packages/airflow/example_dags/subdags/subdag.py
[2021-02-28 09:15:35,816] {scheduler_job.py:641} WARNING - No viable dags retrieved from /Users/yuyatinnefeld/Desktop/projects/airflow/venv/lib/python3.9/site-packages/airflow/example_dags/subdags/subdag.py
[2021-02-28 09:15:35,836] {scheduler_job.py:190} INFO - Processing /Users/yuyatinnefeld/Desktop/projects/airflow/venv/lib/python3.9/site-packages/airflow/example_dags/subdags/subdag.py took 0.025 seconds
