[2021-02-28 13:01:37,423] {taskinstance.py:851} INFO - Dependencies all met for <TaskInstance: bitcoin_price_dag.is_api_available 2021-02-27T00:00:00+00:00 [queued]>
[2021-02-28 13:01:37,427] {taskinstance.py:851} INFO - Dependencies all met for <TaskInstance: bitcoin_price_dag.is_api_available 2021-02-27T00:00:00+00:00 [queued]>
[2021-02-28 13:01:37,427] {taskinstance.py:1042} INFO - 
--------------------------------------------------------------------------------
[2021-02-28 13:01:37,427] {taskinstance.py:1043} INFO - Starting attempt 1 of 1
[2021-02-28 13:01:37,427] {taskinstance.py:1044} INFO - 
--------------------------------------------------------------------------------
[2021-02-28 13:01:37,432] {taskinstance.py:1063} INFO - Executing <Task(HttpSensor): is_api_available> on 2021-02-27T00:00:00+00:00
[2021-02-28 13:01:37,434] {standard_task_runner.py:52} INFO - Started process 39927 to run task
[2021-02-28 13:01:37,443] {standard_task_runner.py:76} INFO - Running: ['airflow', 'tasks', 'run', 'bitcoin_price_dag', 'is_api_available', '2021-02-27T00:00:00+00:00', '--job-id', '4', '--pool', 'default_pool', '--raw', '--subdir', 'DAGS_FOLDER/bitcoin_price_dag.py', '--cfg-path', '/var/folders/fh/z0rf64gj7d93005s7pxrkwm40000gn/T/tmp29c0qlkb', '--error-file', '/var/folders/fh/z0rf64gj7d93005s7pxrkwm40000gn/T/tmpjjfdsczj']
[2021-02-28 13:01:37,446] {standard_task_runner.py:77} INFO - Job 4: Subtask is_api_available
[2021-02-28 13:01:37,485] {logging_mixin.py:104} INFO - Running <TaskInstance: bitcoin_price_dag.is_api_available 2021-02-27T00:00:00+00:00 [running]> on host 120.0.168.192.in-addr.arpa
[2021-02-28 13:01:37,515] {taskinstance.py:1255} INFO - Exporting the following env vars:
AIRFLOW_CTX_DAG_OWNER=airflow
AIRFLOW_CTX_DAG_ID=bitcoin_price_dag
AIRFLOW_CTX_TASK_ID=is_api_available
AIRFLOW_CTX_EXECUTION_DATE=2021-02-27T00:00:00+00:00
AIRFLOW_CTX_DAG_RUN_ID=scheduled__2021-02-27T00:00:00+00:00
[2021-02-28 13:01:37,517] {http.py:102} INFO - Poking: ticker
[2021-02-28 13:01:37,522] {base.py:65} INFO - Using connection to: id: bitcoin_api. Host: http://blockchain.info, Port: None, Schema: , Login: , Password: None, extra: None
[2021-02-28 13:01:37,525] {http.py:140} INFO - Sending 'GET' to url: http://blockchain.info/ticker
[2021-02-28 13:01:37,629] {local_task_job.py:146} INFO - Task exited with return code Negsignal.SIGABRT
[2021-02-28 13:10:30,268] {taskinstance.py:851} INFO - Dependencies all met for <TaskInstance: bitcoin_price_dag.is_api_available 2021-02-27T00:00:00+00:00 [queued]>
[2021-02-28 13:10:30,275] {taskinstance.py:851} INFO - Dependencies all met for <TaskInstance: bitcoin_price_dag.is_api_available 2021-02-27T00:00:00+00:00 [queued]>
[2021-02-28 13:10:30,275] {taskinstance.py:1042} INFO - 
--------------------------------------------------------------------------------
[2021-02-28 13:10:30,275] {taskinstance.py:1043} INFO - Starting attempt 1 of 1
[2021-02-28 13:10:30,275] {taskinstance.py:1044} INFO - 
--------------------------------------------------------------------------------
[2021-02-28 13:10:30,282] {taskinstance.py:1063} INFO - Executing <Task(HttpSensor): is_api_available> on 2021-02-27T00:00:00+00:00
[2021-02-28 13:10:30,284] {standard_task_runner.py:52} INFO - Started process 40137 to run task
[2021-02-28 13:10:30,291] {standard_task_runner.py:76} INFO - Running: ['airflow', 'tasks', 'run', 'bitcoin_price_dag', 'is_api_available', '2021-02-27T00:00:00+00:00', '--job-id', '11', '--pool', 'default_pool', '--raw', '--subdir', 'DAGS_FOLDER/bitcoin_price_dag.py', '--cfg-path', '/var/folders/fh/z0rf64gj7d93005s7pxrkwm40000gn/T/tmpzk07i2pf', '--error-file', '/var/folders/fh/z0rf64gj7d93005s7pxrkwm40000gn/T/tmp15a54634']
[2021-02-28 13:10:30,292] {standard_task_runner.py:77} INFO - Job 11: Subtask is_api_available
[2021-02-28 13:10:30,324] {logging_mixin.py:104} INFO - Running <TaskInstance: bitcoin_price_dag.is_api_available 2021-02-27T00:00:00+00:00 [running]> on host 120.0.168.192.in-addr.arpa
[2021-02-28 13:10:30,352] {taskinstance.py:1255} INFO - Exporting the following env vars:
AIRFLOW_CTX_DAG_OWNER=airflow
AIRFLOW_CTX_DAG_ID=bitcoin_price_dag
AIRFLOW_CTX_TASK_ID=is_api_available
AIRFLOW_CTX_EXECUTION_DATE=2021-02-27T00:00:00+00:00
AIRFLOW_CTX_DAG_RUN_ID=scheduled__2021-02-27T00:00:00+00:00
[2021-02-28 13:10:30,353] {http.py:102} INFO - Poking: ticker
[2021-02-28 13:10:30,357] {base.py:65} INFO - Using connection to: id: bitcoin_api. Host: http://blockchain.info/, Port: None, Schema: , Login: , Password: None, extra: None
[2021-02-28 13:10:30,359] {http.py:140} INFO - Sending 'GET' to url: http://blockchain.info/ticker
[2021-02-28 13:10:30,468] {local_task_job.py:146} INFO - Task exited with return code Negsignal.SIGABRT
