[2021-02-28 09:17:32,617] {taskinstance.py:851} INFO - Dependencies all met for <TaskInstance: my_first_dag.create_sample_file2 2021-02-28T08:17:29.654611+00:00 [queued]>
[2021-02-28 09:17:32,622] {taskinstance.py:851} INFO - Dependencies all met for <TaskInstance: my_first_dag.create_sample_file2 2021-02-28T08:17:29.654611+00:00 [queued]>
[2021-02-28 09:17:32,623] {taskinstance.py:1042} INFO - 
--------------------------------------------------------------------------------
[2021-02-28 09:17:32,623] {taskinstance.py:1043} INFO - Starting attempt 1 of 1
[2021-02-28 09:17:32,623] {taskinstance.py:1044} INFO - 
--------------------------------------------------------------------------------
[2021-02-28 09:17:32,628] {taskinstance.py:1063} INFO - Executing <Task(PythonOperator): create_sample_file2> on 2021-02-28T08:17:29.654611+00:00
[2021-02-28 09:17:32,630] {standard_task_runner.py:52} INFO - Started process 35228 to run task
[2021-02-28 09:17:32,637] {standard_task_runner.py:76} INFO - Running: ['airflow', 'tasks', 'run', 'my_first_dag', 'create_sample_file2', '2021-02-28T08:17:29.654611+00:00', '--job-id', '12', '--pool', 'default_pool', '--raw', '--subdir', 'DAGS_FOLDER/my_first_dag.py', '--cfg-path', '/var/folders/fh/z0rf64gj7d93005s7pxrkwm40000gn/T/tmpd296qktc', '--error-file', '/var/folders/fh/z0rf64gj7d93005s7pxrkwm40000gn/T/tmpzjnfe5ua']
[2021-02-28 09:17:32,638] {standard_task_runner.py:77} INFO - Job 12: Subtask create_sample_file2
[2021-02-28 09:17:32,666] {logging_mixin.py:104} INFO - Running <TaskInstance: my_first_dag.create_sample_file2 2021-02-28T08:17:29.654611+00:00 [running]> on host 120.0.168.192.in-addr.arpa
[2021-02-28 09:17:32,688] {taskinstance.py:1255} INFO - Exporting the following env vars:
AIRFLOW_CTX_DAG_OWNER=airflow
AIRFLOW_CTX_DAG_ID=my_first_dag
AIRFLOW_CTX_TASK_ID=create_sample_file2
AIRFLOW_CTX_EXECUTION_DATE=2021-02-28T08:17:29.654611+00:00
AIRFLOW_CTX_DAG_RUN_ID=manual__2021-02-28T08:17:29.654611+00:00
[2021-02-28 09:17:32,690] {python.py:118} INFO - Done. Returned value was: None
[2021-02-28 09:17:32,694] {taskinstance.py:1159} INFO - Marking task as SUCCESS. dag_id=my_first_dag, task_id=create_sample_file2, execution_date=20210228T081729, start_date=20210228T081732, end_date=20210228T081732
[2021-02-28 09:17:32,707] {taskinstance.py:1220} INFO - 1 downstream tasks scheduled from follow-on schedule check
[2021-02-28 09:17:32,732] {local_task_job.py:146} INFO - Task exited with return code 0
