[2021-02-28 09:16:36,228] {taskinstance.py:851} INFO - Dependencies all met for <TaskInstance: my_first_dag.create_sample_file3 2021-02-28T08:10:00+00:00 [queued]>
[2021-02-28 09:16:36,232] {taskinstance.py:851} INFO - Dependencies all met for <TaskInstance: my_first_dag.create_sample_file3 2021-02-28T08:10:00+00:00 [queued]>
[2021-02-28 09:16:36,232] {taskinstance.py:1042} INFO - 
--------------------------------------------------------------------------------
[2021-02-28 09:16:36,232] {taskinstance.py:1043} INFO - Starting attempt 1 of 1
[2021-02-28 09:16:36,232] {taskinstance.py:1044} INFO - 
--------------------------------------------------------------------------------
[2021-02-28 09:16:36,238] {taskinstance.py:1063} INFO - Executing <Task(PythonOperator): create_sample_file3> on 2021-02-28T08:10:00+00:00
[2021-02-28 09:16:36,239] {standard_task_runner.py:52} INFO - Started process 35190 to run task
[2021-02-28 09:16:36,246] {standard_task_runner.py:76} INFO - Running: ['airflow', 'tasks', 'run', 'my_first_dag', 'create_sample_file3', '2021-02-28T08:10:00+00:00', '--job-id', '7', '--pool', 'default_pool', '--raw', '--subdir', 'DAGS_FOLDER/my_first_dag.py', '--cfg-path', '/var/folders/fh/z0rf64gj7d93005s7pxrkwm40000gn/T/tmp6rqmklw7', '--error-file', '/var/folders/fh/z0rf64gj7d93005s7pxrkwm40000gn/T/tmp2kkqff4v']
[2021-02-28 09:16:36,247] {standard_task_runner.py:77} INFO - Job 7: Subtask create_sample_file3
[2021-02-28 09:16:36,278] {logging_mixin.py:104} INFO - Running <TaskInstance: my_first_dag.create_sample_file3 2021-02-28T08:10:00+00:00 [running]> on host 120.0.168.192.in-addr.arpa
[2021-02-28 09:16:36,302] {taskinstance.py:1255} INFO - Exporting the following env vars:
AIRFLOW_CTX_DAG_OWNER=airflow
AIRFLOW_CTX_DAG_ID=my_first_dag
AIRFLOW_CTX_TASK_ID=create_sample_file3
AIRFLOW_CTX_EXECUTION_DATE=2021-02-28T08:10:00+00:00
AIRFLOW_CTX_DAG_RUN_ID=scheduled__2021-02-28T08:10:00+00:00
[2021-02-28 09:16:36,303] {python.py:118} INFO - Done. Returned value was: None
[2021-02-28 09:16:36,306] {taskinstance.py:1159} INFO - Marking task as SUCCESS. dag_id=my_first_dag, task_id=create_sample_file3, execution_date=20210228T081000, start_date=20210228T081636, end_date=20210228T081636
[2021-02-28 09:16:36,316] {taskinstance.py:1220} INFO - 0 downstream tasks scheduled from follow-on schedule check
[2021-02-28 09:16:36,339] {local_task_job.py:146} INFO - Task exited with return code 0
